{
  "status": "PASS",
  "files": 207,
  "bytes": 29618279,
  "destination": "/root/autodl-tmp/srsc_lite_v12_github"
}
[main 0e41cf8] backup: reproducible snapshot 2026-07-18T13:37:50.039579+00:00
 12 files changed, 155 insertions(+), 56 deletions(-)
 create mode 100644 artifacts/logs/github_backup.log
 create mode 100644 artifacts/metrics/stage_a_epoch145_trend.json
* Request at 2026-07-18 21:37:50.112600065 +0800 CST m=+0.014033585
* Request to https://api.github.com/
* Request took 2.776154066s
* Request at 2026-07-18 21:37:52.889188762 +0800 CST m=+2.790622321
* Request to https://api.github.com/graphql
* Request took 520.368636ms
github.com
  ✓ Logged in to github.com as emma-sue (/root/.config/gh/hosts.yml)
  ✓ Git operations for github.com configured to use https protocol.
  ✓ Token: *******************
  
[git config --global --replace-all credential.https://github.com.helper ]
[git config --global --add credential.https://github.com.helper !/usr/bin/gh auth git-credential]
To https://github.com/emma-sue/aaa.git
   ebe9a11..0e41cf8  main -> main
Branch 'main' set up to track remote branch 'main' from 'origin'.
* Request at 2026-07-18 21:38:04.895639292 +0800 CST m=+0.027276923
* Request to https://api.github.com/repos/emma-sue/aaa/releases
* Request took 1.81430935s
https://github.com/emma-sue/aaa/releases/tag/best-aio3-stage-a-e0145-s0221535
* Request at 2026-07-18 21:38:06.760910289 +0800 CST m=+0.037880091
* Request to https://api.github.com/repos/emma-sue/aaa/releases/tags/best-aio3-stage-a-e0145-s0221535
* Request took 1.345166728s
* Request at 2026-07-18 21:38:08.107013141 +0800 CST m=+1.383982942
* Request at 2026-07-18 21:38:08.107040194 +0800 CST m=+1.384009996
* Request to https://uploads.github.com/repos/emma-sue/aaa/releases/356109840/assets?label=&name=val_epoch145_step0221535.pt.sha256
* Request to https://uploads.github.com/repos/emma-sue/aaa/releases/356109840/assets?label=&name=val_epoch145_step0221535.pt
* Request at 2026-07-18 21:38:08.107244579 +0800 CST m=+1.384214387
* Request to https://uploads.github.com/repos/emma-sue/aaa/releases/356109840/assets?label=&name=val_epoch145_step0221535.pt.json
* Request took 7.695747573s
* Request took 12.207015344s
* Request took 7m45.302987321s
[2026-07-18T13:45:54.111939+00:00] backup iteration FAIL: RuntimeError('Checkpoint changed after snapshot: /root/autodl-tmp/srsc_lite_v12/artifacts/checkpoints/aio3_stage_a_coarse_seed1415926/last.pt')
{
  "status": "PASS",
  "files": 207,
  "bytes": 29639471,
  "destination": "/root/autodl-tmp/srsc_lite_v12_github"
}
[main cf7fa09] backup: reproducible snapshot 2026-07-18T13:46:26.935563+00:00
 10 files changed, 190 insertions(+), 30 deletions(-)
* Request at 2026-07-18 21:46:27.01807103 +0800 CST m=+0.012287881
* Request to https://api.github.com/
* Request took 3.361345064s
* Request at 2026-07-18 21:46:30.3799096 +0800 CST m=+3.374126531
* Request to https://api.github.com/graphql
* Request took 976.859941ms
github.com
  ✓ Logged in to github.com as emma-sue (/root/.config/gh/hosts.yml)
  ✓ Git operations for github.com configured to use https protocol.
  ✓ Token: *******************
  
[git config --global --replace-all credential.https://github.com.helper ]
[git config --global --add credential.https://github.com.helper !/usr/bin/gh auth git-credential]
To https://github.com/emma-sue/aaa.git
   0e41cf8..cf7fa09  main -> main
Branch 'main' set up to track remote branch 'main' from 'origin'.
* Request at 2026-07-18 21:46:40.626045161 +0800 CST m=+0.027441810
* Request to https://api.github.com/repos/emma-sue/aaa/releases
* Request took 2.521687194s
https://github.com/emma-sue/aaa/releases/tag/resume-aio3-stage-a
* Request at 2026-07-18 22:17:48.566055147 +0800 CST m=+0.023561048
* Request to https://api.github.com/repos/emma-sue/aaa/releases
* Request took 2.04955861s
https://github.com/emma-sue/aaa/releases/tag/best-aio3-stage-a-e0115-s0187125
{
  "status": "PASS",
  "files": 205,
  "bytes": 27243939,
  "destination": "/root/autodl-tmp/srsc_lite_v12_github"
}
[main 021c473] backup: reproducible snapshot 2026-07-18T14:20:34.875785+00:00
 46 files changed, 4459 insertions(+), 81318 deletions(-)
 create mode 100644 LICENSE.md
 create mode 100644 artifacts/metrics/stage_a_epoch150_trend.json
 create mode 100644 scripts/preflight_stage_b_runtime.py
 create mode 100755 scripts/reload_github_backup_when_idle.py
 create mode 100644 scripts/stage_b_runtime.py
 create mode 100644 tests/test_stage_b_preflight_worker.py
 create mode 100644 tests/test_stage_b_runtime.py
 delete mode 100644 vendor/autosota/SKILL.md
 delete mode 100644 vendor/r2r/data_dir/gopro/train_gopro.txt
 delete mode 100644 vendor/r2r/data_dir/hazy/hazy_outside.txt
 delete mode 100644 vendor/r2r/data_dir/lol/train_lol.txt
 delete mode 100644 vendor/r2r/data_dir/noisy/denoise.txt
 delete mode 100644 vendor/r2r/data_dir/rainy/rainTrain.txt
 delete mode 100644 vendor/r2r/utils/image_utils.py
 delete mode 100644 vendor/r2r/utils/schedulers.py
 delete mode 100755 vendor/researchstudio/idea_spark_SKILL.md
To https://github.com/emma-sue/aaa.git
   cf7fa09..021c473  main -> main
[2026-07-18T14:20:41.177041+00:00] backup iteration PASS
{
  "status": "PASS",
  "files": 205,
  "bytes": 27247346,
  "destination": "/root/autodl-tmp/srsc_lite_v12_github"
}
[main 2b3d79f] backup: reproducible snapshot 2026-07-18T14:21:45.773682+00:00
 7 files changed, 52 insertions(+), 13 deletions(-)
[main 7ee74ec] backup: reproducible snapshot 2026-07-18T14:21:45.864157+00:00
 2 files changed, 18 insertions(+), 2 deletions(-)
{
  "status": "PASS",
  "manifest_files": 205,
  "checkpoint": "",
  "checkpoint_verification": null
}
* Request at 2026-07-18 22:21:46.056573285 +0800 CST m=+0.026758063
* Request to https://api.github.com/
* Request took 2.181314734s
* Request at 2026-07-18 22:21:48.238309869 +0800 CST m=+2.208494634
* Request to https://api.github.com/graphql
* Request took 807.414343ms
github.com
  ✓ Logged in to github.com as emma-sue (/root/.config/gh/hosts.yml)
  ✓ Git operations for github.com configured to use https protocol.
  ✓ Token: *******************
  
[git config --global --replace-all credential.https://github.com.helper ]
[git config --global --add credential.https://github.com.helper !/usr/bin/gh auth git-credential]
To https://github.com/emma-sue/aaa.git
   021c473..7ee74ec  main -> main
Branch 'main' set up to track remote branch 'main' from 'origin'.
[2026-07-18T14:22:32.758615+00:00] backup iteration PASS
{
  "status": "PASS",
  "files": 213,
  "bytes": 27467402,
  "destination": "/root/autodl-tmp/srsc_lite_v12_github"
}
[main 2827fc7] backup: reproducible snapshot 2026-07-18T14:50:00.186991+00:00
 6 files changed, 15 insertions(+), 40 deletions(-)
[main 332a178] backup: reproducible snapshot 2026-07-18T14:50:00.290690+00:00
 2 files changed, 30 insertions(+), 2 deletions(-)
{
  "status": "PASS",
  "manifest_files": 213,
  "checkpoint": "",
  "checkpoint_verification": null
}
* Request at 2026-07-18 22:50:00.460645041 +0800 CST m=+0.017239983
* Request to https://api.github.com/
* Request took 3.407980895s
* Request at 2026-07-18 22:50:03.869093936 +0800 CST m=+3.425688885
* Request to https://api.github.com/graphql
* Request took 550.465271ms
github.com
  ✓ Logged in to github.com as emma-sue (/root/.config/gh/hosts.yml)
  ✓ Git operations for github.com configured to use https protocol.
  ✓ Token: *******************
  
[git config --global --replace-all credential.https://github.com.helper ]
[git config --global --add credential.https://github.com.helper !/usr/bin/gh auth git-credential]
To https://github.com/emma-sue/aaa.git
   7ee74ec..332a178  main -> main
Branch 'main' set up to track remote branch 'main' from 'origin'.
* Request at 2026-07-18 22:50:47.748110061 +0800 CST m=+0.032207344
* Request to https://api.github.com/repos/emma-sue/aaa/releases
* Request took 2.218572282s
https://github.com/emma-sue/aaa/releases/tag/best-aio3-stage-a-e0155-s0233005
{
  "status": "PASS",
  "files": 213,
  "bytes": 27503605,
  "destination": "/root/autodl-tmp/srsc_lite_v12_github"
}
[main af611e3] backup: reproducible snapshot 2026-07-18T15:00:36.918874+00:00
 10 files changed, 549 insertions(+), 73 deletions(-)
[main af0a28d] backup: reproducible snapshot 2026-07-18T15:00:37.031164+00:00
 2 files changed, 14 insertions(+), 2 deletions(-)
{
  "status": "PASS",
  "manifest_files": 213,
  "checkpoint": "",
  "checkpoint_verification": null
}
To https://github.com/emma-sue/aaa.git
   332a178..af0a28d  main -> main
[2026-07-18T15:00:40.570395+00:00] backup iteration PASS
{
  "status": "PASS",
  "files": 218,
  "bytes": 27584846,
  "destination": "/root/autodl-tmp/srsc_lite_v12_github"
}
[main 508183c] backup: reproducible snapshot 2026-07-18T15:15:43.423337+00:00
 20 files changed, 1634 insertions(+), 112 deletions(-)
 create mode 100644 artifacts/manifests/aio3_live_runtime_attestation.json
 create mode 100755 scripts/capture_live_stage_a_runtime.py
 create mode 100755 scripts/guard_legacy_stage_a_lock.sh
 create mode 100644 tests/test_live_stage_a_runtime_attestation.py
 create mode 100644 tests/test_stage_a_launcher_guard.py
[main 90fe844] backup: reproducible snapshot 2026-07-18T15:15:43.519971+00:00
 2 files changed, 14 insertions(+), 2 deletions(-)
{
  "status": "PASS",
  "manifest_files": 218,
  "checkpoint": "",
  "checkpoint_verification": null
}
* Request at 2026-07-18 23:15:43.696604404 +0800 CST m=+0.026606327
* Request to https://api.github.com/
* Request took 1.443329124s
* Request at 2026-07-18 23:15:45.140515956 +0800 CST m=+1.470517921
* Request to https://api.github.com/graphql
* Request took 754.414016ms
github.com
  ✓ Logged in to github.com as emma-sue (/root/.config/gh/hosts.yml)
  ✓ Git operations for github.com configured to use https protocol.
  ✓ Token: *******************
  
[git config --global --replace-all credential.https://github.com.helper ]
[git config --global --add credential.https://github.com.helper !/usr/bin/gh auth git-credential]
To https://github.com/emma-sue/aaa.git
   af0a28d..90fe844  main -> main
Branch 'main' set up to track remote branch 'main' from 'origin'.
