[transformers] Disabling PyTorch because PyTorch >= 2.4 is required but found 2.3.0+cu121
[transformers] PyTorch was not found. Models won't be available and only tokenizers, configuration and file/data utilities can be used.
{"task": "denoise15", "name": "0000", "psnr": 42.40467245889765, "ssim": 0.9744794964790344}
{"task": "denoise15", "name": "0001", "psnr": 32.67608878561434, "ssim": 0.9154712557792664}
{"task": "denoise15", "name": "0002", "psnr": 36.812931333487676, "ssim": 0.9350342750549316}
{"task": "denoise15", "name": "0003", "psnr": 33.21981245328641, "ssim": 0.9209906458854675}
{"task": "denoise15", "name": "0004", "psnr": 33.02876195954013, "ssim": 0.9286648631095886}
{"task": "denoise15", "name": "0005", "psnr": 33.841712796303504, "ssim": 0.9016785025596619}
{"task": "denoise15", "name": "0006", "psnr": 34.79795363416247, "ssim": 0.9655094146728516}
{"task": "denoise15", "name": "0007", "psnr": 30.7657409852698, "ssim": 0.9626920819282532}
{"task": "denoise15", "name": "0008", "psnr": 31.16131123693799, "ssim": 0.9163990020751953}
{"task": "denoise15", "name": "0009", "psnr": 34.99440831884708, "ssim": 0.949920654296875}
{"task": "denoise15", "name": "0010", "psnr": 34.74695247235963, "ssim": 0.9319062232971191}
{"task": "denoise15", "name": "0011", "psnr": 35.53869012146078, "ssim": 0.9441911578178406}
{"task": "denoise15", "name": "0012", "psnr": 32.82197247204984, "ssim": 0.9445921778678894}
{"task": "denoise15", "name": "0013", "psnr": 37.34648059276076, "ssim": 0.956242024898529}
{"task": "denoise15", "name": "0014", "psnr": 33.518359212122945, "ssim": 0.9343338012695312}
{"task": "denoise15", "name": "0015", "psnr": 31.682820088460616, "ssim": 0.9231938719749451}
{"task": "denoise15", "name": "0016", "psnr": 34.01917479762658, "ssim": 0.9416336417198181}
{"task": "denoise15", "name": "0017", "psnr": 34.42938163817616, "ssim": 0.9322111010551453}
{"task": "denoise15", "name": "0018", "psnr": 34.17902394184316, "ssim": 0.9529399871826172}
{"task": "denoise15", "name": "0019", "psnr": 34.480919809238536, "ssim": 0.9388799667358398}
{"task": "denoise15", "name": "0020", "psnr": 35.33340502101137, "ssim": 0.9287412762641907}
{"task": "denoise15", "name": "0021", "psnr": 32.656851217341234, "ssim": 0.9201385974884033}
{"task": "denoise15", "name": "0022", "psnr": 33.389317328389325, "ssim": 0.9485483765602112}
{"task": "denoise15", "name": "0023", "psnr": 37.16674069854427, "ssim": 0.9474976658821106}
{"task": "denoise15", "name": "0024", "psnr": 33.349135427954536, "ssim": 0.9245133399963379}
{"task": "denoise15", "name": "0025", "psnr": 33.81785683502601, "ssim": 0.9217669367790222}
{"task": "denoise15", "name": "0026", "psnr": 32.00483878841253, "ssim": 0.9486878514289856}
{"task": "denoise15", "name": "0027", "psnr": 32.26673817427566, "ssim": 0.9337596893310547}
{"task": "denoise15", "name": "0028", "psnr": 34.054236567538155, "ssim": 0.9460067749023438}
{"task": "denoise15", "name": "0029", "psnr": 33.77797300850288, "ssim": 0.9457278251647949}
{"task": "denoise15", "name": "0030", "psnr": 34.85337556707924, "ssim": 0.9683635830879211}
{"task": "denoise15", "name": "0031", "psnr": 34.582217620104295, "ssim": 0.9275548458099365}
{"task": "denoise15", "name": "0032", "psnr": 37.394263301484074, "ssim": 0.9353877902030945}
{"task": "denoise15", "name": "0033", "psnr": 30.994632631444553, "ssim": 0.9557056427001953}
{"task": "denoise15", "name": "0034", "psnr": 34.512909905403426, "ssim": 0.9216012954711914}
{"task": "denoise15", "name": "0035", "psnr": 30.48004589210478, "ssim": 0.9541152119636536}
{"task": "denoise15", "name": "0036", "psnr": 32.043425878374094, "ssim": 0.9493532776832581}
{"task": "denoise15", "name": "0037", "psnr": 33.57981468614976, "ssim": 0.9613110423088074}
{"task": "denoise15", "name": "0038", "psnr": 36.85906589347047, "ssim": 0.9173508286476135}
{"task": "denoise15", "name": "0039", "psnr": 31.782920694760293, "ssim": 0.8473290801048279}
{"task": "denoise15", "name": "0040", "psnr": 33.23726221726287, "ssim": 0.9208293557167053}
{"task": "denoise15", "name": "0041", "psnr": 33.60365800821293, "ssim": 0.9165872931480408}
{"task": "denoise15", "name": "0042", "psnr": 37.28243369499832, "ssim": 0.9584551453590393}
{"task": "denoise15", "name": "0043", "psnr": 32.96589847495976, "ssim": 0.9345027804374695}
{"task": "denoise15", "name": "0044", "psnr": 34.53710199388177, "ssim": 0.9204662442207336}
{"task": "denoise15", "name": "0045", "psnr": 35.122818927842246, "ssim": 0.9485129714012146}
{"task": "denoise15", "name": "0046", "psnr": 33.21937687413745, "ssim": 0.9530363082885742}
{"task": "denoise15", "name": "0047", "psnr": 37.58786696527763, "ssim": 0.93953537940979}
{"task": "denoise15", "name": "0048", "psnr": 31.866202374610957, "ssim": 0.9282509684562683}
{"task": "denoise15", "name": "0049", "psnr": 31.905380281089293, "ssim": 0.9374384880065918}
{"task": "denoise15", "name": "0050", "psnr": 35.40316180855898, "ssim": 0.9051177501678467}
{"task": "denoise15", "name": "0051", "psnr": 32.039227779753695, "ssim": 0.9267805218696594}
{"task": "denoise15", "name": "0052", "psnr": 33.46807127692208, "ssim": 0.9290298819541931}
{"task": "denoise15", "name": "0053", "psnr": 35.765653199050455, "ssim": 0.9138261675834656}
{"task": "denoise15", "name": "0054", "psnr": 35.066674911458826, "ssim": 0.8958340287208557}
{"task": "denoise15", "name": "0055", "psnr": 34.03655855652389, "ssim": 0.9282308220863342}
{"task": "denoise15", "name": "0056", "psnr": 32.7004556871352, "ssim": 0.9283414483070374}
{"task": "denoise15", "name": "0057", "psnr": 29.912742076551183, "ssim": 0.947039783000946}
{"task": "denoise15", "name": "0058", "psnr": 33.192216570961904, "ssim": 0.9401935935020447}
{"task": "denoise15", "name": "0059", "psnr": 34.58708619268158, "ssim": 0.8930368423461914}
{"task": "denoise15", "name": "0060", "psnr": 34.4205915491425, "ssim": 0.9026755690574646}
{"task": "denoise15", "name": "0061", "psnr": 35.0787684069588, "ssim": 0.9058731198310852}
{"task": "denoise15", "name": "0062", "psnr": 34.814083395176, "ssim": 0.9084860682487488}
{"task": "denoise15", "name": "0063", "psnr": 38.021085382749675, "ssim": 0.963193953037262}
{"task": "denoise15", "name": "0064", "psnr": 31.978583551020602, "ssim": 0.9490689635276794}
{"task": "denoise15", "name": "0065", "psnr": 31.730587702708213, "ssim": 0.908675491809845}
{"task": "denoise15", "name": "0066", "psnr": 33.421651762210864, "ssim": 0.9259867668151855}
{"task": "denoise15", "name": "0067", "psnr": 32.1084827938388, "ssim": 0.9597437977790833}
{"task": "denoise25", "name": "0000", "psnr": 40.23531612114318, "ssim": 0.9687990546226501}
{"task": "denoise25", "name": "0001", "psnr": 30.08436597790165, "ssim": 0.8625974655151367}
{"task": "denoise25", "name": "0002", "psnr": 34.636176661051195, "ssim": 0.9001705050468445}
{"task": "denoise25", "name": "0003", "psnr": 30.616362144862983, "ssim": 0.8679690957069397}
{"task": "denoise25", "name": "0004", "psnr": 30.306389102110998, "ssim": 0.8765705227851868}
{"task": "denoise25", "name": "0005", "psnr": 31.4009126119373, "ssim": 0.8459758162498474}
{"task": "denoise25", "name": "0006", "psnr": 31.914460990911255, "ssim": 0.9446649551391602}
{"task": "denoise25", "name": "0007", "psnr": 27.567479691448497, "ssim": 0.9256275296211243}
{"task": "denoise25", "name": "0008", "psnr": 28.248992964282223, "ssim": 0.84124755859375}
{"task": "denoise25", "name": "0009", "psnr": 32.28366055992742, "ssim": 0.918597936630249}
{"task": "denoise25", "name": "0010", "psnr": 32.16889843948711, "ssim": 0.9015441536903381}
{"task": "denoise25", "name": "0011", "psnr": 32.84449243945008, "ssim": 0.9053651690483093}
{"task": "denoise25", "name": "0012", "psnr": 29.897779629338864, "ssim": 0.8962750434875488}
{"task": "denoise25", "name": "0013", "psnr": 35.003745329346955, "ssim": 0.9323239922523499}
{"task": "denoise25", "name": "0014", "psnr": 30.808549508341745, "ssim": 0.8854807019233704}
{"task": "denoise25", "name": "0015", "psnr": 28.71250088886567, "ssim": 0.8596479296684265}
{"task": "denoise25", "name": "0016", "psnr": 31.29774446732597, "ssim": 0.8984645009040833}
{"task": "denoise25", "name": "0017", "psnr": 31.81869621919833, "ssim": 0.8858752846717834}
{"task": "denoise25", "name": "0018", "psnr": 31.402604662510605, "ssim": 0.9216394424438477}
{"task": "denoise25", "name": "0019", "psnr": 31.801130783814678, "ssim": 0.8947804570198059}
{"task": "denoise25", "name": "0020", "psnr": 32.852911795191886, "ssim": 0.8941338658332825}
{"task": "denoise25", "name": "0021", "psnr": 29.83020673001446, "ssim": 0.865142822265625}
{"task": "denoise25", "name": "0022", "psnr": 30.630450301155427, "ssim": 0.9135404229164124}
{"task": "denoise25", "name": "0023", "psnr": 34.649025301022874, "ssim": 0.920107901096344}
{"task": "denoise25", "name": "0024", "psnr": 30.508961572668586, "ssim": 0.8712396621704102}
{"task": "denoise25", "name": "0025", "psnr": 31.092843956846327, "ssim": 0.8818188309669495}
{"task": "denoise25", "name": "0026", "psnr": 28.983290634880127, "ssim": 0.915327250957489}
{"task": "denoise25", "name": "0027", "psnr": 29.528032251387657, "ssim": 0.8850653767585754}
{"task": "denoise25", "name": "0028", "psnr": 31.161793817613678, "ssim": 0.9102461934089661}
{"task": "denoise25", "name": "0029", "psnr": 31.062844911650323, "ssim": 0.9091154932975769}
{"task": "denoise25", "name": "0030", "psnr": 31.877005063659475, "ssim": 0.9463068842887878}
{"task": "denoise25", "name": "0031", "psnr": 32.017093501188036, "ssim": 0.8825551867485046}
{"task": "denoise25", "name": "0032", "psnr": 34.930509181268434, "ssim": 0.9014402031898499}
{"task": "denoise25", "name": "0033", "psnr": 27.575455152445556, "ssim": 0.9175243377685547}
{"task": "denoise25", "name": "0034", "psnr": 31.926102935923723, "ssim": 0.8699226379394531}
{"task": "denoise25", "name": "0035", "psnr": 27.311810049828978, "ssim": 0.9058892130851746}
{"task": "denoise25", "name": "0036", "psnr": 29.151114753789905, "ssim": 0.9027701020240784}
{"task": "denoise25", "name": "0037", "psnr": 30.514251926831765, "ssim": 0.936404287815094}
{"task": "denoise25", "name": "0038", "psnr": 35.013870263651135, "ssim": 0.887866199016571}
{"task": "denoise25", "name": "0039", "psnr": 29.33650848698997, "ssim": 0.7240157127380371}
{"task": "denoise25", "name": "0040", "psnr": 30.59992846670079, "ssim": 0.8625266551971436}
{"task": "denoise25", "name": "0041", "psnr": 30.964762904281592, "ssim": 0.8586727976799011}
{"task": "denoise25", "name": "0042", "psnr": 34.952846584540524, "ssim": 0.939685046672821}
{"task": "denoise25", "name": "0043", "psnr": 30.207485647645022, "ssim": 0.8837907314300537}
{"task": "denoise25", "name": "0044", "psnr": 31.91316404227241, "ssim": 0.8684432506561279}
{"task": "denoise25", "name": "0045", "psnr": 32.43282054147946, "ssim": 0.9177360534667969}
{"task": "denoise25", "name": "0046", "psnr": 30.220373113533036, "ssim": 0.916759192943573}
{"task": "denoise25", "name": "0047", "psnr": 35.41680468968474, "ssim": 0.9080783724784851}
{"task": "denoise25", "name": "0048", "psnr": 28.99621252677527, "ssim": 0.8740894794464111}
{"task": "denoise25", "name": "0049", "psnr": 28.946645491300117, "ssim": 0.8823469281196594}
{"task": "denoise25", "name": "0050", "psnr": 33.251511850316774, "ssim": 0.8581449389457703}
{"task": "denoise25", "name": "0051", "psnr": 29.218356438126044, "ssim": 0.8686878085136414}
{"task": "denoise25", "name": "0052", "psnr": 30.79528104419051, "ssim": 0.8746132850646973}
{"task": "denoise25", "name": "0053", "psnr": 33.70296363285581, "ssim": 0.8710868954658508}
{"task": "denoise25", "name": "0054", "psnr": 32.95605492244129, "ssim": 0.8387579917907715}
{"task": "denoise25", "name": "0055", "psnr": 31.48706693266137, "ssim": 0.8855999112129211}
{"task": "denoise25", "name": "0056", "psnr": 29.923195433023835, "ssim": 0.8716993927955627}
{"task": "denoise25", "name": "0057", "psnr": 26.674672850545882, "ssim": 0.8901927471160889}
{"task": "denoise25", "name": "0058", "psnr": 30.395104382728235, "ssim": 0.8924699425697327}
{"task": "denoise25", "name": "0059", "psnr": 32.47099117394387, "ssim": 0.8413665890693665}
{"task": "denoise25", "name": "0060", "psnr": 32.100057181132655, "ssim": 0.8463655114173889}
{"task": "denoise25", "name": "0061", "psnr": 32.754347395364334, "ssim": 0.8517991900444031}
{"task": "denoise25", "name": "0062", "psnr": 32.33406236198959, "ssim": 0.8552080988883972}
{"task": "denoise25", "name": "0063", "psnr": 35.80942603113816, "ssim": 0.9486124515533447}
{"task": "denoise25", "name": "0064", "psnr": 28.983255029818295, "ssim": 0.903995931148529}
{"task": "denoise25", "name": "0065", "psnr": 29.02567091476937, "ssim": 0.8377025127410889}
{"task": "denoise25", "name": "0066", "psnr": 30.789964126531192, "ssim": 0.8782340884208679}
{"task": "denoise25", "name": "0067", "psnr": 28.900940585928318, "ssim": 0.923048734664917}
{"task": "denoise50", "name": "0000", "psnr": 37.117944289850364, "ssim": 0.9567062258720398}
{"task": "denoise50", "name": "0001", "psnr": 26.752670165471795, "ssim": 0.7501387596130371}
{"task": "denoise50", "name": "0002", "psnr": 31.941929081957067, "ssim": 0.8376577496528625}
{"task": "denoise50", "name": "0003", "psnr": 27.43526937576653, "ssim": 0.7633861899375916}
{"task": "denoise50", "name": "0004", "psnr": 27.14041990296671, "ssim": 0.7719209790229797}
{"task": "denoise50", "name": "0005", "psnr": 28.416772828760134, "ssim": 0.7645387053489685}
{"task": "denoise50", "name": "0006", "psnr": 28.073439028610565, "ssim": 0.8935105204582214}
{"task": "denoise50", "name": "0007", "psnr": 23.79675564408018, "ssim": 0.8326932787895203}
{"task": "denoise50", "name": "0008", "psnr": 24.998162448970078, "ssim": 0.7005223631858826}
{"task": "denoise50", "name": "0009", "psnr": 29.013285147282378, "ssim": 0.8476521372795105}
{"task": "denoise50", "name": "0010", "psnr": 28.837800617703508, "ssim": 0.8433582782745361}
{"task": "denoise50", "name": "0011", "psnr": 29.474860799195515, "ssim": 0.8222671151161194}
{"task": "denoise50", "name": "0012", "psnr": 26.431596790408754, "ssim": 0.7838706970214844}
{"task": "denoise50", "name": "0013", "psnr": 32.00681704330783, "ssim": 0.879168689250946}
{"task": "denoise50", "name": "0014", "psnr": 27.409842882586965, "ssim": 0.7817714214324951}
{"task": "denoise50", "name": "0015", "psnr": 25.142349871716885, "ssim": 0.7213628888130188}
{"task": "denoise50", "name": "0016", "psnr": 28.002583369500293, "ssim": 0.806463897228241}
{"task": "denoise50", "name": "0017", "psnr": 28.62976607629345, "ssim": 0.7872646450996399}
{"task": "denoise50", "name": "0018", "psnr": 27.76241783059224, "ssim": 0.8510940074920654}
{"task": "denoise50", "name": "0019", "psnr": 28.614723677877475, "ssim": 0.7983332276344299}
{"task": "denoise50", "name": "0020", "psnr": 29.64370637954541, "ssim": 0.8289985656738281}
{"task": "denoise50", "name": "0021", "psnr": 26.339130102164866, "ssim": 0.7571242451667786}
{"task": "denoise50", "name": "0022", "psnr": 26.890921015557588, "ssim": 0.8325519561767578}
{"task": "denoise50", "name": "0023", "psnr": 31.73750177550355, "ssim": 0.8705658912658691}
{"task": "denoise50", "name": "0024", "psnr": 27.204913049213786, "ssim": 0.7658231854438782}
{"task": "denoise50", "name": "0025", "psnr": 27.63847676980607, "ssim": 0.8068421483039856}
{"task": "denoise50", "name": "0026", "psnr": 25.088602534234678, "ssim": 0.8345672488212585}
{"task": "denoise50", "name": "0027", "psnr": 26.044389538482065, "ssim": 0.7771565318107605}
{"task": "denoise50", "name": "0028", "psnr": 27.43698311822552, "ssim": 0.8277245163917542}
{"task": "denoise50", "name": "0029", "psnr": 27.543809103790856, "ssim": 0.8278870582580566}
{"task": "denoise50", "name": "0030", "psnr": 28.40711862933954, "ssim": 0.89288729429245}
{"task": "denoise50", "name": "0031", "psnr": 28.786985460710174, "ssim": 0.7941166758537292}
{"task": "denoise50", "name": "0032", "psnr": 31.95270008796673, "ssim": 0.8475062847137451}
{"task": "denoise50", "name": "0033", "psnr": 23.415553539294628, "ssim": 0.7989754676818848}
{"task": "denoise50", "name": "0034", "psnr": 28.727525048832018, "ssim": 0.7630637288093567}
{"task": "denoise50", "name": "0035", "psnr": 23.47751568176482, "ssim": 0.776986837387085}
{"task": "denoise50", "name": "0036", "psnr": 25.5513598631984, "ssim": 0.7904312014579773}
{"task": "denoise50", "name": "0037", "psnr": 26.879328855673677, "ssim": 0.8769374489784241}
{"task": "denoise50", "name": "0038", "psnr": 32.6149235477873, "ssim": 0.8491433262825012}
{"task": "denoise50", "name": "0039", "psnr": 27.210882521464793, "ssim": 0.5249989628791809}
{"task": "denoise50", "name": "0040", "psnr": 27.78346854423404, "ssim": 0.7468383312225342}
{"task": "denoise50", "name": "0041", "psnr": 27.732784349269743, "ssim": 0.7369492650032043}
{"task": "denoise50", "name": "0042", "psnr": 31.459116430620533, "ssim": 0.8908884525299072}
{"task": "denoise50", "name": "0043", "psnr": 26.834357807790795, "ssim": 0.7735901474952698}
{"task": "denoise50", "name": "0044", "psnr": 28.635065772096283, "ssim": 0.7790263295173645}
{"task": "denoise50", "name": "0045", "psnr": 28.846024148904206, "ssim": 0.8493094444274902}
{"task": "denoise50", "name": "0046", "psnr": 26.50630861835915, "ssim": 0.8184234499931335}
{"task": "denoise50", "name": "0047", "psnr": 32.6456274277565, "ssim": 0.8446722030639648}
{"task": "denoise50", "name": "0048", "psnr": 25.409340820405433, "ssim": 0.7582314014434814}
{"task": "denoise50", "name": "0049", "psnr": 25.515451457999653, "ssim": 0.7573676109313965}
{"task": "denoise50", "name": "0050", "psnr": 30.70346421382687, "ssim": 0.7916423678398132}
{"task": "denoise50", "name": "0051", "psnr": 25.97215663632982, "ssim": 0.7509966492652893}
{"task": "denoise50", "name": "0052", "psnr": 27.38875105342633, "ssim": 0.7713527679443359}
{"task": "denoise50", "name": "0053", "psnr": 31.168049094758036, "ssim": 0.801203727722168}
{"task": "denoise50", "name": "0054", "psnr": 30.489836253957712, "ssim": 0.7398646473884583}
{"task": "denoise50", "name": "0055", "psnr": 28.200587318366942, "ssim": 0.7993349432945251}
{"task": "denoise50", "name": "0056", "psnr": 26.499302254636778, "ssim": 0.756009578704834}
{"task": "denoise50", "name": "0057", "psnr": 22.915664927205256, "ssim": 0.735952615737915}
{"task": "denoise50", "name": "0058", "psnr": 27.28052062883076, "ssim": 0.7876010537147522}
{"task": "denoise50", "name": "0059", "psnr": 30.177789443735627, "ssim": 0.7582570910453796}
{"task": "denoise50", "name": "0060", "psnr": 29.56118890793328, "ssim": 0.7538635730743408}
{"task": "denoise50", "name": "0061", "psnr": 30.1086090528347, "ssim": 0.7675947546958923}
{"task": "denoise50", "name": "0062", "psnr": 29.133343648370726, "ssim": 0.7610228657722473}
{"task": "denoise50", "name": "0063", "psnr": 32.57797117535836, "ssim": 0.9228673577308655}
{"task": "denoise50", "name": "0064", "psnr": 25.31688504003987, "ssim": 0.7878778576850891}
{"task": "denoise50", "name": "0065", "psnr": 25.976491400602274, "ssim": 0.6951003074645996}
{"task": "denoise50", "name": "0066", "psnr": 27.6264548721924, "ssim": 0.787418782711029}
{"task": "denoise50", "name": "0067", "psnr": 25.065102071014383, "ssim": 0.831852376461029}
{"task": "derain", "name": "1", "psnr": 37.46511827346635, "ssim": 0.9789794087409973}
{"task": "derain", "name": "10", "psnr": 38.57912941780095, "ssim": 0.9865198135375977}
{"task": "derain", "name": "100", "psnr": 33.50711063335824, "ssim": 0.9623343348503113}
{"task": "derain", "name": "11", "psnr": 37.01406490599765, "ssim": 0.9698996543884277}
{"task": "derain", "name": "12", "psnr": 38.5103506404075, "ssim": 0.9811738133430481}
{"task": "derain", "name": "13", "psnr": 39.92449946374879, "ssim": 0.9809713363647461}
{"task": "derain", "name": "14", "psnr": 38.52190934083782, "ssim": 0.9809446334838867}
{"task": "derain", "name": "15", "psnr": 40.17993836862908, "ssim": 0.9754319787025452}
{"task": "derain", "name": "16", "psnr": 33.49104102007753, "ssim": 0.9726755023002625}
{"task": "derain", "name": "17", "psnr": 42.66460821592409, "ssim": 0.9901807904243469}
{"task": "derain", "name": "18", "psnr": 40.447798212284084, "ssim": 0.9767234921455383}
{"task": "derain", "name": "19", "psnr": 34.43784890458909, "ssim": 0.9720878601074219}
{"task": "derain", "name": "2", "psnr": 37.81629034215809, "ssim": 0.9629769921302795}
{"task": "derain", "name": "20", "psnr": 36.80750954496774, "ssim": 0.9788476824760437}
{"task": "derain", "name": "21", "psnr": 40.413705552162085, "ssim": 0.9852201342582703}
{"task": "derain", "name": "22", "psnr": 37.34033344201955, "ssim": 0.9820383191108704}
{"task": "derain", "name": "23", "psnr": 39.41832874516754, "ssim": 0.981960117816925}
{"task": "derain", "name": "24", "psnr": 22.75355279790993, "ssim": 0.9263213276863098}
{"task": "derain", "name": "25", "psnr": 32.35609633903451, "ssim": 0.9607958793640137}
{"task": "derain", "name": "26", "psnr": 36.23220496600102, "ssim": 0.9856846332550049}
{"task": "derain", "name": "27", "psnr": 37.501748531877276, "ssim": 0.9819309711456299}
{"task": "derain", "name": "28", "psnr": 31.063654461806173, "ssim": 0.9735588431358337}
{"task": "derain", "name": "29", "psnr": 41.66336136813392, "ssim": 0.985974133014679}
{"task": "derain", "name": "3", "psnr": 40.16979775433082, "ssim": 0.9947526454925537}
{"task": "derain", "name": "30", "psnr": 38.48716363527076, "ssim": 0.9825735688209534}
{"task": "derain", "name": "31", "psnr": 41.142347887818616, "ssim": 0.9923407435417175}
{"task": "derain", "name": "32", "psnr": 40.00767946857521, "ssim": 0.9835426807403564}
{"task": "derain", "name": "33", "psnr": 39.23219360329082, "ssim": 0.9853296279907227}
{"task": "derain", "name": "34", "psnr": 35.280144987011724, "ssim": 0.9732336401939392}
{"task": "derain", "name": "35", "psnr": 36.05517287703483, "ssim": 0.9631171822547913}
{"task": "derain", "name": "36", "psnr": 39.27234399290862, "ssim": 0.9851527214050293}
{"task": "derain", "name": "37", "psnr": 34.90270395962014, "ssim": 0.9728579521179199}
{"task": "derain", "name": "38", "psnr": 39.34367205556291, "ssim": 0.9894692897796631}
{"task": "derain", "name": "39", "psnr": 37.836301412867556, "ssim": 0.9855225682258606}
{"task": "derain", "name": "4", "psnr": 39.56891571348278, "ssim": 0.994425356388092}
{"task": "derain", "name": "40", "psnr": 38.50964255400173, "ssim": 0.9824972152709961}
{"task": "derain", "name": "41", "psnr": 35.98325239127838, "ssim": 0.9759860038757324}
{"task": "derain", "name": "42", "psnr": 35.26749791853202, "ssim": 0.9718042016029358}
{"task": "derain", "name": "43", "psnr": 39.341829708807865, "ssim": 0.9851399064064026}
{"task": "derain", "name": "44", "psnr": 36.59481652567762, "ssim": 0.9853515028953552}
{"task": "derain", "name": "45", "psnr": 39.976331284551456, "ssim": 0.9926699995994568}
{"task": "derain", "name": "46", "psnr": 36.71200303666191, "ssim": 0.9884266257286072}
{"task": "derain", "name": "47", "psnr": 38.04558427492748, "ssim": 0.9791294932365417}
{"task": "derain", "name": "48", "psnr": 38.88233484660435, "ssim": 0.9774093627929688}
{"task": "derain", "name": "49", "psnr": 38.1516030353611, "ssim": 0.9828284382820129}
{"task": "derain", "name": "5", "psnr": 37.860435349047926, "ssim": 0.9703798294067383}
{"task": "derain", "name": "50", "psnr": 42.39671897270951, "ssim": 0.9858953356742859}
{"task": "derain", "name": "51", "psnr": 33.25725575320371, "ssim": 0.9756278395652771}
{"task": "derain", "name": "52", "psnr": 38.09637270359408, "ssim": 0.9745328426361084}
{"task": "derain", "name": "53", "psnr": 34.07236258644877, "ssim": 0.963486909866333}
{"task": "derain", "name": "54", "psnr": 43.082602925463725, "ssim": 0.9930881857872009}
{"task": "derain", "name": "55", "psnr": 31.857173445808673, "ssim": 0.9642283320426941}
{"task": "derain", "name": "56", "psnr": 34.89835134351996, "ssim": 0.9683383107185364}
{"task": "derain", "name": "57", "psnr": 34.47441964386218, "ssim": 0.9727620482444763}
{"task": "derain", "name": "58", "psnr": 34.604492420182176, "ssim": 0.9716646075248718}
{"task": "derain", "name": "59", "psnr": 34.15531194394368, "ssim": 0.9783701300621033}
{"task": "derain", "name": "6", "psnr": 34.59412862921058, "ssim": 0.9731709957122803}
{"task": "derain", "name": "60", "psnr": 42.936552800315795, "ssim": 0.9893048405647278}
{"task": "derain", "name": "61", "psnr": 34.29999804938609, "ssim": 0.9628570675849915}
{"task": "derain", "name": "62", "psnr": 37.623214592964295, "ssim": 0.9803967475891113}
{"task": "derain", "name": "63", "psnr": 34.6581956712494, "ssim": 0.9785661697387695}
{"task": "derain", "name": "64", "psnr": 38.749418304556, "ssim": 0.9732314944267273}
{"task": "derain", "name": "65", "psnr": 32.00188371643589, "ssim": 0.9658070206642151}
{"task": "derain", "name": "66", "psnr": 41.42757203754161, "ssim": 0.9833745956420898}
{"task": "derain", "name": "67", "psnr": 36.746945984022595, "ssim": 0.984130322933197}
{"task": "derain", "name": "68", "psnr": 38.7962279029907, "ssim": 0.9851943850517273}
{"task": "derain", "name": "69", "psnr": 38.36425464499514, "ssim": 0.9859458804130554}
{"task": "derain", "name": "7", "psnr": 34.48185376004143, "ssim": 0.9620566964149475}
{"task": "derain", "name": "70", "psnr": 37.41373137082002, "ssim": 0.9794518947601318}
{"task": "derain", "name": "71", "psnr": 38.16476907153123, "ssim": 0.9769530892372131}
{"task": "derain", "name": "72", "psnr": 47.54995922852515, "ssim": 0.9942802786827087}
{"task": "derain", "name": "73", "psnr": 35.16232229683788, "ssim": 0.9680665135383606}
{"task": "derain", "name": "74", "psnr": 42.0289725836482, "ssim": 0.9908166527748108}
{"task": "derain", "name": "75", "psnr": 34.752559450183824, "ssim": 0.9752180576324463}
{"task": "derain", "name": "76", "psnr": 35.20677433078977, "ssim": 0.9732778668403625}
{"task": "derain", "name": "77", "psnr": 37.98975419717247, "ssim": 0.9844872355461121}
{"task": "derain", "name": "78", "psnr": 43.67796502993069, "ssim": 0.9827257990837097}
{"task": "derain", "name": "79", "psnr": 40.7634818653493, "ssim": 0.9782793521881104}
{"task": "derain", "name": "8", "psnr": 36.372798412184245, "ssim": 0.9672134518623352}
{"task": "derain", "name": "80", "psnr": 41.056816380129966, "ssim": 0.986212432384491}
{"task": "derain", "name": "81", "psnr": 40.545692743769244, "ssim": 0.9942951798439026}
{"task": "derain", "name": "82", "psnr": 35.49125734686291, "ssim": 0.9839176535606384}
{"task": "derain", "name": "83", "psnr": 41.08628295746392, "ssim": 0.9814023971557617}
{"task": "derain", "name": "84", "psnr": 33.53879291091151, "ssim": 0.9768931269645691}
{"task": "derain", "name": "85", "psnr": 34.30883113283216, "ssim": 0.9902739524841309}
{"task": "derain", "name": "86", "psnr": 37.853231653551774, "ssim": 0.9872312545776367}
{"task": "derain", "name": "87", "psnr": 36.02978781495602, "ssim": 0.9749440550804138}
{"task": "derain", "name": "88", "psnr": 37.03368880430818, "ssim": 0.9754486083984375}
{"task": "derain", "name": "89", "psnr": 43.706825685777495, "ssim": 0.9822425246238708}
{"task": "derain", "name": "9", "psnr": 36.79669711285139, "ssim": 0.9827370047569275}
{"task": "derain", "name": "90", "psnr": 39.20559308637691, "ssim": 0.9872362017631531}
{"task": "derain", "name": "91", "psnr": 37.144094889950175, "ssim": 0.9770865440368652}
{"task": "derain", "name": "92", "psnr": 35.36551183033729, "ssim": 0.9860509037971497}
{"task": "derain", "name": "93", "psnr": 33.430414948934846, "ssim": 0.9774757027626038}
{"task": "derain", "name": "94", "psnr": 36.85406553282749, "ssim": 0.970916748046875}
{"task": "derain", "name": "95", "psnr": 36.85486835282533, "ssim": 0.9527761340141296}
{"task": "derain", "name": "96", "psnr": 38.832169772171625, "ssim": 0.9802712798118591}
{"task": "derain", "name": "97", "psnr": 36.31897953380773, "ssim": 0.9828316569328308}
{"task": "derain", "name": "98", "psnr": 42.32270504950459, "ssim": 0.9893724918365479}
{"task": "derain", "name": "99", "psnr": 30.788669864199978, "ssim": 0.9723715782165527}
{"task": "dehaze", "name": "0001_0.8_0.2", "psnr": 33.05503349299026, "ssim": 0.9892780780792236}
{"task": "dehaze", "name": "0002_0.8_0.08", "psnr": 23.236715584876414, "ssim": 0.9531834721565247}
{"task": "dehaze", "name": "0003_0.8_0.2", "psnr": 36.336138036747585, "ssim": 0.9903993606567383}
{"task": "dehaze", "name": "0004_0.9_0.12", "psnr": 38.48652666789438, "ssim": 0.9922771453857422}
{"task": "dehaze", "name": "0006_0.85_0.08", "psnr": 32.71366063524509, "ssim": 0.9904329776763916}
{"task": "dehaze", "name": "0007_0.9_0.16", "psnr": 28.208621066427007, "ssim": 0.98293536901474}
{"task": "dehaze", "name": "0009_0.8_0.16", "psnr": 30.051221706634983, "ssim": 0.9747064709663391}
{"task": "dehaze", "name": "0010_0.95_0.16", "psnr": 30.39274914009974, "ssim": 0.9729723930358887}
{"task": "dehaze", "name": "0011_0.95_0.16", "psnr": 31.091864469091973, "ssim": 0.9678859114646912}
{"task": "dehaze", "name": "0014_0.8_0.12", "psnr": 21.684290026587433, "ssim": 0.9720280766487122}
{"task": "dehaze", "name": "0016_0.8_0.08", "psnr": 25.890275578568907, "ssim": 0.9770739674568176}
{"task": "dehaze", "name": "0017_0.9_0.08", "psnr": 38.877827569388856, "ssim": 0.993707001209259}
{"task": "dehaze", "name": "0018_0.9_0.2", "psnr": 34.29248816814086, "ssim": 0.9889480471611023}
{"task": "dehaze", "name": "0019_0.8_0.16", "psnr": 27.62079810079583, "ssim": 0.9815880656242371}
{"task": "dehaze", "name": "0021_0.8_0.08", "psnr": 26.345821544662073, "ssim": 0.9834485054016113}
{"task": "dehaze", "name": "0022_0.8_0.08", "psnr": 21.085992631585043, "ssim": 0.9481417536735535}
{"task": "dehaze", "name": "0023_0.85_0.12", "psnr": 26.919493486101054, "ssim": 0.9423911571502686}
{"task": "dehaze", "name": "0024_0.85_0.08", "psnr": 34.18024198752243, "ssim": 0.9800186157226562}
{"task": "dehaze", "name": "0025_0.8_0.16", "psnr": 34.40430006116124, "ssim": 0.986579418182373}
{"task": "dehaze", "name": "0026_0.95_0.08", "psnr": 34.818307096259694, "ssim": 0.9895071387290955}
{"task": "dehaze", "name": "0029_0.85_0.08", "psnr": 30.92782353531575, "ssim": 0.9859464764595032}
{"task": "dehaze", "name": "0030_0.95_0.12", "psnr": 34.47882881412548, "ssim": 0.9904966950416565}
{"task": "dehaze", "name": "0033_0.85_0.08", "psnr": 30.24500019835081, "ssim": 0.9867778420448303}
{"task": "dehaze", "name": "0034_0.9_0.16", "psnr": 26.10344655773709, "ssim": 0.9675853848457336}
{"task": "dehaze", "name": "0036_1_0.08", "psnr": 23.08483724989098, "ssim": 0.9606147408485413}
{"task": "dehaze", "name": "0039_0.9_0.2", "psnr": 34.1709926042402, "ssim": 0.9835274815559387}
{"task": "dehaze", "name": "0040_1_0.08", "psnr": 35.92197014118793, "ssim": 0.9934441447257996}
{"task": "dehaze", "name": "0042_0.8_0.2", "psnr": 30.21357726623059, "ssim": 0.9849246144294739}
{"task": "dehaze", "name": "0045_0.8_0.16", "psnr": 23.547234242440886, "ssim": 0.9776986241340637}
{"task": "dehaze", "name": "0046_0.9_0.16", "psnr": 30.17098596660456, "ssim": 0.9807605743408203}
{"task": "dehaze", "name": "0047_0.9_0.12", "psnr": 36.522123466253014, "ssim": 0.992828905582428}
{"task": "dehaze", "name": "0048_0.9_0.2", "psnr": 25.224013606730026, "ssim": 0.9825081825256348}
{"task": "dehaze", "name": "0049_0.85_0.12", "psnr": 31.275295481201507, "ssim": 0.99342280626297}
{"task": "dehaze", "name": "0051_0.8_0.2", "psnr": 35.496689309369444, "ssim": 0.9885336756706238}
{"task": "dehaze", "name": "0051_0.95_0.12", "psnr": 37.73960719659924, "ssim": 0.9912071228027344}
{"task": "dehaze", "name": "0052_0.9_0.16", "psnr": 25.83994694826542, "ssim": 0.971502959728241}
{"task": "dehaze", "name": "0053_0.9_0.12", "psnr": 28.933572991797124, "ssim": 0.974998950958252}
{"task": "dehaze", "name": "0054_0.85_0.16", "psnr": 37.02245383151807, "ssim": 0.9880292415618896}
{"task": "dehaze", "name": "0055_0.85_0.12", "psnr": 37.19994572207706, "ssim": 0.9920139312744141}
{"task": "dehaze", "name": "0056_0.8_0.16", "psnr": 31.244764021520215, "ssim": 0.9896616339683533}
{"task": "dehaze", "name": "0057_0.8_0.12", "psnr": 26.948605744660018, "ssim": 0.9877774119377136}
{"task": "dehaze", "name": "0058_0.8_0.2", "psnr": 33.430314701458975, "ssim": 0.9859141707420349}
{"task": "dehaze", "name": "0059_0.9_0.12", "psnr": 29.61393183721318, "ssim": 0.9868652820587158}
{"task": "dehaze", "name": "0060_0.9_0.2", "psnr": 30.123583088499547, "ssim": 0.9754898548126221}
{"task": "dehaze", "name": "0061_0.8_0.2", "psnr": 29.13656215832182, "ssim": 0.9793646931648254}
{"task": "dehaze", "name": "0062_0.9_0.2", "psnr": 27.250246800351636, "ssim": 0.974151611328125}
{"task": "dehaze", "name": "0063_0.8_0.16", "psnr": 23.179140988775167, "ssim": 0.9694638252258301}
{"task": "dehaze", "name": "0064_0.8_0.2", "psnr": 31.136909713322574, "ssim": 0.9776005148887634}
{"task": "dehaze", "name": "0065_0.9_0.12", "psnr": 31.611251448481337, "ssim": 0.9906749129295349}
{"task": "dehaze", "name": "0066_1_0.08", "psnr": 37.2364919478555, "ssim": 0.9949960112571716}
{"task": "dehaze", "name": "0068_1_0.16", "psnr": 25.9024376724782, "ssim": 0.9708488583564758}
{"task": "dehaze", "name": "0069_0.9_0.16", "psnr": 26.079247359538066, "ssim": 0.96089106798172}
{"task": "dehaze", "name": "0070_0.9_0.12", "psnr": 30.78888842770063, "ssim": 0.9887827038764954}
{"task": "dehaze", "name": "0071_0.8_0.2", "psnr": 30.753638846683593, "ssim": 0.9847956299781799}
{"task": "dehaze", "name": "0072_0.9_0.2", "psnr": 30.618258310556353, "ssim": 0.9806470274925232}
{"task": "dehaze", "name": "0073_0.8_0.16", "psnr": 34.75883115891416, "ssim": 0.9619731307029724}
{"task": "dehaze", "name": "0074_0.8_0.2", "psnr": 33.196355055408965, "ssim": 0.9613448977470398}
{"task": "dehaze", "name": "0075_0.8_0.2", "psnr": 25.439247745890455, "ssim": 0.9768821597099304}
{"task": "dehaze", "name": "0076_0.8_0.2", "psnr": 23.95200788551422, "ssim": 0.9650265574455261}
{"task": "dehaze", "name": "0076_1_0.16", "psnr": 24.07350348006843, "ssim": 0.9659978747367859}
{"task": "dehaze", "name": "0077_0.8_0.2", "psnr": 32.44251223446351, "ssim": 0.9753745198249817}
{"task": "dehaze", "name": "0079_0.8_0.12", "psnr": 30.768765837172385, "ssim": 0.990810215473175}
{"task": "dehaze", "name": "0081_0.8_0.2", "psnr": 21.579026966205667, "ssim": 0.9720902442932129}
{"task": "dehaze", "name": "0082_0.85_0.16", "psnr": 34.234215576174186, "ssim": 0.9888122081756592}
{"task": "dehaze", "name": "0083_0.85_0.12", "psnr": 30.212068226061465, "ssim": 0.9883346557617188}
{"task": "dehaze", "name": "0084_0.95_0.16", "psnr": 34.42228515902171, "ssim": 0.9872879981994629}
{"task": "dehaze", "name": "0085_0.95_0.08", "psnr": 36.12613341962182, "ssim": 0.9868186116218567}
{"task": "dehaze", "name": "0086_0.8_0.2", "psnr": 34.857717744230946, "ssim": 0.9789304137229919}
{"task": "dehaze", "name": "0086_0.95_0.12", "psnr": 36.77234208010012, "ssim": 0.9846858978271484}
{"task": "dehaze", "name": "0087_0.9_0.16", "psnr": 32.75498615274908, "ssim": 0.9863891005516052}
{"task": "dehaze", "name": "0088_0.9_0.12", "psnr": 33.4930257789533, "ssim": 0.9896531701087952}
{"task": "dehaze", "name": "0089_0.9_0.2", "psnr": 28.229763271988805, "ssim": 0.9753386378288269}
{"task": "dehaze", "name": "0090_0.85_0.12", "psnr": 30.52740988327523, "ssim": 0.9909670948982239}
{"task": "dehaze", "name": "0091_0.85_0.2", "psnr": 22.2389297946889, "ssim": 0.9616103172302246}
{"task": "dehaze", "name": "0092_0.85_0.2", "psnr": 31.06137506134949, "ssim": 0.9838318228721619}
{"task": "dehaze", "name": "0093_0.8_0.08", "psnr": 18.23940030657087, "ssim": 0.9301214814186096}
{"task": "dehaze", "name": "0094_0.8_0.2", "psnr": 26.97506356547319, "ssim": 0.9786665439605713}
{"task": "dehaze", "name": "0095_0.8_0.08", "psnr": 30.301103620280564, "ssim": 0.9872629046440125}
{"task": "dehaze", "name": "0096_0.8_0.2", "psnr": 35.323636536577084, "ssim": 0.9898715019226074}
{"task": "dehaze", "name": "0097_0.85_0.08", "psnr": 34.7790635893007, "ssim": 0.9936777949333191}
{"task": "dehaze", "name": "0098_0.85_0.2", "psnr": 30.722986026704277, "ssim": 0.9841096997261047}
{"task": "dehaze", "name": "0099_0.9_0.16", "psnr": 32.22451087951698, "ssim": 0.986935555934906}
{"task": "dehaze", "name": "0100_0.9_0.12", "psnr": 23.70886558396981, "ssim": 0.9640448689460754}
{"task": "dehaze", "name": "0101_0.9_0.08", "psnr": 38.344593719740544, "ssim": 0.9920935034751892}
{"task": "dehaze", "name": "0102_0.85_0.12", "psnr": 30.48368646966441, "ssim": 0.9834361672401428}
{"task": "dehaze", "name": "0104_0.95_0.12", "psnr": 29.734237163060797, "ssim": 0.9799506664276123}
{"task": "dehaze", "name": "0105_0.95_0.2", "psnr": 23.9261318120097, "ssim": 0.960658073425293}
{"task": "dehaze", "name": "0106_0.9_0.08", "psnr": 20.112346375346842, "ssim": 0.9525606632232666}
{"task": "dehaze", "name": "0107_0.9_0.08", "psnr": 29.605604119941123, "ssim": 0.9911684989929199}
{"task": "dehaze", "name": "0108_0.8_0.16", "psnr": 33.785028759016804, "ssim": 0.9700271487236023}
{"task": "dehaze", "name": "0108_1_0.2", "psnr": 28.298840814892685, "ssim": 0.9483326077461243}
{"task": "dehaze", "name": "0109_0.85_0.08", "psnr": 29.939426335673645, "ssim": 0.9894165992736816}
{"task": "dehaze", "name": "0110_0.8_0.12", "psnr": 34.5516239412897, "ssim": 0.9909458756446838}
{"task": "dehaze", "name": "0111_0.8_0.2", "psnr": 33.67391552323747, "ssim": 0.9807426333427429}
{"task": "dehaze", "name": "0112_0.8_0.2", "psnr": 20.857009560563142, "ssim": 0.9663630127906799}
{"task": "dehaze", "name": "0113_0.9_0.08", "psnr": 40.68363547094847, "ssim": 0.9896734356880188}
{"task": "dehaze", "name": "0115_0.8_0.12", "psnr": 31.109838551837807, "ssim": 0.9854402542114258}
{"task": "dehaze", "name": "0116_0.9_0.16", "psnr": 28.08411658391943, "ssim": 0.9823067784309387}
{"task": "dehaze", "name": "0117_0.9_0.12", "psnr": 26.41375596042706, "ssim": 0.984677255153656}
{"task": "dehaze", "name": "0118_0.9_0.2", "psnr": 25.441665178499157, "ssim": 0.9653593897819519}
{"task": "dehaze", "name": "0119_0.85_0.12", "psnr": 29.311278829504893, "ssim": 0.9861273765563965}
{"task": "dehaze", "name": "0120_0.85_0.08", "psnr": 31.46037271970702, "ssim": 0.9892368316650391}
{"task": "dehaze", "name": "0121_0.85_0.2", "psnr": 34.210809354092135, "ssim": 0.9866796135902405}
{"task": "dehaze", "name": "0123_1_0.08", "psnr": 38.509228249188666, "ssim": 0.9883606433868408}
{"task": "dehaze", "name": "0125_0.8_0.12", "psnr": 26.895604256795366, "ssim": 0.9849131107330322}
{"task": "dehaze", "name": "0126_0.8_0.2", "psnr": 29.60242605350476, "ssim": 0.9850571751594543}
{"task": "dehaze", "name": "0127_0.8_0.2", "psnr": 23.205589387989498, "ssim": 0.9783924221992493}
{"task": "dehaze", "name": "0129_0.8_0.16", "psnr": 36.388188876816315, "ssim": 0.990755558013916}
{"task": "dehaze", "name": "0131_0.95_0.08", "psnr": 26.228925519625435, "ssim": 0.9765651822090149}
{"task": "dehaze", "name": "0132_1_0.08", "psnr": 26.482469885412, "ssim": 0.9817124009132385}
{"task": "dehaze", "name": "0133_1_0.2", "psnr": 24.888899770033582, "ssim": 0.9566680788993835}
{"task": "dehaze", "name": "0134_0.95_0.16", "psnr": 29.844986568033292, "ssim": 0.9665204882621765}
{"task": "dehaze", "name": "0135_0.95_0.12", "psnr": 26.807916626236818, "ssim": 0.9685928225517273}
{"task": "dehaze", "name": "0137_0.8_0.2", "psnr": 28.76814912696347, "ssim": 0.980816125869751}
{"task": "dehaze", "name": "0138_0.9_0.08", "psnr": 34.85270052449258, "ssim": 0.9859732985496521}
{"task": "dehaze", "name": "0139_0.85_0.12", "psnr": 31.733481704223813, "ssim": 0.9836991429328918}
{"task": "dehaze", "name": "0140_0.95_0.12", "psnr": 31.67716951018924, "ssim": 0.9857478141784668}
{"task": "dehaze", "name": "0141_0.95_0.12", "psnr": 32.3494116554407, "ssim": 0.984906017780304}
{"task": "dehaze", "name": "0142_0.95_0.08", "psnr": 34.73692401531457, "ssim": 0.9905282855033875}
{"task": "dehaze", "name": "0143_1_0.2", "psnr": 29.184449789237483, "ssim": 0.9648590087890625}
{"task": "dehaze", "name": "0145_0.8_0.12", "psnr": 18.59270726678542, "ssim": 0.9081261157989502}
{"task": "dehaze", "name": "0146_0.8_0.2", "psnr": 25.054227985559223, "ssim": 0.9581145644187927}
{"task": "dehaze", "name": "0147_1_0.16", "psnr": 31.66933221750336, "ssim": 0.9794321060180664}
{"task": "dehaze", "name": "0148_0.9_0.12", "psnr": 32.64977321589041, "ssim": 0.9482459425926208}
{"task": "dehaze", "name": "0149_0.9_0.08", "psnr": 36.65208503366554, "ssim": 0.9855880737304688}
{"task": "dehaze", "name": "0150_0.8_0.16", "psnr": 17.21648086681788, "ssim": 0.9170389771461487}
{"task": "dehaze", "name": "0151_0.8_0.08", "psnr": 26.67957567393344, "ssim": 0.9820148944854736}
{"task": "dehaze", "name": "0152_0.8_0.2", "psnr": 23.7900187796889, "ssim": 0.968555212020874}
{"task": "dehaze", "name": "0153_0.8_0.08", "psnr": 31.091068818233026, "ssim": 0.9796668887138367}
{"task": "dehaze", "name": "0154_0.8_0.2", "psnr": 23.506428811444387, "ssim": 0.9684037566184998}
{"task": "dehaze", "name": "0155_1_0.08", "psnr": 29.41949401097766, "ssim": 0.988907516002655}
{"task": "dehaze", "name": "0157_0.8_0.08", "psnr": 31.905580605282875, "ssim": 0.9907388687133789}
{"task": "dehaze", "name": "0158_0.8_0.2", "psnr": 23.362733954642053, "ssim": 0.96083003282547}
{"task": "dehaze", "name": "0160_0.9_0.2", "psnr": 16.890406369805536, "ssim": 0.8516306281089783}
{"task": "dehaze", "name": "0161_0.85_0.08", "psnr": 18.06611888980682, "ssim": 0.9134915471076965}
{"task": "dehaze", "name": "0162_0.95_0.12", "psnr": 20.735174016016963, "ssim": 0.9482114315032959}
{"task": "dehaze", "name": "0163_0.95_0.08", "psnr": 29.3899969551909, "ssim": 0.989302396774292}
{"task": "dehaze", "name": "0164_0.9_0.2", "psnr": 30.05615310189578, "ssim": 0.9778077006340027}
{"task": "dehaze", "name": "0165_0.9_0.2", "psnr": 27.53717769026491, "ssim": 0.968879222869873}
{"task": "dehaze", "name": "0166_0.8_0.16", "psnr": 24.152522734874307, "ssim": 0.9687822461128235}
{"task": "dehaze", "name": "0167_0.8_0.12", "psnr": 25.392786226129672, "ssim": 0.9735386371612549}
{"task": "dehaze", "name": "0168_0.9_0.16", "psnr": 26.845670945444915, "ssim": 0.9674555659294128}
{"task": "dehaze", "name": "0169_0.9_0.12", "psnr": 35.15286863269953, "ssim": 0.982563316822052}
{"task": "dehaze", "name": "0170_0.8_0.2", "psnr": 25.844126045331755, "ssim": 0.9696400165557861}
{"task": "dehaze", "name": "0171_0.85_0.12", "psnr": 35.4052486436594, "ssim": 0.9890995621681213}
{"task": "dehaze", "name": "0172_0.85_0.08", "psnr": 39.02902182030886, "ssim": 0.9938263297080994}
{"task": "dehaze", "name": "0174_0.95_0.08", "psnr": 32.534748601152174, "ssim": 0.9922228455543518}
{"task": "dehaze", "name": "0175_0.85_0.16", "psnr": 34.46580980425492, "ssim": 0.9864701628684998}
{"task": "dehaze", "name": "0176_1_0.08", "psnr": 37.478062954896416, "ssim": 0.9899981617927551}
{"task": "dehaze", "name": "0178_0.8_0.12", "psnr": 33.0278268047087, "ssim": 0.9891595840454102}
{"task": "dehaze", "name": "0179_0.8_0.2", "psnr": 33.30364750367274, "ssim": 0.9851959347724915}
{"task": "dehaze", "name": "0180_0.85_0.16", "psnr": 31.879319862986254, "ssim": 0.9901946187019348}
{"task": "dehaze", "name": "0181_0.9_0.08", "psnr": 35.89770303665203, "ssim": 0.992816150188446}
{"task": "dehaze", "name": "0182_0.8_0.16", "psnr": 25.62693966747785, "ssim": 0.9736633896827698}
{"task": "dehaze", "name": "0183_0.8_0.16", "psnr": 36.799887684340504, "ssim": 0.9864420294761658}
{"task": "dehaze", "name": "0184_0.95_0.12", "psnr": 33.298232533032966, "ssim": 0.993492066860199}
{"task": "dehaze", "name": "0185_1_0.16", "psnr": 23.179354188757266, "ssim": 0.9514257907867432}
{"task": "dehaze", "name": "0187_0.9_0.2", "psnr": 31.91472537714685, "ssim": 0.9867578148841858}
{"task": "dehaze", "name": "0188_0.85_0.08", "psnr": 27.710890771361466, "ssim": 0.9851036071777344}
{"task": "dehaze", "name": "0189_0.85_0.2", "psnr": 33.50443361374451, "ssim": 0.9731510281562805}
{"task": "dehaze", "name": "0191_1_0.08", "psnr": 37.19514554164709, "ssim": 0.9907591342926025}
{"task": "dehaze", "name": "0194_1_0.2", "psnr": 31.35403600913916, "ssim": 0.9582816958427429}
{"task": "dehaze", "name": "0195_1_0.08", "psnr": 33.61763760199744, "ssim": 0.9876163601875305}
{"task": "dehaze", "name": "0196_0.9_0.2", "psnr": 33.70305436408392, "ssim": 0.9857524037361145}
{"task": "dehaze", "name": "0197_0.8_0.16", "psnr": 37.31903325439719, "ssim": 0.9877194762229919}
{"task": "dehaze", "name": "0198_0.95_0.12", "psnr": 30.65813992277605, "ssim": 0.9783938527107239}
{"task": "dehaze", "name": "0199_1_0.16", "psnr": 33.7244199994216, "ssim": 0.9879448413848877}
{"task": "dehaze", "name": "0200_1_0.12", "psnr": 33.80184446111892, "ssim": 0.9854769706726074}
{"task": "dehaze", "name": "0201_1_0.08", "psnr": 38.2686514288786, "ssim": 0.9863750338554382}
{"task": "dehaze", "name": "0202_0.85_0.12", "psnr": 33.785455128065955, "ssim": 0.9857962131500244}
{"task": "dehaze", "name": "0204_0.8_0.08", "psnr": 31.87726406353796, "ssim": 0.991764485836029}
{"task": "dehaze", "name": "0205_1_0.16", "psnr": 30.273566498516832, "ssim": 0.9811714291572571}
{"task": "dehaze", "name": "0206_1_0.12", "psnr": 31.369637386930567, "ssim": 0.9886673092842102}
{"task": "dehaze", "name": "0207_1_0.08", "psnr": 32.712555816237014, "ssim": 0.9875842928886414}
{"task": "dehaze", "name": "0208_0.8_0.16", "psnr": 33.97086735222541, "ssim": 0.9920368194580078}
{"task": "dehaze", "name": "0209_0.85_0.08", "psnr": 31.542642507747317, "ssim": 0.9838274121284485}
{"task": "dehaze", "name": "0210_0.85_0.2", "psnr": 29.98344465087981, "ssim": 0.9837958216667175}
{"task": "dehaze", "name": "0212_0.9_0.2", "psnr": 29.45412262332745, "ssim": 0.9852625727653503}
{"task": "dehaze", "name": "0213_1_0.2", "psnr": 29.55416506303849, "ssim": 0.9551430344581604}
{"task": "dehaze", "name": "0215_0.8_0.08", "psnr": 34.46996081712808, "ssim": 0.9758078455924988}
{"task": "dehaze", "name": "0216_1_0.12", "psnr": 24.963597720435406, "ssim": 0.9788603782653809}
{"task": "dehaze", "name": "0217_1_0.2", "psnr": 35.04649221558856, "ssim": 0.9875491261482239}
{"task": "dehaze", "name": "0218_0.9_0.2", "psnr": 30.21790844644912, "ssim": 0.9868760108947754}
{"task": "dehaze", "name": "0219_0.85_0.08", "psnr": 23.549968010231737, "ssim": 0.9738684296607971}
{"task": "dehaze", "name": "0220_0.85_0.2", "psnr": 20.00835432979121, "ssim": 0.9483852386474609}
{"task": "dehaze", "name": "0222_0.85_0.16", "psnr": 27.925989445928543, "ssim": 0.9804701805114746}
{"task": "dehaze", "name": "0223_0.95_0.16", "psnr": 26.396784611809473, "ssim": 0.9801268577575684}
{"task": "dehaze", "name": "0225_0.8_0.2", "psnr": 28.38330918297387, "ssim": 0.9768157005310059}
{"task": "dehaze", "name": "0226_0.8_0.2", "psnr": 21.297540587093504, "ssim": 0.9711651802062988}
{"task": "dehaze", "name": "0228_1_0.2", "psnr": 29.776228205625294, "ssim": 0.9719443917274475}
{"task": "dehaze", "name": "0230_0.9_0.16", "psnr": 17.67166492402178, "ssim": 0.8881494402885437}
{"task": "dehaze", "name": "0233_0.8_0.12", "psnr": 30.158684746922106, "ssim": 0.9921588897705078}
{"task": "dehaze", "name": "0235_0.9_0.08", "psnr": 29.455662925978206, "ssim": 0.9765235781669617}
{"task": "dehaze", "name": "0237_0.8_0.12", "psnr": 30.33201475775772, "ssim": 0.9868223071098328}
{"task": "dehaze", "name": "0238_0.8_0.2", "psnr": 30.25568807350698, "ssim": 0.979852020740509}
{"task": "dehaze", "name": "0239_0.8_0.2", "psnr": 19.948272515527954, "ssim": 0.9568861126899719}
{"task": "dehaze", "name": "0240_1_0.08", "psnr": 32.47384418289951, "ssim": 0.9863469004631042}
{"task": "dehaze", "name": "0242_0.8_0.12", "psnr": 26.262089468081378, "ssim": 0.9813714027404785}
{"task": "dehaze", "name": "0243_0.8_0.08", "psnr": 21.94023772458308, "ssim": 0.9428219795227051}
{"task": "dehaze", "name": "0244_0.9_0.12", "psnr": 34.74578293789144, "ssim": 0.9874507784843445}
{"task": "dehaze", "name": "0245_1_0.2", "psnr": 28.604030609097073, "ssim": 0.9775728583335876}
{"task": "dehaze", "name": "0246_0.85_0.12", "psnr": 32.82652713091857, "ssim": 0.9823660254478455}
{"task": "dehaze", "name": "0248_0.8_0.08", "psnr": 31.33009567377192, "ssim": 0.9671321511268616}
{"task": "dehaze", "name": "0249_1_0.12", "psnr": 32.397385547260484, "ssim": 0.9848849773406982}
{"task": "dehaze", "name": "0251_0.8_0.16", "psnr": 32.72191411546472, "ssim": 0.9794703125953674}
{"task": "dehaze", "name": "0253_0.8_0.2", "psnr": 20.80007901464097, "ssim": 0.9573701024055481}
{"task": "dehaze", "name": "0253_1_0.16", "psnr": 25.198989223681004, "ssim": 0.9697885513305664}
{"task": "dehaze", "name": "0255_0.85_0.08", "psnr": 39.32324467588731, "ssim": 0.9910656809806824}
{"task": "dehaze", "name": "0256_0.95_0.16", "psnr": 28.588512147344606, "ssim": 0.9519505500793457}
{"task": "dehaze", "name": "0258_0.8_0.2", "psnr": 37.335430738045105, "ssim": 0.9849238395690918}
{"task": "dehaze", "name": "0259_0.9_0.08", "psnr": 40.17958070049395, "ssim": 0.9864776134490967}
{"task": "dehaze", "name": "0260_0.9_0.2", "psnr": 37.85488307634942, "ssim": 0.9874976277351379}
{"task": "dehaze", "name": "0261_0.85_0.08", "psnr": 34.52379025623432, "ssim": 0.984140932559967}
{"task": "dehaze", "name": "0262_0.95_0.12", "psnr": 36.47402742338086, "ssim": 0.9808114171028137}
{"task": "dehaze", "name": "0263_0.95_0.08", "psnr": 32.08480418908038, "ssim": 0.9812688827514648}
{"task": "dehaze", "name": "0264_0.95_0.2", "psnr": 21.18999134723458, "ssim": 0.9432287812232971}
{"task": "dehaze", "name": "0266_0.8_0.12", "psnr": 24.326189187414926, "ssim": 0.9667007923126221}
{"task": "dehaze", "name": "0267_0.9_0.16", "psnr": 21.82785575067799, "ssim": 0.9478747248649597}
{"task": "dehaze", "name": "0268_0.9_0.16", "psnr": 31.975493297650882, "ssim": 0.9837892055511475}
{"task": "dehaze", "name": "0269_0.95_0.2", "psnr": 19.005006404862193, "ssim": 0.9358876347541809}
{"task": "dehaze", "name": "0270_0.85_0.16", "psnr": 29.154117183993826, "ssim": 0.9791039824485779}
{"task": "dehaze", "name": "0271_0.85_0.12", "psnr": 30.256771423531678, "ssim": 0.9727239608764648}
{"task": "dehaze", "name": "0272_0.85_0.08", "psnr": 27.75922181921443, "ssim": 0.9850324988365173}
{"task": "dehaze", "name": "0273_0.85_0.2", "psnr": 17.39987090434179, "ssim": 0.9091882705688477}
{"task": "dehaze", "name": "0274_0.95_0.12", "psnr": 21.18596012130771, "ssim": 0.9595885276794434}
{"task": "dehaze", "name": "0275_1_0.16", "psnr": 34.84752469313515, "ssim": 0.986018180847168}
{"task": "dehaze", "name": "0276_1_0.12", "psnr": 31.813078783236115, "ssim": 0.974399745464325}
{"task": "dehaze", "name": "0277_1_0.08", "psnr": 36.87587827507032, "ssim": 0.9882718920707703}
{"task": "dehaze", "name": "0279_0.8_0.12", "psnr": 26.153711890110763, "ssim": 0.9863269925117493}
{"task": "dehaze", "name": "0280_0.9_0.16", "psnr": 27.715077471328577, "ssim": 0.9793440699577332}
{"task": "dehaze", "name": "0281_0.9_0.12", "psnr": 26.268590794332574, "ssim": 0.9797807335853577}
{"task": "dehaze", "name": "0282_0.85_0.16", "psnr": 32.315730216388445, "ssim": 0.9909279942512512}
{"task": "dehaze", "name": "0283_0.85_0.12", "psnr": 30.900751739340762, "ssim": 0.9855973720550537}
{"task": "dehaze", "name": "0284_0.8_0.16", "psnr": 36.60370502678428, "ssim": 0.9925349354743958}
{"task": "dehaze", "name": "0285_0.85_0.2", "psnr": 36.22193892516929, "ssim": 0.9913981556892395}
{"task": "dehaze", "name": "0286_0.8_0.08", "psnr": 21.94280553307943, "ssim": 0.9624620079994202}
{"task": "dehaze", "name": "0287_0.8_0.2", "psnr": 25.208390864225834, "ssim": 0.9790132641792297}
{"task": "dehaze", "name": "0287_0.95_0.08", "psnr": 36.86052139130449, "ssim": 0.9916372299194336}
{"task": "dehaze", "name": "0288_0.95_0.2", "psnr": 34.42804298197158, "ssim": 0.9839131832122803}
{"task": "dehaze", "name": "0290_0.85_0.08", "psnr": 32.22168334335564, "ssim": 0.9893195629119873}
{"task": "dehaze", "name": "0291_0.95_0.12", "psnr": 18.847917812244027, "ssim": 0.9090750813484192}
{"task": "dehaze", "name": "0292_1_0.16", "psnr": 21.216082952706135, "ssim": 0.9400167465209961}
{"task": "dehaze", "name": "0294_1_0.2", "psnr": 27.4964040439039, "ssim": 0.9742946028709412}
{"task": "dehaze", "name": "0295_0.85_0.08", "psnr": 36.3518476832829, "ssim": 0.990168571472168}
{"task": "dehaze", "name": "0296_0.95_0.12", "psnr": 34.76746782141662, "ssim": 0.9892094731330872}
{"task": "dehaze", "name": "0297_0.95_0.08", "psnr": 36.47232752420046, "ssim": 0.9910953640937805}
{"task": "dehaze", "name": "0298_1_0.12", "psnr": 38.49486593054991, "ssim": 0.9948614239692688}
{"task": "dehaze", "name": "0299_0.9_0.08", "psnr": 31.932015305810175, "ssim": 0.9886818528175354}
{"task": "dehaze", "name": "0300_1_0.2", "psnr": 18.272058675605592, "ssim": 0.8987002372741699}
{"task": "dehaze", "name": "0302_0.9_0.16", "psnr": 21.394387689323324, "ssim": 0.961087703704834}
{"task": "dehaze", "name": "0303_0.9_0.12", "psnr": 23.726913196897122, "ssim": 0.9713976979255676}
{"task": "dehaze", "name": "0304_0.9_0.08", "psnr": 32.24956362393942, "ssim": 0.9884743690490723}
{"task": "dehaze", "name": "0305_0.9_0.2", "psnr": 26.68837378474678, "ssim": 0.9706923961639404}
{"task": "dehaze", "name": "0306_0.8_0.16", "psnr": 24.63626708672582, "ssim": 0.9733056426048279}
{"task": "dehaze", "name": "0307_0.8_0.12", "psnr": 25.534084645566782, "ssim": 0.9742687344551086}
{"task": "dehaze", "name": "0308_1_0.16", "psnr": 30.155447257695485, "ssim": 0.9886721968650818}
{"task": "dehaze", "name": "0309_1_0.08", "psnr": 24.236799118783452, "ssim": 0.9714978337287903}
{"task": "dehaze", "name": "0311_0.8_0.16", "psnr": 25.68225883223356, "ssim": 0.9771795272827148}
{"task": "dehaze", "name": "0312_0.8_0.12", "psnr": 30.45353975660263, "ssim": 0.9911618232727051}
{"task": "dehaze", "name": "0313_0.8_0.2", "psnr": 31.043191477046275, "ssim": 0.9902406334877014}
{"task": "dehaze", "name": "0314_0.9_0.12", "psnr": 29.390963156648773, "ssim": 0.9802682399749756}
{"task": "dehaze", "name": "0315_0.85_0.16", "psnr": 30.872098603917614, "ssim": 0.9853973388671875}
{"task": "dehaze", "name": "0316_0.85_0.12", "psnr": 36.09775741477529, "ssim": 0.9911646842956543}
{"task": "dehaze", "name": "0317_0.85_0.08", "psnr": 32.726723979418935, "ssim": 0.9877508282661438}
{"task": "dehaze", "name": "0318_0.85_0.2", "psnr": 28.149956461763843, "ssim": 0.9537723660469055}
{"task": "dehaze", "name": "0319_0.9_0.16", "psnr": 33.660894557886806, "ssim": 0.9863366484642029}
{"task": "dehaze", "name": "0320_0.9_0.08", "psnr": 37.32015900230355, "ssim": 0.9909113049507141}
{"task": "dehaze", "name": "0320_1_0.16", "psnr": 31.72747173575257, "ssim": 0.9815827012062073}
{"task": "dehaze", "name": "0321_1_0.12", "psnr": 35.03709157088805, "ssim": 0.9704259037971497}
{"task": "dehaze", "name": "0323_0.8_0.16", "psnr": 27.176026924186992, "ssim": 0.9753344058990479}
{"task": "dehaze", "name": "0324_0.8_0.12", "psnr": 31.5063924782616, "ssim": 0.9897701740264893}
{"task": "dehaze", "name": "0325_0.9_0.16", "psnr": 20.72267575177477, "ssim": 0.9518211483955383}
{"task": "dehaze", "name": "0326_0.9_0.12", "psnr": 23.020798572659125, "ssim": 0.9689106345176697}
{"task": "dehaze", "name": "0327_1_0.08", "psnr": 33.242423778567016, "ssim": 0.9898197650909424}
{"task": "dehaze", "name": "0329_0.8_0.12", "psnr": 34.38768203461793, "ssim": 0.9873583912849426}
{"task": "dehaze", "name": "0330_0.8_0.08", "psnr": 37.799334548686765, "ssim": 0.9929516911506653}
{"task": "dehaze", "name": "0330_0.95_0.12", "psnr": 34.45804637349348, "ssim": 0.990563154220581}
{"task": "dehaze", "name": "0331_0.95_0.12", "psnr": 30.360939161187307, "ssim": 0.988304853439331}
{"task": "dehaze", "name": "0332_0.95_0.08", "psnr": 31.07222162110093, "ssim": 0.9851590991020203}
{"task": "dehaze", "name": "0333_0.95_0.2", "psnr": 21.75887383729869, "ssim": 0.9580783843994141}
{"task": "dehaze", "name": "0334_1_0.08", "psnr": 34.93959930274255, "ssim": 0.9889991283416748}
{"task": "dehaze", "name": "0335_1_0.2", "psnr": 15.395928445925463, "ssim": 0.84108567237854}
{"task": "dehaze", "name": "0337_0.8_0.08", "psnr": 16.301870582269796, "ssim": 0.8979520797729492}
{"task": "dehaze", "name": "0338_0.9_0.12", "psnr": 21.845391568148443, "ssim": 0.9690163731575012}
{"task": "dehaze", "name": "0340_0.85_0.08", "psnr": 30.31409868112648, "ssim": 0.9818597435951233}
{"task": "dehaze", "name": "0341_0.85_0.2", "psnr": 23.62480403878646, "ssim": 0.9579887986183167}
{"task": "dehaze", "name": "0342_0.95_0.08", "psnr": 34.712558226579105, "ssim": 0.9851955771446228}
{"task": "dehaze", "name": "0343_0.95_0.2", "psnr": 32.279587854224545, "ssim": 0.9846935272216797}
{"task": "dehaze", "name": "0344_0.85_0.16", "psnr": 35.05199457313188, "ssim": 0.9900302886962891}
{"task": "dehaze", "name": "0345_0.85_0.12", "psnr": 32.80363223703876, "ssim": 0.9809534549713135}
{"task": "dehaze", "name": "0346_0.95_0.16", "psnr": 33.492293851803375, "ssim": 0.9865288138389587}
{"task": "dehaze", "name": "0348_0.8_0.2", "psnr": 37.519468821457565, "ssim": 0.9693107008934021}
{"task": "dehaze", "name": "0349_0.9_0.08", "psnr": 35.18179670225751, "ssim": 0.9894773364067078}
{"task": "dehaze", "name": "0350_0.85_0.12", "psnr": 32.3573511625528, "ssim": 0.9823379516601562}
{"task": "dehaze", "name": "0351_0.95_0.16", "psnr": 30.42444064655755, "ssim": 0.98933345079422}
{"task": "dehaze", "name": "0353_0.9_0.12", "psnr": 38.13886913450788, "ssim": 0.9883262515068054}
{"task": "dehaze", "name": "0354_0.9_0.08", "psnr": 34.60711288706296, "ssim": 0.986475944519043}
{"task": "dehaze", "name": "0355_0.85_0.12", "psnr": 33.72015304151549, "ssim": 0.9869510531425476}
{"task": "dehaze", "name": "0356_0.85_0.08", "psnr": 36.50513531997909, "ssim": 0.9891212582588196}
{"task": "dehaze", "name": "0357_0.95_0.12", "psnr": 33.59699103383595, "ssim": 0.9815146327018738}
{"task": "dehaze", "name": "0359_0.85_0.16", "psnr": 35.25486341260867, "ssim": 0.985103189945221}
{"task": "dehaze", "name": "0361_0.85_0.2", "psnr": 31.624915588503132, "ssim": 0.9879060387611389}
{"task": "dehaze", "name": "0362_0.95_0.08", "psnr": 36.32193248478817, "ssim": 0.9932700991630554}
{"task": "dehaze", "name": "0364_0.85_0.12", "psnr": 28.88372479321067, "ssim": 0.972795307636261}
{"task": "dehaze", "name": "0366_0.9_0.16", "psnr": 28.60767545135065, "ssim": 0.9843592047691345}
{"task": "dehaze", "name": "0369_0.85_0.2", "psnr": 36.063145137770135, "ssim": 0.9745402336120605}
{"task": "dehaze", "name": "0371_0.9_0.08", "psnr": 34.19790642542328, "ssim": 0.984196662902832}
{"task": "dehaze", "name": "0372_0.85_0.12", "psnr": 38.59001816115724, "ssim": 0.988679826259613}
{"task": "dehaze", "name": "0375_0.85_0.16", "psnr": 34.87473737165442, "ssim": 0.9908615946769714}
{"task": "dehaze", "name": "0380_0.85_0.2", "psnr": 30.892063599803613, "ssim": 0.9766480326652527}
{"task": "dehaze", "name": "0382_0.9_0.08", "psnr": 34.92340273532849, "ssim": 0.9926363825798035}
{"task": "dehaze", "name": "0383_0.9_0.2", "psnr": 33.71979048231755, "ssim": 0.9816247820854187}
{"task": "dehaze", "name": "0385_0.8_0.08", "psnr": 41.698131639003066, "ssim": 0.9889512658119202}
{"task": "dehaze", "name": "0386_1_0.12", "psnr": 34.489118329361816, "ssim": 0.9857798218727112}
{"task": "dehaze", "name": "0388_0.95_0.16", "psnr": 36.218544874757434, "ssim": 0.9826634526252747}
{"task": "dehaze", "name": "0390_0.9_0.12", "psnr": 32.8681190456953, "ssim": 0.9828698039054871}
{"task": "dehaze", "name": "0391_1_0.08", "psnr": 33.775367062184095, "ssim": 0.9870238304138184}
{"task": "dehaze", "name": "0392_1_0.2", "psnr": 31.623112645799658, "ssim": 0.9868333339691162}
{"task": "dehaze", "name": "0393_1_0.2", "psnr": 26.69533781882113, "ssim": 0.9841296076774597}
{"task": "dehaze", "name": "0395_0.95_0.08", "psnr": 33.50980603683058, "ssim": 0.9913244247436523}
{"task": "dehaze", "name": "0397_0.85_0.12", "psnr": 18.20677290801625, "ssim": 0.9196064472198486}
{"task": "dehaze", "name": "0399_0.8_0.08", "psnr": 28.64883265336318, "ssim": 0.9796980023384094}
{"task": "dehaze", "name": "0400_0.9_0.12", "psnr": 29.678800988133926, "ssim": 0.9836089015007019}
{"task": "dehaze", "name": "0402_0.8_0.16", "psnr": 32.598029925939805, "ssim": 0.9848318696022034}
{"task": "dehaze", "name": "0404_0.8_0.2", "psnr": 25.74312114695275, "ssim": 0.9757704138755798}
{"task": "dehaze", "name": "0405_1_0.08", "psnr": 27.001056467636598, "ssim": 0.9813482761383057}
{"task": "dehaze", "name": "0406_1_0.2", "psnr": 25.543178368807474, "ssim": 0.9785504937171936}
{"task": "dehaze", "name": "0407_0.95_0.16", "psnr": 24.25476001761598, "ssim": 0.969270646572113}
{"task": "dehaze", "name": "0409_1_0.12", "psnr": 32.69822621558994, "ssim": 0.9882805347442627}
{"task": "dehaze", "name": "0411_0.95_0.16", "psnr": 33.20386116905065, "ssim": 0.9898658394813538}
{"task": "dehaze", "name": "0413_0.95_0.2", "psnr": 22.52761286642911, "ssim": 0.9464485049247742}
{"task": "dehaze", "name": "1001_0.8_0.16", "psnr": 35.09976083936881, "ssim": 0.9861348271369934}
{"task": "dehaze", "name": "1002_1_0.16", "psnr": 35.930725396544844, "ssim": 0.9904830455780029}
{"task": "dehaze", "name": "1005_0.8_0.12", "psnr": 20.055838439214973, "ssim": 0.9426724910736084}
{"task": "dehaze", "name": "1006_1_0.16", "psnr": 18.92066141192007, "ssim": 0.937802791595459}
{"task": "dehaze", "name": "1007_0.95_0.08", "psnr": 35.87079992888113, "ssim": 0.9898297190666199}
{"task": "dehaze", "name": "1008_0.9_0.12", "psnr": 36.71555735848759, "ssim": 0.988466203212738}
{"task": "dehaze", "name": "1009_0.85_0.12", "psnr": 30.53265704216517, "ssim": 0.9876037240028381}
{"task": "dehaze", "name": "1010_0.85_0.08", "psnr": 33.154146740083185, "ssim": 0.9912816882133484}
{"task": "dehaze", "name": "1011_0.95_0.12", "psnr": 30.641659638728044, "ssim": 0.9819691777229309}
{"task": "dehaze", "name": "1012_0.95_0.08", "psnr": 32.86530745216373, "ssim": 0.9895523190498352}
{"task": "dehaze", "name": "1015_0.8_0.12", "psnr": 23.651188493518585, "ssim": 0.9719190001487732}
{"task": "dehaze", "name": "1016_0.9_0.16", "psnr": 33.613512569710224, "ssim": 0.9841065406799316}
{"task": "dehaze", "name": "1018_0.85_0.12", "psnr": 23.352537442890874, "ssim": 0.9726870059967041}
{"task": "dehaze", "name": "1020_0.95_0.08", "psnr": 17.14991379115106, "ssim": 0.9305328726768494}
{"task": "dehaze", "name": "1022_0.85_0.12", "psnr": 18.65098887592784, "ssim": 0.9067390561103821}
{"task": "dehaze", "name": "1027_0.8_0.08", "psnr": 31.58468351911463, "ssim": 0.9723430275917053}
{"task": "dehaze", "name": "1030_0.95_0.12", "psnr": 24.587951141260124, "ssim": 0.9647629857063293}
{"task": "dehaze", "name": "1034_0.9_0.16", "psnr": 29.449047148918442, "ssim": 0.9772108197212219}
{"task": "dehaze", "name": "1037_0.8_0.12", "psnr": 19.865277450534176, "ssim": 0.9420496821403503}
{"task": "dehaze", "name": "1038_1_0.16", "psnr": 19.238313743820243, "ssim": 0.920988142490387}
{"task": "dehaze", "name": "1040_1_0.2", "psnr": 28.217923651341657, "ssim": 0.976517379283905}
{"task": "dehaze", "name": "1042_0.95_0.08", "psnr": 37.310133692549925, "ssim": 0.991175651550293}
{"task": "dehaze", "name": "1044_0.85_0.12", "psnr": 27.723411515651115, "ssim": 0.9333832859992981}
{"task": "dehaze", "name": "1046_0.9_0.16", "psnr": 35.48621840413416, "ssim": 0.9849367737770081}
{"task": "dehaze", "name": "1048_0.9_0.2", "psnr": 35.814586438421934, "ssim": 0.9856820702552795}
{"task": "dehaze", "name": "1050_0.8_0.08", "psnr": 38.29167210341744, "ssim": 0.9876585006713867}
{"task": "dehaze", "name": "1051_1_0.12", "psnr": 37.84173115198743, "ssim": 0.9902322292327881}
{"task": "dehaze", "name": "1053_0.95_0.16", "psnr": 30.9684215445194, "ssim": 0.987856924533844}
{"task": "dehaze", "name": "1055_0.95_0.2", "psnr": 34.29038342222882, "ssim": 0.9915831685066223}
{"task": "dehaze", "name": "1057_0.95_0.16", "psnr": 29.772720360508327, "ssim": 0.9858759045600891}
{"task": "dehaze", "name": "1059_0.95_0.2", "psnr": 29.67452837910129, "ssim": 0.981001615524292}
{"task": "dehaze", "name": "1060_0.85_0.16", "psnr": 28.0146976485819, "ssim": 0.9865679144859314}
{"task": "dehaze", "name": "1063_0.9_0.12", "psnr": 28.436314797842044, "ssim": 0.9849297404289246}
{"task": "dehaze", "name": "1709_0.95_0.08", "psnr": 32.56211455583637, "ssim": 0.9868636131286621}
{"task": "dehaze", "name": "1712_0.8_0.08", "psnr": 38.27366793266033, "ssim": 0.9911457896232605}
{"task": "dehaze", "name": "1713_1_0.08", "psnr": 41.44079319019553, "ssim": 0.9943634867668152}
{"task": "dehaze", "name": "1714_1_0.2", "psnr": 27.981451012850368, "ssim": 0.9339056015014648}
{"task": "dehaze", "name": "1716_0.95_0.12", "psnr": 34.981862875501555, "ssim": 0.9664506912231445}
{"task": "dehaze", "name": "1718_0.9_0.2", "psnr": 25.800179921826842, "ssim": 0.971584141254425}
{"task": "dehaze", "name": "1722_0.95_0.16", "psnr": 38.68167249802255, "ssim": 0.987403392791748}
{"task": "dehaze", "name": "1724_0.95_0.2", "psnr": 30.893490283395995, "ssim": 0.9823275208473206}
{"task": "dehaze", "name": "1726_0.85_0.12", "psnr": 31.32659873439287, "ssim": 0.9856920838356018}
{"task": "dehaze", "name": "1728_0.9_0.12", "psnr": 34.39554489028946, "ssim": 0.9877610206604004}
{"task": "dehaze", "name": "1730_0.85_0.08", "psnr": 34.029278071100684, "ssim": 0.9878330826759338}
{"task": "dehaze", "name": "1731_0.85_0.2", "psnr": 28.352064872104418, "ssim": 0.9818132519721985}
{"task": "dehaze", "name": "1732_0.95_0.2", "psnr": 25.626463513380052, "ssim": 0.9456877112388611}
{"task": "dehaze", "name": "1734_1_0.08", "psnr": 37.238470772673836, "ssim": 0.9913045763969421}
{"task": "dehaze", "name": "1736_0.8_0.08", "psnr": 37.44149750004293, "ssim": 0.9863934516906738}
{"task": "dehaze", "name": "1738_1_0.2", "psnr": 30.50528498766876, "ssim": 0.9775602221488953}
{"task": "dehaze", "name": "1741_0.85_0.16", "psnr": 27.58691735366972, "ssim": 0.9731605052947998}
{"task": "dehaze", "name": "1742_0.85_0.12", "psnr": 29.54503489682384, "ssim": 0.985727071762085}
{"task": "dehaze", "name": "1743_0.85_0.08", "psnr": 33.6881403260237, "ssim": 0.9918749928474426}
{"task": "dehaze", "name": "1744_0.85_0.08", "psnr": 37.11925349112982, "ssim": 0.9907469749450684}
{"task": "dehaze", "name": "1747_0.8_0.16", "psnr": 25.460503197395, "ssim": 0.9775834679603577}
{"task": "dehaze", "name": "1749_0.8_0.2", "psnr": 28.829726237887797, "ssim": 0.9710314273834229}
{"task": "dehaze", "name": "1753_0.9_0.08", "psnr": 29.988183165880354, "ssim": 0.9867382049560547}
{"task": "dehaze", "name": "1756_0.9_0.12", "psnr": 25.441547655416265, "ssim": 0.9663507342338562}
{"task": "dehaze", "name": "1757_0.85_0.16", "psnr": 26.34525445001744, "ssim": 0.9790069460868835}
{"task": "dehaze", "name": "1759_0.8_0.12", "psnr": 29.294516910023635, "ssim": 0.9593262076377869}
{"task": "dehaze", "name": "1760_1_0.16", "psnr": 28.866001406402123, "ssim": 0.9782492518424988}
{"task": "dehaze", "name": "1765_0.85_0.12", "psnr": 35.997438024660596, "ssim": 0.9911509156227112}
{"task": "dehaze", "name": "1771_1_0.08", "psnr": 30.337369709225324, "ssim": 0.9836376309394836}
{"task": "dehaze", "name": "1774_0.95_0.2", "psnr": 28.604122994354935, "ssim": 0.9695932269096375}
{"task": "dehaze", "name": "1778_0.9_0.08", "psnr": 24.053910017303114, "ssim": 0.9739083647727966}
{"task": "dehaze", "name": "1781_0.8_0.2", "psnr": 26.98808125462168, "ssim": 0.9776694178581238}
{"task": "dehaze", "name": "1784_0.8_0.08", "psnr": 34.46161332109409, "ssim": 0.9932088255882263}
{"task": "dehaze", "name": "1790_1_0.16", "psnr": 36.35901314847867, "ssim": 0.9728176593780518}
{"task": "dehaze", "name": "1800_1_0.16", "psnr": 25.244829568217785, "ssim": 0.9787068367004395}
{"task": "dehaze", "name": "1805_0.85_0.12", "psnr": 30.54284012808852, "ssim": 0.98287433385849}
{"task": "dehaze", "name": "1812_1_0.16", "psnr": 29.778804253132183, "ssim": 0.9576026797294617}
{"task": "dehaze", "name": "1815_1_0.2", "psnr": 33.449864062823444, "ssim": 0.9759629368782043}
{"task": "dehaze", "name": "1818_0.85_0.12", "psnr": 33.33159109803594, "ssim": 0.9883299469947815}
{"task": "dehaze", "name": "1821_0.8_0.08", "psnr": 39.465594853139, "ssim": 0.9912999272346497}
{"task": "dehaze", "name": "1822_1_0.08", "psnr": 37.64918579355673, "ssim": 0.9898883700370789}
{"task": "dehaze", "name": "1824_0.95_0.08", "psnr": 37.54855686088679, "ssim": 0.9747109413146973}
{"task": "dehaze", "name": "1826_0.9_0.08", "psnr": 36.35696486116712, "ssim": 0.9901184439659119}
{"task": "dehaze", "name": "1828_0.85_0.08", "psnr": 42.68068036289768, "ssim": 0.9941170811653137}
{"task": "dehaze", "name": "1831_0.8_0.16", "psnr": 40.95816139031841, "ssim": 0.99260014295578}
{"task": "dehaze", "name": "1832_0.95_0.08", "psnr": 42.38987777970456, "ssim": 0.9922963976860046}
{"task": "dehaze", "name": "1834_1_0.08", "psnr": 34.69175827643204, "ssim": 0.9885008931159973}
{"task": "dehaze", "name": "1837_0.9_0.08", "psnr": 32.24667902462556, "ssim": 0.9853082299232483}
{"task": "dehaze", "name": "1839_0.8_0.12", "psnr": 36.245776631423496, "ssim": 0.9889616966247559}
{"task": "dehaze", "name": "1840_0.85_0.08", "psnr": 30.989942685650274, "ssim": 0.990966260433197}
{"task": "dehaze", "name": "1843_0.8_0.12", "psnr": 30.2291343952019, "ssim": 0.97613525390625}
{"task": "dehaze", "name": "1845_0.9_0.08", "psnr": 35.541339772428515, "ssim": 0.9890261292457581}
{"task": "dehaze", "name": "1846_0.9_0.08", "psnr": 28.199681048238002, "ssim": 0.9701988101005554}
{"task": "dehaze", "name": "1848_0.8_0.12", "psnr": 28.712771903884406, "ssim": 0.9811608195304871}
{"task": "dehaze", "name": "1849_1_0.12", "psnr": 27.878682116132474, "ssim": 0.9806437492370605}
{"task": "dehaze", "name": "1851_0.85_0.08", "psnr": 35.467312731909, "ssim": 0.9825180172920227}
{"task": "dehaze", "name": "1852_0.85_0.08", "psnr": 40.634478787659056, "ssim": 0.9831401705741882}
{"task": "dehaze", "name": "1853_0.85_0.08", "psnr": 37.40897692657207, "ssim": 0.9933810234069824}
{"task": "dehaze", "name": "1855_0.9_0.08", "psnr": 40.83038184003199, "ssim": 0.9935199618339539}
{"task": "dehaze", "name": "1857_0.8_0.12", "psnr": 29.37462818359382, "ssim": 0.9823729395866394}
{"task": "dehaze", "name": "1858_0.95_0.08", "psnr": 27.83667775210553, "ssim": 0.9795631766319275}
{"task": "dehaze", "name": "1859_0.85_0.16", "psnr": 26.11745415186947, "ssim": 0.9843473434448242}
{"task": "dehaze", "name": "1861_0.85_0.2", "psnr": 23.105851996059386, "ssim": 0.9579548835754395}
{"task": "dehaze", "name": "1862_0.8_0.12", "psnr": 29.71255952187008, "ssim": 0.97837233543396}
{"task": "dehaze", "name": "1863_1_0.08", "psnr": 24.794296521053614, "ssim": 0.979076623916626}
{"task": "dehaze", "name": "1865_0.85_0.08", "psnr": 26.893872486065117, "ssim": 0.9829661250114441}
{"task": "dehaze", "name": "1867_0.8_0.2", "psnr": 23.754162505608193, "ssim": 0.9709910750389099}
{"task": "dehaze", "name": "1868_1_0.08", "psnr": 39.66638685715649, "ssim": 0.9933261275291443}
{"task": "dehaze", "name": "1869_1_0.2", "psnr": 25.225976596389398, "ssim": 0.9849315285682678}
{"task": "dehaze", "name": "1871_0.95_0.08", "psnr": 37.29958642261484, "ssim": 0.9925727844238281}
{"task": "dehaze", "name": "1872_0.95_0.08", "psnr": 34.524811576080104, "ssim": 0.9918116927146912}
{"task": "dehaze", "name": "1873_0.85_0.16", "psnr": 32.406141779758805, "ssim": 0.9905020594596863}
{"task": "dehaze", "name": "1874_0.85_0.12", "psnr": 33.88627127092057, "ssim": 0.9881098866462708}
{"task": "dehaze", "name": "1875_0.85_0.08", "psnr": 38.12587115897568, "ssim": 0.9879186749458313}
{"task": "dehaze", "name": "1876_1_0.16", "psnr": 31.453839458990856, "ssim": 0.9702151417732239}
{"task": "dehaze", "name": "1877_0.9_0.12", "psnr": 36.348871329413754, "ssim": 0.9743264317512512}
{"task": "dehaze", "name": "1878_0.9_0.12", "psnr": 31.684982964544275, "ssim": 0.985757052898407}
{"task": "dehaze", "name": "1879_0.9_0.08", "psnr": 37.16667947923566, "ssim": 0.9917803406715393}
{"task": "dehaze", "name": "1880_0.9_0.08", "psnr": 42.235038049139604, "ssim": 0.9956876635551453}
{"task": "dehaze", "name": "1881_0.8_0.16", "psnr": 28.056649481010414, "ssim": 0.9773263931274414}
{"task": "dehaze", "name": "1882_0.85_0.2", "psnr": 29.5550137867594, "ssim": 0.9852091670036316}
{"task": "dehaze", "name": "1883_0.8_0.12", "psnr": 29.900660567733965, "ssim": 0.9888291954994202}
{"task": "dehaze", "name": "1887_0.95_0.08", "psnr": 34.73249154996063, "ssim": 0.9917331337928772}
{"task": "dehaze", "name": "1889_0.85_0.08", "psnr": 41.87026559460718, "ssim": 0.9898898601531982}
{"task": "dehaze", "name": "1891_0.9_0.16", "psnr": 34.764062806796275, "ssim": 0.9829857349395752}
{"task": "dehaze", "name": "1893_0.9_0.2", "psnr": 33.64305321292831, "ssim": 0.9752734303474426}
{"task": "dehaze", "name": "1896_0.9_0.08", "psnr": 32.995168692579526, "ssim": 0.981433629989624}
{"task": "dehaze", "name": "1898_0.85_0.08", "psnr": 26.77432055017579, "ssim": 0.9817090630531311}
{"task": "dehaze", "name": "1899_0.8_0.08", "psnr": 36.396080177360965, "ssim": 0.9880817532539368}
{"task": "dehaze", "name": "1900_0.8_0.08", "psnr": 30.975230362404748, "ssim": 0.9877169132232666}
{"task": "dehaze", "name": "1903_0.95_0.08", "psnr": 34.587155975386594, "ssim": 0.9916245937347412}
{"task": "dehaze", "name": "1909_0.85_0.2", "psnr": 24.8864288194447, "ssim": 0.9720630049705505}
{"task": "dehaze", "name": "1913_0.95_0.08", "psnr": 35.43649973239087, "ssim": 0.9923115372657776}
{"task": "dehaze", "name": "1915_1_0.08", "psnr": 38.79712658288377, "ssim": 0.9919063448905945}
{"task": "dehaze", "name": "1917_0.95_0.2", "psnr": 31.534282418266166, "ssim": 0.9564146399497986}
{"task": "dehaze", "name": "1919_1_0.08", "psnr": 31.804657036809637, "ssim": 0.9914236664772034}
{"task": "dehaze", "name": "1920_0.95_0.16", "psnr": 25.562122587150814, "ssim": 0.9811245799064636}
{"task": "dehaze", "name": "1921_0.95_0.08", "psnr": 36.032798902224606, "ssim": 0.9853822588920593}
{"task": "dehaze", "name": "1923_0.9_0.08", "psnr": 34.33284784988644, "ssim": 0.987494170665741}
{"task": "dehaze", "name": "1924_0.85_0.12", "psnr": 28.771405150046974, "ssim": 0.9810972809791565}
{"task": "dehaze", "name": "1926_0.9_0.16", "psnr": 21.248280978950447, "ssim": 0.9420406222343445}
{"task": "dehaze", "name": "1927_0.9_0.08", "psnr": 23.308826554245755, "ssim": 0.9545904994010925}
{"task": "dehaze", "name": "1928_0.9_0.08", "psnr": 29.758919554507813, "ssim": 0.9890959858894348}
{"task": "dehaze", "name": "1930_0.8_0.08", "psnr": 30.17548805783031, "ssim": 0.987709105014801}
{"task": "dehaze", "name": "1931_0.8_0.08", "psnr": 30.739191584749687, "ssim": 0.9879844784736633}
{"task": "dehaze", "name": "1932_0.8_0.2", "psnr": 23.67480337911274, "ssim": 0.9683278203010559}
{"task": "dehaze", "name": "1933_0.8_0.2", "psnr": 26.608205974918626, "ssim": 0.980957567691803}
{"task": "dehaze", "name": "1934_1_0.08", "psnr": 33.60349195526762, "ssim": 0.986870288848877}
{"task": "dehaze", "name": "1936_0.95_0.08", "psnr": 25.06425335203584, "ssim": 0.9776771664619446}
{"task": "dehaze", "name": "1938_0.85_0.12", "psnr": 30.266862231279617, "ssim": 0.991575300693512}
{"task": "dehaze", "name": "1940_0.9_0.16", "psnr": 26.607627641126527, "ssim": 0.9884560108184814}
{"task": "dehaze", "name": "1942_0.85_0.08", "psnr": 33.44748179618533, "ssim": 0.9915571808815002}
{"task": "dehaze", "name": "1944_0.9_0.16", "psnr": 30.471379151481685, "ssim": 0.9844441413879395}
{"task": "dehaze", "name": "1945_0.9_0.12", "psnr": 19.151030010392272, "ssim": 0.9333599209785461}
{"task": "dehaze", "name": "1947_0.8_0.16", "psnr": 22.88039288133487, "ssim": 0.9804731011390686}
{"task": "dehaze", "name": "1949_0.8_0.2", "psnr": 21.083750794990237, "ssim": 0.9727745056152344}
{"task": "dehaze", "name": "1950_1_0.08", "psnr": 36.66011618300068, "ssim": 0.994245707988739}
{"task": "dehaze", "name": "1953_0.8_0.2", "psnr": 23.590854122776367, "ssim": 0.9733982086181641}
{"task": "dehaze", "name": "1954_1_0.08", "psnr": 33.45491983572793, "ssim": 0.9895443916320801}
{"task": "dehaze", "name": "1956_0.8_0.12", "psnr": 28.99390514631626, "ssim": 0.9653234481811523}
{"task": "dehaze", "name": "1958_0.9_0.08", "psnr": 37.02463625838357, "ssim": 0.9974777698516846}
{"task": "dehaze", "name": "1960_0.85_0.2", "psnr": 33.59436967455061, "ssim": 0.976813018321991}
{"task": "dehaze", "name": "1962_0.9_0.08", "psnr": 35.75881184049579, "ssim": 0.9914579391479492}
{"task": "dehaze", "name": "1964_0.85_0.2", "psnr": 31.557537464389984, "ssim": 0.9873778820037842}
{"task": "dehaze", "name": "1966_0.9_0.08", "psnr": 34.26999051758967, "ssim": 0.9885581135749817}
{"task": "dehaze", "name": "1968_0.8_0.12", "psnr": 27.2472077091846, "ssim": 0.9796669483184814}
{"task": "dehaze", "name": "1970_0.9_0.08", "psnr": 35.55114267696962, "ssim": 0.9906964302062988}
{"task": "dehaze", "name": "1971_1_0.08", "psnr": 36.18803180747866, "ssim": 0.9917869567871094}
{"task": "dehaze", "name": "1973_0.95_0.08", "psnr": 39.061724112803475, "ssim": 0.9923567771911621}
{"task": "dehaze", "name": "1975_0.85_0.12", "psnr": 34.70167801021163, "ssim": 0.9829721450805664}
{"task": "dehaze", "name": "1977_0.8_0.08", "psnr": 39.35187036752719, "ssim": 0.9935545921325684}
{"task": "dehaze", "name": "1981_0.8_0.2", "psnr": 34.26518209021923, "ssim": 0.986685574054718}
{"task": "dehaze", "name": "1982_1_0.08", "psnr": 38.231908351366464, "ssim": 0.9931935667991638}
{"task": "dehaze", "name": "1984_0.85_0.08", "psnr": 39.19305884708056, "ssim": 0.9931740164756775}
{"task": "dehaze", "name": "1986_0.9_0.08", "psnr": 33.545536347643676, "ssim": 0.9913163185119629}
{"task": "dehaze", "name": "1988_0.8_0.12", "psnr": 32.3351052552986, "ssim": 0.9861552119255066}
{
  "denoise15": {
    "psnr": 33.97706789208079,
    "ssim": 0.9332819791401133,
    "n": 68
  },
  "denoise25": {
    "psnr": 31.31218100113211,
    "ssim": 0.8885847680708941,
    "n": 68
  },
  "denoise50": {
    "psnr": 28.04590363038693,
    "ssim": 0.7969570633243112,
    "n": 68
  },
  "derain": {
    "psnr": 37.439573448353556,
    "ssim": 0.9786196058988571,
    "n": 100
  },
  "dehaze": {
    "psnr": 30.617286655473894,
    "ssim": 0.9780215768814087,
    "n": 500
  },
  "five_setting_mean": {
    "psnr": 32.278402525485454,
    "ssim": 0.9150929986631169
  }
}
