
libgomp: Invalid value for environment variable OMP_NUM_THREADS
[transformers] Disabling PyTorch because PyTorch >= 2.4 is required but found 2.3.0+cu121
[transformers] PyTorch was not found. Models won't be available and only tokenizers, configuration and file/data utilities can be used.
{"task": "denoise15", "name": "0000", "psnr": 42.40467245889765, "ssim": 0.9744794964790344}
{"task": "denoise15", "name": "0001", "psnr": 32.67608878561434, "ssim": 0.9154712557792664}
{"task": "denoise15", "name": "0002", "psnr": 36.812931333487676, "ssim": 0.9350342750549316}
{"task": "denoise15", "name": "0003", "psnr": 33.21981245328641, "ssim": 0.9209906458854675}
{"task": "denoise15", "name": "0004", "psnr": 33.02876195954013, "ssim": 0.9286648631095886}
{"task": "denoise15", "name": "0005", "psnr": 33.841712796303504, "ssim": 0.9016785025596619}
{"task": "denoise15", "name": "0006", "psnr": 34.79795363416247, "ssim": 0.9655094146728516}
{"task": "denoise15", "name": "0007", "psnr": 30.7657409852698, "ssim": 0.9626920819282532}
{"task": "denoise15", "name": "0008", "psnr": 31.16131123693799, "ssim": 0.9163990020751953}
{"task": "denoise15", "name": "0009", "psnr": 34.99440831884708, "ssim": 0.949920654296875}
{"task": "denoise15", "name": "0010", "psnr": 34.74695247235963, "ssim": 0.9319062232971191}
{"task": "denoise15", "name": "0011", "psnr": 35.53869012146078, "ssim": 0.9441911578178406}
{"task": "denoise15", "name": "0012", "psnr": 32.82197247204984, "ssim": 0.9445921778678894}
{"task": "denoise15", "name": "0013", "psnr": 37.34648059276076, "ssim": 0.956242024898529}
{"task": "denoise15", "name": "0014", "psnr": 33.518359212122945, "ssim": 0.9343338012695312}
{"task": "denoise15", "name": "0015", "psnr": 31.682820088460616, "ssim": 0.9231938719749451}
{"task": "denoise15", "name": "0016", "psnr": 34.01917479762658, "ssim": 0.9416336417198181}
{"task": "denoise15", "name": "0017", "psnr": 34.42938163817616, "ssim": 0.9322111010551453}
{"task": "denoise15", "name": "0018", "psnr": 34.17902394184316, "ssim": 0.9529399871826172}
{"task": "denoise15", "name": "0019", "psnr": 34.480919809238536, "ssim": 0.9388799667358398}
{"task": "denoise15", "name": "0020", "psnr": 35.33340502101137, "ssim": 0.9287412762641907}
{"task": "denoise15", "name": "0021", "psnr": 32.656851217341234, "ssim": 0.9201385974884033}
{"task": "denoise15", "name": "0022", "psnr": 33.389317328389325, "ssim": 0.9485483765602112}
{"task": "denoise15", "name": "0023", "psnr": 37.16674069854427, "ssim": 0.9474976658821106}
{"task": "denoise15", "name": "0024", "psnr": 33.349135427954536, "ssim": 0.9245133399963379}
{"task": "denoise15", "name": "0025", "psnr": 33.81785683502601, "ssim": 0.9217669367790222}
{"task": "denoise15", "name": "0026", "psnr": 32.00483878841253, "ssim": 0.9486878514289856}
{"task": "denoise15", "name": "0027", "psnr": 32.26673817427566, "ssim": 0.9337596893310547}
{"task": "denoise15", "name": "0028", "psnr": 34.054236567538155, "ssim": 0.9460067749023438}
{"task": "denoise15", "name": "0029", "psnr": 33.77797300850288, "ssim": 0.9457278251647949}
{"task": "denoise15", "name": "0030", "psnr": 34.85337556707924, "ssim": 0.9683635830879211}
{"task": "denoise15", "name": "0031", "psnr": 34.582217620104295, "ssim": 0.9275548458099365}
{"task": "denoise15", "name": "0032", "psnr": 37.394263301484074, "ssim": 0.9353877902030945}
{"task": "denoise15", "name": "0033", "psnr": 30.994632631444553, "ssim": 0.9557056427001953}
{"task": "denoise15", "name": "0034", "psnr": 34.512909905403426, "ssim": 0.9216012954711914}
{"task": "denoise15", "name": "0035", "psnr": 30.48004589210478, "ssim": 0.9541152119636536}
{"task": "denoise15", "name": "0036", "psnr": 32.043425878374094, "ssim": 0.9493532776832581}
{"task": "denoise15", "name": "0037", "psnr": 33.57981468614976, "ssim": 0.9613110423088074}
{"task": "denoise15", "name": "0038", "psnr": 36.85906589347047, "ssim": 0.9173508286476135}
{"task": "denoise15", "name": "0039", "psnr": 31.782920694760293, "ssim": 0.8473290801048279}
{"task": "denoise15", "name": "0040", "psnr": 33.23726221726287, "ssim": 0.9208293557167053}
{"task": "denoise15", "name": "0041", "psnr": 33.60365800821293, "ssim": 0.9165872931480408}
{"task": "denoise15", "name": "0042", "psnr": 37.28243369499832, "ssim": 0.9584551453590393}
{"task": "denoise15", "name": "0043", "psnr": 32.96589847495976, "ssim": 0.9345027804374695}
{"task": "denoise15", "name": "0044", "psnr": 34.53710199388177, "ssim": 0.9204662442207336}
{"task": "denoise15", "name": "0045", "psnr": 35.122818927842246, "ssim": 0.9485129714012146}
{"task": "denoise15", "name": "0046", "psnr": 33.21937687413745, "ssim": 0.9530363082885742}
{"task": "denoise15", "name": "0047", "psnr": 37.58786696527763, "ssim": 0.93953537940979}
{"task": "denoise15", "name": "0048", "psnr": 31.866202374610957, "ssim": 0.9282509684562683}
{"task": "denoise15", "name": "0049", "psnr": 31.905380281089293, "ssim": 0.9374384880065918}
{"task": "denoise15", "name": "0050", "psnr": 35.40316180855898, "ssim": 0.9051177501678467}
{"task": "denoise15", "name": "0051", "psnr": 32.039227779753695, "ssim": 0.9267805218696594}
{"task": "denoise15", "name": "0052", "psnr": 33.46807127692208, "ssim": 0.9290298819541931}
{"task": "denoise15", "name": "0053", "psnr": 35.765653199050455, "ssim": 0.9138261675834656}
{"task": "denoise15", "name": "0054", "psnr": 35.066674911458826, "ssim": 0.8958340287208557}
{"task": "denoise15", "name": "0055", "psnr": 34.03655855652389, "ssim": 0.9282308220863342}
{"task": "denoise15", "name": "0056", "psnr": 32.7004556871352, "ssim": 0.9283414483070374}
{"task": "denoise15", "name": "0057", "psnr": 29.912742076551183, "ssim": 0.947039783000946}
{"task": "denoise15", "name": "0058", "psnr": 33.192216570961904, "ssim": 0.9401935935020447}
{"task": "denoise15", "name": "0059", "psnr": 34.58708619268158, "ssim": 0.8930368423461914}
{"task": "denoise15", "name": "0060", "psnr": 34.4205915491425, "ssim": 0.9026755690574646}
{"task": "denoise15", "name": "0061", "psnr": 35.0787684069588, "ssim": 0.9058731198310852}
{"task": "denoise15", "name": "0062", "psnr": 34.814083395176, "ssim": 0.9084860682487488}
{"task": "denoise15", "name": "0063", "psnr": 38.021085382749675, "ssim": 0.963193953037262}
{"task": "denoise15", "name": "0064", "psnr": 31.978583551020602, "ssim": 0.9490689635276794}
{"task": "denoise15", "name": "0065", "psnr": 31.730587702708213, "ssim": 0.908675491809845}
{"task": "denoise15", "name": "0066", "psnr": 33.421651762210864, "ssim": 0.9259867668151855}
{"task": "denoise15", "name": "0067", "psnr": 32.1084827938388, "ssim": 0.9597437977790833}
{"task": "denoise25", "name": "0000", "psnr": 40.23531612114318, "ssim": 0.9687990546226501}
{"task": "denoise25", "name": "0001", "psnr": 30.08436597790165, "ssim": 0.8625974655151367}
{"task": "denoise25", "name": "0002", "psnr": 34.636176661051195, "ssim": 0.9001705050468445}
{"task": "denoise25", "name": "0003", "psnr": 30.616362144862983, "ssim": 0.8679690957069397}
{"task": "denoise25", "name": "0004", "psnr": 30.306389102110998, "ssim": 0.8765705227851868}
{"task": "denoise25", "name": "0005", "psnr": 31.4009126119373, "ssim": 0.8459758162498474}
{"task": "denoise25", "name": "0006", "psnr": 31.914460990911255, "ssim": 0.9446649551391602}
{"task": "denoise25", "name": "0007", "psnr": 27.567479691448497, "ssim": 0.9256275296211243}
{"task": "denoise25", "name": "0008", "psnr": 28.248992964282223, "ssim": 0.84124755859375}
{"task": "denoise25", "name": "0009", "psnr": 32.28366055992742, "ssim": 0.918597936630249}
{"task": "denoise25", "name": "0010", "psnr": 32.16889843948711, "ssim": 0.9015441536903381}
{"task": "denoise25", "name": "0011", "psnr": 32.84449243945008, "ssim": 0.9053651690483093}
{"task": "denoise25", "name": "0012", "psnr": 29.897779629338864, "ssim": 0.8962750434875488}
{"task": "denoise25", "name": "0013", "psnr": 35.003745329346955, "ssim": 0.9323239922523499}
{"task": "denoise25", "name": "0014", "psnr": 30.808549508341745, "ssim": 0.8854807019233704}
{"task": "denoise25", "name": "0015", "psnr": 28.71250088886567, "ssim": 0.8596479296684265}
{"task": "denoise25", "name": "0016", "psnr": 31.29774446732597, "ssim": 0.8984645009040833}
{"task": "denoise25", "name": "0017", "psnr": 31.81869621919833, "ssim": 0.8858752846717834}
{"task": "denoise25", "name": "0018", "psnr": 31.402604662510605, "ssim": 0.9216394424438477}
{"task": "denoise25", "name": "0019", "psnr": 31.801130783814678, "ssim": 0.8947804570198059}
{"task": "denoise25", "name": "0020", "psnr": 32.852911795191886, "ssim": 0.8941338658332825}
{"task": "denoise25", "name": "0021", "psnr": 29.83020673001446, "ssim": 0.865142822265625}
{"task": "denoise25", "name": "0022", "psnr": 30.630450301155427, "ssim": 0.9135404229164124}
{"task": "denoise25", "name": "0023", "psnr": 34.649025301022874, "ssim": 0.920107901096344}
{"task": "denoise25", "name": "0024", "psnr": 30.508961572668586, "ssim": 0.8712396621704102}
{"task": "denoise25", "name": "0025", "psnr": 31.092843956846327, "ssim": 0.8818188309669495}
{"task": "denoise25", "name": "0026", "psnr": 28.983290634880127, "ssim": 0.915327250957489}
{"task": "denoise25", "name": "0027", "psnr": 29.528032251387657, "ssim": 0.8850653767585754}
{"task": "denoise25", "name": "0028", "psnr": 31.161793817613678, "ssim": 0.9102461934089661}
{"task": "denoise25", "name": "0029", "psnr": 31.062844911650323, "ssim": 0.9091154932975769}
{"task": "denoise25", "name": "0030", "psnr": 31.877005063659475, "ssim": 0.9463068842887878}
{"task": "denoise25", "name": "0031", "psnr": 32.017093501188036, "ssim": 0.8825551867485046}
{"task": "denoise25", "name": "0032", "psnr": 34.930509181268434, "ssim": 0.9014402031898499}
{"task": "denoise25", "name": "0033", "psnr": 27.575455152445556, "ssim": 0.9175243377685547}
{"task": "denoise25", "name": "0034", "psnr": 31.926102935923723, "ssim": 0.8699226379394531}
{"task": "denoise25", "name": "0035", "psnr": 27.311810049828978, "ssim": 0.9058892130851746}
{"task": "denoise25", "name": "0036", "psnr": 29.151114753789905, "ssim": 0.9027701020240784}
{"task": "denoise25", "name": "0037", "psnr": 30.514251926831765, "ssim": 0.936404287815094}
{"task": "denoise25", "name": "0038", "psnr": 35.013870263651135, "ssim": 0.887866199016571}
{"task": "denoise25", "name": "0039", "psnr": 29.33650848698997, "ssim": 0.7240157127380371}
{"task": "denoise25", "name": "0040", "psnr": 30.59992846670079, "ssim": 0.8625266551971436}
{"task": "denoise25", "name": "0041", "psnr": 30.964762904281592, "ssim": 0.8586727976799011}
{"task": "denoise25", "name": "0042", "psnr": 34.952846584540524, "ssim": 0.939685046672821}
{"task": "denoise25", "name": "0043", "psnr": 30.207485647645022, "ssim": 0.8837907314300537}
{"task": "denoise25", "name": "0044", "psnr": 31.91316404227241, "ssim": 0.8684432506561279}
{"task": "denoise25", "name": "0045", "psnr": 32.43282054147946, "ssim": 0.9177360534667969}
{"task": "denoise25", "name": "0046", "psnr": 30.220373113533036, "ssim": 0.916759192943573}
{"task": "denoise25", "name": "0047", "psnr": 35.41680468968474, "ssim": 0.9080783724784851}
{"task": "denoise25", "name": "0048", "psnr": 28.99621252677527, "ssim": 0.8740894794464111}
{"task": "denoise25", "name": "0049", "psnr": 28.946645491300117, "ssim": 0.8823469281196594}
{"task": "denoise25", "name": "0050", "psnr": 33.251511850316774, "ssim": 0.8581449389457703}
{"task": "denoise25", "name": "0051", "psnr": 29.218356438126044, "ssim": 0.8686878085136414}
{"task": "denoise25", "name": "0052", "psnr": 30.79528104419051, "ssim": 0.8746132850646973}
{"task": "denoise25", "name": "0053", "psnr": 33.70296363285581, "ssim": 0.8710868954658508}
{"task": "denoise25", "name": "0054", "psnr": 32.95605492244129, "ssim": 0.8387579917907715}
{"task": "denoise25", "name": "0055", "psnr": 31.48706693266137, "ssim": 0.8855999112129211}
{"task": "denoise25", "name": "0056", "psnr": 29.923195433023835, "ssim": 0.8716993927955627}
{"task": "denoise25", "name": "0057", "psnr": 26.674672850545882, "ssim": 0.8901927471160889}
{"task": "denoise25", "name": "0058", "psnr": 30.395104382728235, "ssim": 0.8924699425697327}
{"task": "denoise25", "name": "0059", "psnr": 32.47099117394387, "ssim": 0.8413665890693665}
{"task": "denoise25", "name": "0060", "psnr": 32.100057181132655, "ssim": 0.8463655114173889}
{"task": "denoise25", "name": "0061", "psnr": 32.754347395364334, "ssim": 0.8517991900444031}
{"task": "denoise25", "name": "0062", "psnr": 32.33406236198959, "ssim": 0.8552080988883972}
{"task": "denoise25", "name": "0063", "psnr": 35.80942603113816, "ssim": 0.9486124515533447}
{"task": "denoise25", "name": "0064", "psnr": 28.983255029818295, "ssim": 0.903995931148529}
{"task": "denoise25", "name": "0065", "psnr": 29.02567091476937, "ssim": 0.8377025127410889}
{"task": "denoise25", "name": "0066", "psnr": 30.789964126531192, "ssim": 0.8782340884208679}
{"task": "denoise25", "name": "0067", "psnr": 28.900940585928318, "ssim": 0.923048734664917}
{"task": "denoise50", "name": "0000", "psnr": 37.117944289850364, "ssim": 0.9567062258720398}
{"task": "denoise50", "name": "0001", "psnr": 26.752670165471795, "ssim": 0.7501387596130371}
{"task": "denoise50", "name": "0002", "psnr": 31.941929081957067, "ssim": 0.8376577496528625}
{"task": "denoise50", "name": "0003", "psnr": 27.43526937576653, "ssim": 0.7633861899375916}
{"task": "denoise50", "name": "0004", "psnr": 27.14041990296671, "ssim": 0.7719209790229797}
{"task": "denoise50", "name": "0005", "psnr": 28.416772828760134, "ssim": 0.7645387053489685}
{"task": "denoise50", "name": "0006", "psnr": 28.073439028610565, "ssim": 0.8935105204582214}
{"task": "denoise50", "name": "0007", "psnr": 23.79675564408018, "ssim": 0.8326932787895203}
{"task": "denoise50", "name": "0008", "psnr": 24.998162448970078, "ssim": 0.7005223631858826}
{"task": "denoise50", "name": "0009", "psnr": 29.013285147282378, "ssim": 0.8476521372795105}
{"task": "denoise50", "name": "0010", "psnr": 28.837800617703508, "ssim": 0.8433582782745361}
{"task": "denoise50", "name": "0011", "psnr": 29.474860799195515, "ssim": 0.8222671151161194}
{"task": "denoise50", "name": "0012", "psnr": 26.431596790408754, "ssim": 0.7838706970214844}
{"task": "denoise50", "name": "0013", "psnr": 32.00681704330783, "ssim": 0.879168689250946}
{"task": "denoise50", "name": "0014", "psnr": 27.409842882586965, "ssim": 0.7817714214324951}
{"task": "denoise50", "name": "0015", "psnr": 25.142349871716885, "ssim": 0.7213628888130188}
{"task": "denoise50", "name": "0016", "psnr": 28.002583369500293, "ssim": 0.806463897228241}
{"task": "denoise50", "name": "0017", "psnr": 28.62976607629345, "ssim": 0.7872646450996399}
{"task": "denoise50", "name": "0018", "psnr": 27.76241783059224, "ssim": 0.8510940074920654}
{"task": "denoise50", "name": "0019", "psnr": 28.614723677877475, "ssim": 0.7983332276344299}
{"task": "denoise50", "name": "0020", "psnr": 29.64370637954541, "ssim": 0.8289985656738281}
{"task": "denoise50", "name": "0021", "psnr": 26.339130102164866, "ssim": 0.7571242451667786}
{"task": "denoise50", "name": "0022", "psnr": 26.890921015557588, "ssim": 0.8325519561767578}
{"task": "denoise50", "name": "0023", "psnr": 31.73750177550355, "ssim": 0.8705658912658691}
{"task": "denoise50", "name": "0024", "psnr": 27.204913049213786, "ssim": 0.7658231854438782}
{"task": "denoise50", "name": "0025", "psnr": 27.63847676980607, "ssim": 0.8068421483039856}
{"task": "denoise50", "name": "0026", "psnr": 25.088602534234678, "ssim": 0.8345672488212585}
{"task": "denoise50", "name": "0027", "psnr": 26.044389538482065, "ssim": 0.7771565318107605}
{"task": "denoise50", "name": "0028", "psnr": 27.43698311822552, "ssim": 0.8277245163917542}
{"task": "denoise50", "name": "0029", "psnr": 27.543809103790856, "ssim": 0.8278870582580566}
{"task": "denoise50", "name": "0030", "psnr": 28.40711862933954, "ssim": 0.89288729429245}
{"task": "denoise50", "name": "0031", "psnr": 28.786985460710174, "ssim": 0.7941166758537292}
{"task": "denoise50", "name": "0032", "psnr": 31.95270008796673, "ssim": 0.8475062847137451}
{"task": "denoise50", "name": "0033", "psnr": 23.415553539294628, "ssim": 0.7989754676818848}
{"task": "denoise50", "name": "0034", "psnr": 28.727525048832018, "ssim": 0.7630637288093567}
{"task": "denoise50", "name": "0035", "psnr": 23.47751568176482, "ssim": 0.776986837387085}
{"task": "denoise50", "name": "0036", "psnr": 25.5513598631984, "ssim": 0.7904312014579773}
{"task": "denoise50", "name": "0037", "psnr": 26.879328855673677, "ssim": 0.8769374489784241}
{"task": "denoise50", "name": "0038", "psnr": 32.6149235477873, "ssim": 0.8491433262825012}
{"task": "denoise50", "name": "0039", "psnr": 27.210882521464793, "ssim": 0.5249989628791809}
{"task": "denoise50", "name": "0040", "psnr": 27.78346854423404, "ssim": 0.7468383312225342}
{"task": "denoise50", "name": "0041", "psnr": 27.732784349269743, "ssim": 0.7369492650032043}
{"task": "denoise50", "name": "0042", "psnr": 31.459116430620533, "ssim": 0.8908884525299072}
{"task": "denoise50", "name": "0043", "psnr": 26.834357807790795, "ssim": 0.7735901474952698}
{"task": "denoise50", "name": "0044", "psnr": 28.635065772096283, "ssim": 0.7790263295173645}
{"task": "denoise50", "name": "0045", "psnr": 28.846024148904206, "ssim": 0.8493094444274902}
{"task": "denoise50", "name": "0046", "psnr": 26.50630861835915, "ssim": 0.8184234499931335}
{"task": "denoise50", "name": "0047", "psnr": 32.6456274277565, "ssim": 0.8446722030639648}
{"task": "denoise50", "name": "0048", "psnr": 25.409340820405433, "ssim": 0.7582314014434814}
{"task": "denoise50", "name": "0049", "psnr": 25.515451457999653, "ssim": 0.7573676109313965}
{"task": "denoise50", "name": "0050", "psnr": 30.70346421382687, "ssim": 0.7916423678398132}
{"task": "denoise50", "name": "0051", "psnr": 25.97215663632982, "ssim": 0.7509966492652893}
{"task": "denoise50", "name": "0052", "psnr": 27.38875105342633, "ssim": 0.7713527679443359}
{"task": "denoise50", "name": "0053", "psnr": 31.168049094758036, "ssim": 0.801203727722168}
{"task": "denoise50", "name": "0054", "psnr": 30.489836253957712, "ssim": 0.7398646473884583}
{"task": "denoise50", "name": "0055", "psnr": 28.200587318366942, "ssim": 0.7993349432945251}
{"task": "denoise50", "name": "0056", "psnr": 26.499302254636778, "ssim": 0.756009578704834}
{"task": "denoise50", "name": "0057", "psnr": 22.915664927205256, "ssim": 0.735952615737915}
{"task": "denoise50", "name": "0058", "psnr": 27.28052062883076, "ssim": 0.7876010537147522}
{"task": "denoise50", "name": "0059", "psnr": 30.177789443735627, "ssim": 0.7582570910453796}
{"task": "denoise50", "name": "0060", "psnr": 29.56118890793328, "ssim": 0.7538635730743408}
{"task": "denoise50", "name": "0061", "psnr": 30.1086090528347, "ssim": 0.7675947546958923}
{"task": "denoise50", "name": "0062", "psnr": 29.133343648370726, "ssim": 0.7610228657722473}
{"task": "denoise50", "name": "0063", "psnr": 32.57797117535836, "ssim": 0.9228673577308655}
{"task": "denoise50", "name": "0064", "psnr": 25.31688504003987, "ssim": 0.7878778576850891}
{"task": "denoise50", "name": "0065", "psnr": 25.976491400602274, "ssim": 0.6951003074645996}
{"task": "denoise50", "name": "0066", "psnr": 27.6264548721924, "ssim": 0.787418782711029}
{"task": "denoise50", "name": "0067", "psnr": 25.065102071014383, "ssim": 0.831852376461029}
{"task": "derain", "name": "1", "psnr": 37.46511827346635, "ssim": 0.9789794087409973}
{"task": "derain", "name": "10", "psnr": 38.57912941780095, "ssim": 0.9865198135375977}
{"task": "derain", "name": "100", "psnr": 33.50711063335824, "ssim": 0.9623343348503113}
{"task": "derain", "name": "11", "psnr": 37.01406490599765, "ssim": 0.9698996543884277}
{"task": "derain", "name": "12", "psnr": 38.5103506404075, "ssim": 0.9811738133430481}
{"task": "derain", "name": "13", "psnr": 39.92449946374879, "ssim": 0.9809713363647461}
{"task": "derain", "name": "14", "psnr": 38.52190934083782, "ssim": 0.9809446334838867}
{"task": "derain", "name": "15", "psnr": 40.17993836862908, "ssim": 0.9754319787025452}
{"task": "derain", "name": "16", "psnr": 33.49104102007753, "ssim": 0.9726755023002625}
{"task": "derain", "name": "17", "psnr": 42.66460821592409, "ssim": 0.9901807904243469}
{"task": "derain", "name": "18", "psnr": 40.447798212284084, "ssim": 0.9767234921455383}
{"task": "derain", "name": "19", "psnr": 34.43784890458909, "ssim": 0.9720878601074219}
{"task": "derain", "name": "2", "psnr": 37.81629034215809, "ssim": 0.9629769921302795}
{"task": "derain", "name": "20", "psnr": 36.80750954496774, "ssim": 0.9788476824760437}
{"task": "derain", "name": "21", "psnr": 40.413705552162085, "ssim": 0.9852201342582703}
{"task": "derain", "name": "22", "psnr": 37.34033344201955, "ssim": 0.9820383191108704}
{"task": "derain", "name": "23", "psnr": 39.41832874516754, "ssim": 0.981960117816925}
{"task": "derain", "name": "24", "psnr": 22.75355279790993, "ssim": 0.9263213276863098}
{"task": "derain", "name": "25", "psnr": 32.35609633903451, "ssim": 0.9607958793640137}
{"task": "derain", "name": "26", "psnr": 36.23220496600102, "ssim": 0.9856846332550049}
{"task": "derain", "name": "27", "psnr": 37.501748531877276, "ssim": 0.9819309711456299}
{"task": "derain", "name": "28", "psnr": 31.063654461806173, "ssim": 0.9735588431358337}
{"task": "derain", "name": "29", "psnr": 41.66336136813392, "ssim": 0.985974133014679}
{"task": "derain", "name": "3", "psnr": 40.16979775433082, "ssim": 0.9947526454925537}
{"task": "derain", "name": "30", "psnr": 38.48716363527076, "ssim": 0.9825735688209534}
{"task": "derain", "name": "31", "psnr": 41.142347887818616, "ssim": 0.9923407435417175}
{"task": "derain", "name": "32", "psnr": 40.00767946857521, "ssim": 0.9835426807403564}
{"task": "derain", "name": "33", "psnr": 39.23219360329082, "ssim": 0.9853296279907227}
{"task": "derain", "name": "34", "psnr": 35.280144987011724, "ssim": 0.9732336401939392}
{"task": "derain", "name": "35", "psnr": 36.05517287703483, "ssim": 0.9631171822547913}
{"task": "derain", "name": "36", "psnr": 39.27234399290862, "ssim": 0.9851527214050293}
{"task": "derain", "name": "37", "psnr": 34.90270395962014, "ssim": 0.9728579521179199}
{"task": "derain", "name": "38", "psnr": 39.34367205556291, "ssim": 0.9894692897796631}
{"task": "derain", "name": "39", "psnr": 37.836301412867556, "ssim": 0.9855225682258606}
{"task": "derain", "name": "4", "psnr": 39.56891571348278, "ssim": 0.994425356388092}
{"task": "derain", "name": "40", "psnr": 38.50964255400173, "ssim": 0.9824972152709961}
{"task": "derain", "name": "41", "psnr": 35.98325239127838, "ssim": 0.9759860038757324}
{"task": "derain", "name": "42", "psnr": 35.26749791853202, "ssim": 0.9718042016029358}
{"task": "derain", "name": "43", "psnr": 39.341829708807865, "ssim": 0.9851399064064026}
{"task": "derain", "name": "44", "psnr": 36.59481652567762, "ssim": 0.9853515028953552}
{"task": "derain", "name": "45", "psnr": 39.976331284551456, "ssim": 0.9926699995994568}
{"task": "derain", "name": "46", "psnr": 36.71200303666191, "ssim": 0.9884266257286072}
{"task": "derain", "name": "47", "psnr": 38.04558427492748, "ssim": 0.9791294932365417}
{"task": "derain", "name": "48", "psnr": 38.88233484660435, "ssim": 0.9774093627929688}
{"task": "derain", "name": "49", "psnr": 38.1516030353611, "ssim": 0.9828284382820129}
{"task": "derain", "name": "5", "psnr": 37.860435349047926, "ssim": 0.9703798294067383}
{"task": "derain", "name": "50", "psnr": 42.39671897270951, "ssim": 0.9858953356742859}
{"task": "derain", "name": "51", "psnr": 33.25725575320371, "ssim": 0.9756278395652771}
{"task": "derain", "name": "52", "psnr": 38.09637270359408, "ssim": 0.9745328426361084}
{"task": "derain", "name": "53", "psnr": 34.07236258644877, "ssim": 0.963486909866333}
{"task": "derain", "name": "54", "psnr": 43.082602925463725, "ssim": 0.9930881857872009}
{"task": "derain", "name": "55", "psnr": 31.857173445808673, "ssim": 0.9642283320426941}
{"task": "derain", "name": "56", "psnr": 34.89835134351996, "ssim": 0.9683383107185364}
{"task": "derain", "name": "57", "psnr": 34.47441964386218, "ssim": 0.9727620482444763}
{"task": "derain", "name": "58", "psnr": 34.604492420182176, "ssim": 0.9716646075248718}
{"task": "derain", "name": "59", "psnr": 34.15531194394368, "ssim": 0.9783701300621033}
{"task": "derain", "name": "6", "psnr": 34.59412862921058, "ssim": 0.9731709957122803}
{"task": "derain", "name": "60", "psnr": 42.936552800315795, "ssim": 0.9893048405647278}
{"task": "derain", "name": "61", "psnr": 34.29999804938609, "ssim": 0.9628570675849915}
{"task": "derain", "name": "62", "psnr": 37.623214592964295, "ssim": 0.9803967475891113}
{"task": "derain", "name": "63", "psnr": 34.6581956712494, "ssim": 0.9785661697387695}
{"task": "derain", "name": "64", "psnr": 38.749418304556, "ssim": 0.9732314944267273}
{"task": "derain", "name": "65", "psnr": 32.00188371643589, "ssim": 0.9658070206642151}
{"task": "derain", "name": "66", "psnr": 41.42757203754161, "ssim": 0.9833745956420898}
{"task": "derain", "name": "67", "psnr": 36.746945984022595, "ssim": 0.984130322933197}
{"task": "derain", "name": "68", "psnr": 38.7962279029907, "ssim": 0.9851943850517273}
{"task": "derain", "name": "69", "psnr": 38.36425464499514, "ssim": 0.9859458804130554}
{"task": "derain", "name": "7", "psnr": 34.48185376004143, "ssim": 0.9620566964149475}
{"task": "derain", "name": "70", "psnr": 37.41373137082002, "ssim": 0.9794518947601318}
{"task": "derain", "name": "71", "psnr": 38.16476907153123, "ssim": 0.9769530892372131}
{"task": "derain", "name": "72", "psnr": 47.54995922852515, "ssim": 0.9942802786827087}
{"task": "derain", "name": "73", "psnr": 35.16232229683788, "ssim": 0.9680665135383606}
{"task": "derain", "name": "74", "psnr": 42.0289725836482, "ssim": 0.9908166527748108}
{"task": "derain", "name": "75", "psnr": 34.752559450183824, "ssim": 0.9752180576324463}
{"task": "derain", "name": "76", "psnr": 35.20677433078977, "ssim": 0.9732778668403625}
{"task": "derain", "name": "77", "psnr": 37.98975419717247, "ssim": 0.9844872355461121}
{"task": "derain", "name": "78", "psnr": 43.67796502993069, "ssim": 0.9827257990837097}
{"task": "derain", "name": "79", "psnr": 40.7634818653493, "ssim": 0.9782793521881104}
{"task": "derain", "name": "8", "psnr": 36.372798412184245, "ssim": 0.9672134518623352}
{"task": "derain", "name": "80", "psnr": 41.056816380129966, "ssim": 0.986212432384491}
{"task": "derain", "name": "81", "psnr": 40.545692743769244, "ssim": 0.9942951798439026}
{"task": "derain", "name": "82", "psnr": 35.49125734686291, "ssim": 0.9839176535606384}
{"task": "derain", "name": "83", "psnr": 41.08628295746392, "ssim": 0.9814023971557617}
{"task": "derain", "name": "84", "psnr": 33.53879291091151, "ssim": 0.9768931269645691}
{"task": "derain", "name": "85", "psnr": 34.30883113283216, "ssim": 0.9902739524841309}
{"task": "derain", "name": "86", "psnr": 37.853231653551774, "ssim": 0.9872312545776367}
{"task": "derain", "name": "87", "psnr": 36.02978781495602, "ssim": 0.9749440550804138}
{"task": "derain", "name": "88", "psnr": 37.03368880430818, "ssim": 0.9754486083984375}
{"task": "derain", "name": "89", "psnr": 43.706825685777495, "ssim": 0.9822425246238708}
{"task": "derain", "name": "9", "psnr": 36.79669711285139, "ssim": 0.9827370047569275}
{"task": "derain", "name": "90", "psnr": 39.20559308637691, "ssim": 0.9872362017631531}
{"task": "derain", "name": "91", "psnr": 37.144094889950175, "ssim": 0.9770865440368652}
{"task": "derain", "name": "92", "psnr": 35.36551183033729, "ssim": 0.9860509037971497}
{"task": "derain", "name": "93", "psnr": 33.430414948934846, "ssim": 0.9774757027626038}
{"task": "derain", "name": "94", "psnr": 36.85406553282749, "ssim": 0.970916748046875}
{"task": "derain", "name": "95", "psnr": 36.85486835282533, "ssim": 0.9527761340141296}
{"task": "derain", "name": "96", "psnr": 38.832169772171625, "ssim": 0.9802712798118591}
{"task": "derain", "name": "97", "psnr": 36.31897953380773, "ssim": 0.9828316569328308}
{"task": "derain", "name": "98", "psnr": 42.32270504950459, "ssim": 0.9893724918365479}
{"task": "derain", "name": "99", "psnr": 30.788669864199978, "ssim": 0.9723715782165527}
{"task": "dehaze", "name": "0001_0.8_0.2", "psnr": 32.951505599348906, "ssim": 0.9891595840454102}
{"task": "dehaze", "name": "0002_0.8_0.08", "psnr": 23.174575471102305, "ssim": 0.9513632655143738}
{"task": "dehaze", "name": "0003_0.8_0.2", "psnr": 36.32205739699665, "ssim": 0.9904003739356995}
{"task": "dehaze", "name": "0004_0.9_0.12", "psnr": 39.260917496649, "ssim": 0.9925315380096436}
{"task": "dehaze", "name": "0006_0.85_0.08", "psnr": 32.811936932694316, "ssim": 0.99041348695755}
{"task": "dehaze", "name": "0007_0.9_0.16", "psnr": 28.665628170898753, "ssim": 0.9835271835327148}
{"task": "dehaze", "name": "0009_0.8_0.16", "psnr": 29.83400756103538, "ssim": 0.9752646088600159}
{"task": "dehaze", "name": "0010_0.95_0.16", "psnr": 30.265285121484197, "ssim": 0.9728517532348633}
{"task": "dehaze", "name": "0011_0.95_0.16", "psnr": 30.965809494352776, "ssim": 0.9667668342590332}
{"task": "dehaze", "name": "0014_0.8_0.12", "psnr": 21.711078599965038, "ssim": 0.9716833233833313}
{"task": "dehaze", "name": "0016_0.8_0.08", "psnr": 26.098953209386377, "ssim": 0.977783739566803}
{"task": "dehaze", "name": "0017_0.9_0.08", "psnr": 38.27720151022665, "ssim": 0.9934479594230652}
{"task": "dehaze", "name": "0018_0.9_0.2", "psnr": 34.25464177907553, "ssim": 0.9887409806251526}
{"task": "dehaze", "name": "0019_0.8_0.16", "psnr": 27.376327489204936, "ssim": 0.9810821413993835}
{"task": "dehaze", "name": "0021_0.8_0.08", "psnr": 26.16336998878451, "ssim": 0.9822656512260437}
{"task": "dehaze", "name": "0022_0.8_0.08", "psnr": 21.05261200378772, "ssim": 0.9469180703163147}
{"task": "dehaze", "name": "0023_0.85_0.12", "psnr": 27.097875745028958, "ssim": 0.9378239512443542}
{"task": "dehaze", "name": "0024_0.85_0.08", "psnr": 34.124207340698106, "ssim": 0.9792307019233704}
{"task": "dehaze", "name": "0025_0.8_0.16", "psnr": 34.89561434446349, "ssim": 0.9870885014533997}
{"task": "dehaze", "name": "0026_0.95_0.08", "psnr": 34.90738607300005, "ssim": 0.9894594550132751}
{"task": "dehaze", "name": "0029_0.85_0.08", "psnr": 30.72486958934161, "ssim": 0.9856395125389099}
{"task": "dehaze", "name": "0030_0.95_0.12", "psnr": 34.49573628001693, "ssim": 0.9905080199241638}
{"task": "dehaze", "name": "0033_0.85_0.08", "psnr": 29.74053214132871, "ssim": 0.9858627915382385}
{"task": "dehaze", "name": "0034_0.9_0.16", "psnr": 26.174005271545575, "ssim": 0.9663634896278381}
{"task": "dehaze", "name": "0036_1_0.08", "psnr": 23.171450924110502, "ssim": 0.960982620716095}
{"task": "dehaze", "name": "0039_0.9_0.2", "psnr": 34.191249659612765, "ssim": 0.9836924076080322}
{"task": "dehaze", "name": "0040_1_0.08", "psnr": 35.403144703900956, "ssim": 0.9931542873382568}
{"task": "dehaze", "name": "0042_0.8_0.2", "psnr": 30.422351669606243, "ssim": 0.985081672668457}
{"task": "dehaze", "name": "0045_0.8_0.16", "psnr": 23.37191031629125, "ssim": 0.9767007231712341}
{"task": "dehaze", "name": "0046_0.9_0.16", "psnr": 30.263487785709362, "ssim": 0.9800850749015808}
{"task": "dehaze", "name": "0047_0.9_0.12", "psnr": 36.73503790456091, "ssim": 0.992968738079071}
{"task": "dehaze", "name": "0048_0.9_0.2", "psnr": 25.279326760512994, "ssim": 0.9824581742286682}
{"task": "dehaze", "name": "0049_0.85_0.12", "psnr": 31.17338458353376, "ssim": 0.9933695793151855}
{"task": "dehaze", "name": "0051_0.8_0.2", "psnr": 34.77919312864008, "ssim": 0.9879353642463684}
{"task": "dehaze", "name": "0051_0.95_0.12", "psnr": 37.54448442118932, "ssim": 0.9905024170875549}
{"task": "dehaze", "name": "0052_0.9_0.16", "psnr": 25.718469959727067, "ssim": 0.9708085060119629}
{"task": "dehaze", "name": "0053_0.9_0.12", "psnr": 28.65359349414737, "ssim": 0.9750189781188965}
{"task": "dehaze", "name": "0054_0.85_0.16", "psnr": 37.03601453576149, "ssim": 0.987957775592804}
{"task": "dehaze", "name": "0055_0.85_0.12", "psnr": 36.9970651890874, "ssim": 0.9919137954711914}
{"task": "dehaze", "name": "0056_0.8_0.16", "psnr": 31.452074358254833, "ssim": 0.9892584681510925}
{"task": "dehaze", "name": "0057_0.8_0.12", "psnr": 26.832208513860543, "ssim": 0.9876477122306824}
{"task": "dehaze", "name": "0058_0.8_0.2", "psnr": 33.2626442213883, "ssim": 0.9856074452400208}
{"task": "dehaze", "name": "0059_0.9_0.12", "psnr": 30.04649366753654, "ssim": 0.9875141978263855}
{"task": "dehaze", "name": "0060_0.9_0.2", "psnr": 29.9867186783395, "ssim": 0.9748454689979553}
{"task": "dehaze", "name": "0061_0.8_0.2", "psnr": 29.077642210298855, "ssim": 0.9783551692962646}
{"task": "dehaze", "name": "0062_0.9_0.2", "psnr": 27.370077547302543, "ssim": 0.9738326072692871}
{"task": "dehaze", "name": "0063_0.8_0.16", "psnr": 23.211406279036318, "ssim": 0.9691856503486633}
{"task": "dehaze", "name": "0064_0.8_0.2", "psnr": 31.172273186334067, "ssim": 0.9772448539733887}
{"task": "dehaze", "name": "0065_0.9_0.12", "psnr": 31.470177599601755, "ssim": 0.9901483058929443}
{"task": "dehaze", "name": "0066_1_0.08", "psnr": 37.267713040305864, "ssim": 0.9948700070381165}
{"task": "dehaze", "name": "0068_1_0.16", "psnr": 26.100033578298852, "ssim": 0.9710676670074463}
{"task": "dehaze", "name": "0069_0.9_0.16", "psnr": 25.920503012138603, "ssim": 0.9591233730316162}
{"task": "dehaze", "name": "0070_0.9_0.12", "psnr": 30.775849054914758, "ssim": 0.9888336062431335}
{"task": "dehaze", "name": "0071_0.8_0.2", "psnr": 30.497601234409167, "ssim": 0.9841869473457336}
{"task": "dehaze", "name": "0072_0.9_0.2", "psnr": 29.5859697580023, "ssim": 0.9797122478485107}
{"task": "dehaze", "name": "0073_0.8_0.16", "psnr": 34.68248117188705, "ssim": 0.9604048132896423}
{"task": "dehaze", "name": "0074_0.8_0.2", "psnr": 33.137809049054674, "ssim": 0.9619512557983398}
{"task": "dehaze", "name": "0075_0.8_0.2", "psnr": 25.64640613630654, "ssim": 0.9773829579353333}
{"task": "dehaze", "name": "0076_0.8_0.2", "psnr": 24.024240385742264, "ssim": 0.9658830165863037}
{"task": "dehaze", "name": "0076_1_0.16", "psnr": 23.995307897438714, "ssim": 0.9665217399597168}
{"task": "dehaze", "name": "0077_0.8_0.2", "psnr": 32.49356983642903, "ssim": 0.9750064015388489}
{"task": "dehaze", "name": "0079_0.8_0.12", "psnr": 31.205064788242574, "ssim": 0.9908847212791443}
{"task": "dehaze", "name": "0081_0.8_0.2", "psnr": 21.664035622442803, "ssim": 0.9720156192779541}
{"task": "dehaze", "name": "0082_0.85_0.16", "psnr": 33.38446350265925, "ssim": 0.9885217547416687}
{"task": "dehaze", "name": "0083_0.85_0.12", "psnr": 30.1059557144063, "ssim": 0.9883432984352112}
{"task": "dehaze", "name": "0084_0.95_0.16", "psnr": 34.09022840927416, "ssim": 0.9869697690010071}
{"task": "dehaze", "name": "0085_0.95_0.08", "psnr": 36.24177680537406, "ssim": 0.9864895939826965}
{"task": "dehaze", "name": "0086_0.8_0.2", "psnr": 34.44421433791359, "ssim": 0.9771801829338074}
{"task": "dehaze", "name": "0086_0.95_0.12", "psnr": 36.13206933883785, "ssim": 0.9828565716743469}
{"task": "dehaze", "name": "0087_0.9_0.16", "psnr": 32.81515160270701, "ssim": 0.9864396452903748}
{"task": "dehaze", "name": "0088_0.9_0.12", "psnr": 33.40017189310005, "ssim": 0.9897913336753845}
{"task": "dehaze", "name": "0089_0.9_0.2", "psnr": 27.876273035016833, "ssim": 0.9733497500419617}
{"task": "dehaze", "name": "0090_0.85_0.12", "psnr": 30.456323555959397, "ssim": 0.990942656993866}
{"task": "dehaze", "name": "0091_0.85_0.2", "psnr": 22.1805700833282, "ssim": 0.9614474773406982}
{"task": "dehaze", "name": "0092_0.85_0.2", "psnr": 31.013504838569148, "ssim": 0.9835464954376221}
{"task": "dehaze", "name": "0093_0.8_0.08", "psnr": 18.120756837215826, "ssim": 0.9284858703613281}
{"task": "dehaze", "name": "0094_0.8_0.2", "psnr": 26.640955548119365, "ssim": 0.9777420163154602}
{"task": "dehaze", "name": "0095_0.8_0.08", "psnr": 30.04022023441466, "ssim": 0.9869552254676819}
{"task": "dehaze", "name": "0096_0.8_0.2", "psnr": 35.15285579809834, "ssim": 0.9897919297218323}
{"task": "dehaze", "name": "0097_0.85_0.08", "psnr": 33.982170423418204, "ssim": 0.9933576583862305}
{"task": "dehaze", "name": "0098_0.85_0.2", "psnr": 30.830156052180264, "ssim": 0.9838373064994812}
{"task": "dehaze", "name": "0099_0.9_0.16", "psnr": 32.14574661399866, "ssim": 0.98659747838974}
{"task": "dehaze", "name": "0100_0.9_0.12", "psnr": 23.716074299409854, "ssim": 0.9647600650787354}
{"task": "dehaze", "name": "0101_0.9_0.08", "psnr": 38.508761979355896, "ssim": 0.9922991394996643}
{"task": "dehaze", "name": "0102_0.85_0.12", "psnr": 30.377783137702792, "ssim": 0.9838917851448059}
{"task": "dehaze", "name": "0104_0.95_0.12", "psnr": 29.522111939898004, "ssim": 0.980069637298584}
{"task": "dehaze", "name": "0105_0.95_0.2", "psnr": 23.756994660911744, "ssim": 0.9590039253234863}
{"task": "dehaze", "name": "0106_0.9_0.08", "psnr": 20.236143196319016, "ssim": 0.9537131190299988}
{"task": "dehaze", "name": "0107_0.9_0.08", "psnr": 29.00495132245544, "ssim": 0.9906153678894043}
{"task": "dehaze", "name": "0108_0.8_0.16", "psnr": 33.81138077652063, "ssim": 0.970535933971405}
{"task": "dehaze", "name": "0108_1_0.2", "psnr": 28.44413698030593, "ssim": 0.949308454990387}
{"task": "dehaze", "name": "0109_0.85_0.08", "psnr": 30.070978404846326, "ssim": 0.989509105682373}
{"task": "dehaze", "name": "0110_0.8_0.12", "psnr": 34.449752712517096, "ssim": 0.9909501671791077}
{"task": "dehaze", "name": "0111_0.8_0.2", "psnr": 34.01088880516562, "ssim": 0.9810738563537598}
{"task": "dehaze", "name": "0112_0.8_0.2", "psnr": 20.817050468623822, "ssim": 0.9662367701530457}
{"task": "dehaze", "name": "0113_0.9_0.08", "psnr": 40.638569580823386, "ssim": 0.9889617562294006}
{"task": "dehaze", "name": "0115_0.8_0.12", "psnr": 31.484750945464484, "ssim": 0.9864900708198547}
{"task": "dehaze", "name": "0116_0.9_0.16", "psnr": 28.44303501371559, "ssim": 0.9821548461914062}
{"task": "dehaze", "name": "0117_0.9_0.12", "psnr": 26.087024428392876, "ssim": 0.9842212200164795}
{"task": "dehaze", "name": "0118_0.9_0.2", "psnr": 25.347905194188428, "ssim": 0.9649733901023865}
{"task": "dehaze", "name": "0119_0.85_0.12", "psnr": 29.36739505760441, "ssim": 0.9862666726112366}
{"task": "dehaze", "name": "0120_0.85_0.08", "psnr": 31.46577313295074, "ssim": 0.9891346096992493}
{"task": "dehaze", "name": "0121_0.85_0.2", "psnr": 34.31105943754462, "ssim": 0.9865103363990784}
{"task": "dehaze", "name": "0123_1_0.08", "psnr": 38.61879123145499, "ssim": 0.9886086583137512}
{"task": "dehaze", "name": "0125_0.8_0.12", "psnr": 26.74272778178331, "ssim": 0.9848776459693909}
{"task": "dehaze", "name": "0126_0.8_0.2", "psnr": 30.42307138371616, "ssim": 0.9847490787506104}
{"task": "dehaze", "name": "0127_0.8_0.2", "psnr": 23.400473493717055, "ssim": 0.9784274101257324}
{"task": "dehaze", "name": "0129_0.8_0.16", "psnr": 36.33284237473723, "ssim": 0.9907109141349792}
{"task": "dehaze", "name": "0131_0.95_0.08", "psnr": 26.26873425587954, "ssim": 0.9772720336914062}
{"task": "dehaze", "name": "0132_1_0.08", "psnr": 26.68292440384851, "ssim": 0.9820972084999084}
{"task": "dehaze", "name": "0133_1_0.2", "psnr": 25.12459470219618, "ssim": 0.9569454193115234}
{"task": "dehaze", "name": "0134_0.95_0.16", "psnr": 29.733333666308003, "ssim": 0.9675214290618896}
{"task": "dehaze", "name": "0135_0.95_0.12", "psnr": 26.71698607468185, "ssim": 0.9656837582588196}
{"task": "dehaze", "name": "0137_0.8_0.2", "psnr": 28.717332830123162, "ssim": 0.9806365966796875}
{"task": "dehaze", "name": "0138_0.9_0.08", "psnr": 34.87859720940418, "ssim": 0.9849905371665955}
{"task": "dehaze", "name": "0139_0.85_0.12", "psnr": 31.722119060043585, "ssim": 0.9834875464439392}
{"task": "dehaze", "name": "0140_0.95_0.12", "psnr": 31.47807364016995, "ssim": 0.9855902791023254}
{"task": "dehaze", "name": "0141_0.95_0.12", "psnr": 33.06437570267116, "ssim": 0.9855623245239258}
{"task": "dehaze", "name": "0142_0.95_0.08", "psnr": 34.65807523267443, "ssim": 0.9904658198356628}
{"task": "dehaze", "name": "0143_1_0.2", "psnr": 28.9539127115213, "ssim": 0.9646421074867249}
{"task": "dehaze", "name": "0145_0.8_0.12", "psnr": 18.45732820745893, "ssim": 0.9055456519126892}
{"task": "dehaze", "name": "0146_0.8_0.2", "psnr": 25.63540944754187, "ssim": 0.9597927927970886}
{"task": "dehaze", "name": "0147_1_0.16", "psnr": 32.034164237700246, "ssim": 0.9797346591949463}
{"task": "dehaze", "name": "0148_0.9_0.12", "psnr": 32.93458931078373, "ssim": 0.9507879614830017}
{"task": "dehaze", "name": "0149_0.9_0.08", "psnr": 36.55990125087215, "ssim": 0.9860429763793945}
{"task": "dehaze", "name": "0150_0.8_0.16", "psnr": 17.281701190656605, "ssim": 0.9174923896789551}
{"task": "dehaze", "name": "0151_0.8_0.08", "psnr": 26.90624895143801, "ssim": 0.9822930693626404}
{"task": "dehaze", "name": "0152_0.8_0.2", "psnr": 23.727751896757006, "ssim": 0.9678866863250732}
{"task": "dehaze", "name": "0153_0.8_0.08", "psnr": 30.548903057165447, "ssim": 0.9779603481292725}
{"task": "dehaze", "name": "0154_0.8_0.2", "psnr": 23.23631462992615, "ssim": 0.9668620228767395}
{"task": "dehaze", "name": "0155_1_0.08", "psnr": 29.524529305466352, "ssim": 0.9890556335449219}
{"task": "dehaze", "name": "0157_0.8_0.08", "psnr": 31.947832569441296, "ssim": 0.9908682703971863}
{"task": "dehaze", "name": "0158_0.8_0.2", "psnr": 23.34775851565583, "ssim": 0.9607756733894348}
{"task": "dehaze", "name": "0160_0.9_0.2", "psnr": 16.889754131342528, "ssim": 0.8511199951171875}
{"task": "dehaze", "name": "0161_0.85_0.08", "psnr": 18.196837997244536, "ssim": 0.9150366187095642}
{"task": "dehaze", "name": "0162_0.95_0.12", "psnr": 20.738411840965078, "ssim": 0.9487423896789551}
{"task": "dehaze", "name": "0163_0.95_0.08", "psnr": 29.901328218331898, "ssim": 0.9900358319282532}
{"task": "dehaze", "name": "0164_0.9_0.2", "psnr": 29.74425240287271, "ssim": 0.9777882695198059}
{"task": "dehaze", "name": "0165_0.9_0.2", "psnr": 28.084993198545174, "ssim": 0.97037273645401}
{"task": "dehaze", "name": "0166_0.8_0.16", "psnr": 24.258324036480538, "ssim": 0.9685681462287903}
{"task": "dehaze", "name": "0167_0.8_0.12", "psnr": 25.35270104089645, "ssim": 0.9729055762290955}
{"task": "dehaze", "name": "0168_0.9_0.16", "psnr": 26.673301934981342, "ssim": 0.9650714993476868}
{"task": "dehaze", "name": "0169_0.9_0.12", "psnr": 35.32601207689166, "ssim": 0.9825863838195801}
{"task": "dehaze", "name": "0170_0.8_0.2", "psnr": 25.809198534187278, "ssim": 0.9687061309814453}
{"task": "dehaze", "name": "0171_0.85_0.12", "psnr": 35.43487273495664, "ssim": 0.9887089133262634}
{"task": "dehaze", "name": "0172_0.85_0.08", "psnr": 39.04293712649478, "ssim": 0.9938366413116455}
{"task": "dehaze", "name": "0174_0.95_0.08", "psnr": 33.11171196794029, "ssim": 0.9924941658973694}
{"task": "dehaze", "name": "0175_0.85_0.16", "psnr": 34.20435908813693, "ssim": 0.986109733581543}
{"task": "dehaze", "name": "0176_1_0.08", "psnr": 37.19217348915473, "ssim": 0.9897449612617493}
{"task": "dehaze", "name": "0178_0.8_0.12", "psnr": 32.9279331753522, "ssim": 0.9889791011810303}
{"task": "dehaze", "name": "0179_0.8_0.2", "psnr": 33.152227350188895, "ssim": 0.9848792552947998}
{"task": "dehaze", "name": "0180_0.85_0.16", "psnr": 31.677081731513677, "ssim": 0.9899498820304871}
{"task": "dehaze", "name": "0181_0.9_0.08", "psnr": 35.79226818469906, "ssim": 0.9927909970283508}
{"task": "dehaze", "name": "0182_0.8_0.16", "psnr": 25.382630140451287, "ssim": 0.9728559851646423}
{"task": "dehaze", "name": "0183_0.8_0.16", "psnr": 36.70949635920049, "ssim": 0.9858755469322205}
{"task": "dehaze", "name": "0184_0.95_0.12", "psnr": 33.42068503102097, "ssim": 0.99345463514328}
{"task": "dehaze", "name": "0185_1_0.16", "psnr": 23.180730358377343, "ssim": 0.9518723487854004}
{"task": "dehaze", "name": "0187_0.9_0.2", "psnr": 31.606603194228242, "ssim": 0.9864701628684998}
{"task": "dehaze", "name": "0188_0.85_0.08", "psnr": 27.44565099395206, "ssim": 0.9844799041748047}
{"task": "dehaze", "name": "0189_0.85_0.2", "psnr": 33.794093047987374, "ssim": 0.9722558856010437}
{"task": "dehaze", "name": "0191_1_0.08", "psnr": 36.62893838590583, "ssim": 0.9899459481239319}
{"task": "dehaze", "name": "0194_1_0.2", "psnr": 31.175575756502823, "ssim": 0.9563627243041992}
{"task": "dehaze", "name": "0195_1_0.08", "psnr": 33.744848108668265, "ssim": 0.9876747727394104}
{"task": "dehaze", "name": "0196_0.9_0.2", "psnr": 33.85994000622516, "ssim": 0.9854558110237122}
{"task": "dehaze", "name": "0197_0.8_0.16", "psnr": 37.313083776232595, "ssim": 0.9877660274505615}
{"task": "dehaze", "name": "0198_0.95_0.12", "psnr": 30.505047016097855, "ssim": 0.9785645604133606}
{"task": "dehaze", "name": "0199_1_0.16", "psnr": 33.59908792937999, "ssim": 0.9874486923217773}
{"task": "dehaze", "name": "0200_1_0.12", "psnr": 33.737545845662254, "ssim": 0.9846809506416321}
{"task": "dehaze", "name": "0201_1_0.08", "psnr": 38.093531549721725, "ssim": 0.9856954216957092}
{"task": "dehaze", "name": "0202_0.85_0.12", "psnr": 33.86618845415087, "ssim": 0.9862099289894104}
{"task": "dehaze", "name": "0204_0.8_0.08", "psnr": 31.960209110715716, "ssim": 0.991916835308075}
{"task": "dehaze", "name": "0205_1_0.16", "psnr": 30.539085821952323, "ssim": 0.981193482875824}
{"task": "dehaze", "name": "0206_1_0.12", "psnr": 31.186461195514973, "ssim": 0.988396942615509}
{"task": "dehaze", "name": "0207_1_0.08", "psnr": 32.760504827504946, "ssim": 0.987529456615448}
{"task": "dehaze", "name": "0208_0.8_0.16", "psnr": 34.18547741655371, "ssim": 0.9920818209648132}
{"task": "dehaze", "name": "0209_0.85_0.08", "psnr": 31.60210759904036, "ssim": 0.9837353825569153}
{"task": "dehaze", "name": "0210_0.85_0.2", "psnr": 30.62346704426337, "ssim": 0.9842662215232849}
{"task": "dehaze", "name": "0212_0.9_0.2", "psnr": 29.2972116065408, "ssim": 0.9850020408630371}
{"task": "dehaze", "name": "0213_1_0.2", "psnr": 29.761768195138355, "ssim": 0.9536151885986328}
{"task": "dehaze", "name": "0215_0.8_0.08", "psnr": 34.46088741137774, "ssim": 0.9762926697731018}
{"task": "dehaze", "name": "0216_1_0.12", "psnr": 25.060779066324468, "ssim": 0.979108989238739}
{"task": "dehaze", "name": "0217_1_0.2", "psnr": 35.14416389712673, "ssim": 0.9875543117523193}
{"task": "dehaze", "name": "0218_0.9_0.2", "psnr": 30.483572311030564, "ssim": 0.9871129989624023}
{"task": "dehaze", "name": "0219_0.85_0.08", "psnr": 23.57246331237269, "ssim": 0.9739223122596741}
{"task": "dehaze", "name": "0220_0.85_0.2", "psnr": 19.896117043821985, "ssim": 0.9470247626304626}
{"task": "dehaze", "name": "0222_0.85_0.16", "psnr": 27.480415872713415, "ssim": 0.980035126209259}
{"task": "dehaze", "name": "0223_0.95_0.16", "psnr": 26.26904089406038, "ssim": 0.9797460436820984}
{"task": "dehaze", "name": "0225_0.8_0.2", "psnr": 28.54332270185393, "ssim": 0.9768481850624084}
{"task": "dehaze", "name": "0226_0.8_0.2", "psnr": 21.24258370699632, "ssim": 0.9706540107727051}
{"task": "dehaze", "name": "0228_1_0.2", "psnr": 29.565188101416368, "ssim": 0.9714751839637756}
{"task": "dehaze", "name": "0230_0.9_0.16", "psnr": 17.61674822921441, "ssim": 0.8852537274360657}
{"task": "dehaze", "name": "0233_0.8_0.12", "psnr": 29.908548461867994, "ssim": 0.9920096397399902}
{"task": "dehaze", "name": "0235_0.9_0.08", "psnr": 29.926300562898348, "ssim": 0.9770899415016174}
{"task": "dehaze", "name": "0237_0.8_0.12", "psnr": 29.873012015680263, "ssim": 0.986262321472168}
{"task": "dehaze", "name": "0238_0.8_0.2", "psnr": 30.59093772642713, "ssim": 0.9805374145507812}
{"task": "dehaze", "name": "0239_0.8_0.2", "psnr": 20.195523395983372, "ssim": 0.9567787647247314}
{"task": "dehaze", "name": "0240_1_0.08", "psnr": 32.534658425791825, "ssim": 0.986242949962616}
{"task": "dehaze", "name": "0242_0.8_0.12", "psnr": 26.334491958350487, "ssim": 0.9819681644439697}
{"task": "dehaze", "name": "0243_0.8_0.08", "psnr": 22.157965518537395, "ssim": 0.9440978169441223}
{"task": "dehaze", "name": "0244_0.9_0.12", "psnr": 34.880487391495905, "ssim": 0.9874503016471863}
{"task": "dehaze", "name": "0245_1_0.2", "psnr": 28.61008306176844, "ssim": 0.9778911471366882}
{"task": "dehaze", "name": "0246_0.85_0.12", "psnr": 32.57726366029668, "ssim": 0.9792278409004211}
{"task": "dehaze", "name": "0248_0.8_0.08", "psnr": 31.36881482655774, "ssim": 0.9666642546653748}
{"task": "dehaze", "name": "0249_1_0.12", "psnr": 32.473883504710855, "ssim": 0.9838929176330566}
{"task": "dehaze", "name": "0251_0.8_0.16", "psnr": 32.89132439301399, "ssim": 0.9792547821998596}
{"task": "dehaze", "name": "0253_0.8_0.2", "psnr": 21.015100684586947, "ssim": 0.9584546089172363}
{"task": "dehaze", "name": "0253_1_0.16", "psnr": 25.051682865569, "ssim": 0.9699521064758301}
{"task": "dehaze", "name": "0255_0.85_0.08", "psnr": 39.42042144941974, "ssim": 0.9911203980445862}
{"task": "dehaze", "name": "0256_0.95_0.16", "psnr": 28.5701815798939, "ssim": 0.9513384699821472}
{"task": "dehaze", "name": "0258_0.8_0.2", "psnr": 37.22933422891162, "ssim": 0.9847311973571777}
{"task": "dehaze", "name": "0259_0.9_0.08", "psnr": 39.96589894864965, "ssim": 0.9857023358345032}
{"task": "dehaze", "name": "0260_0.9_0.2", "psnr": 38.22614078425605, "ssim": 0.9878962635993958}
{"task": "dehaze", "name": "0261_0.85_0.08", "psnr": 34.17355902086233, "ssim": 0.9833562970161438}
{"task": "dehaze", "name": "0262_0.95_0.12", "psnr": 36.3622177033855, "ssim": 0.9798784852027893}
{"task": "dehaze", "name": "0263_0.95_0.08", "psnr": 31.83244670282921, "ssim": 0.980573832988739}
{"task": "dehaze", "name": "0264_0.95_0.2", "psnr": 20.96111850913061, "ssim": 0.9398216605186462}
{"task": "dehaze", "name": "0266_0.8_0.12", "psnr": 24.528727128793513, "ssim": 0.9673108458518982}
{"task": "dehaze", "name": "0267_0.9_0.16", "psnr": 21.798869363261776, "ssim": 0.9469544291496277}
{"task": "dehaze", "name": "0268_0.9_0.16", "psnr": 31.854462418054514, "ssim": 0.9833845496177673}
{"task": "dehaze", "name": "0269_0.95_0.2", "psnr": 19.167055679195357, "ssim": 0.9378042221069336}
{"task": "dehaze", "name": "0270_0.85_0.16", "psnr": 29.302963417853665, "ssim": 0.9793326258659363}
{"task": "dehaze", "name": "0271_0.85_0.12", "psnr": 30.012437288990974, "ssim": 0.9684579968452454}
{"task": "dehaze", "name": "0272_0.85_0.08", "psnr": 27.807460765457478, "ssim": 0.985015332698822}
{"task": "dehaze", "name": "0273_0.85_0.2", "psnr": 17.516664786845617, "ssim": 0.911108672618866}
{"task": "dehaze", "name": "0274_0.95_0.12", "psnr": 21.49767588159834, "ssim": 0.9611079692840576}
{"task": "dehaze", "name": "0275_1_0.16", "psnr": 35.32824752033199, "ssim": 0.9862305521965027}
{"task": "dehaze", "name": "0276_1_0.12", "psnr": 31.644384047965595, "ssim": 0.9734694361686707}
{"task": "dehaze", "name": "0277_1_0.08", "psnr": 36.5642456128176, "ssim": 0.9868473410606384}
{"task": "dehaze", "name": "0279_0.8_0.12", "psnr": 26.07517870095645, "ssim": 0.986398458480835}
{"task": "dehaze", "name": "0280_0.9_0.16", "psnr": 27.242324557438124, "ssim": 0.9758610725402832}
{"task": "dehaze", "name": "0281_0.9_0.12", "psnr": 26.288325873673184, "ssim": 0.9798323512077332}
{"task": "dehaze", "name": "0282_0.85_0.16", "psnr": 32.11359142246383, "ssim": 0.9906706809997559}
{"task": "dehaze", "name": "0283_0.85_0.12", "psnr": 31.202703298217887, "ssim": 0.9860542416572571}
{"task": "dehaze", "name": "0284_0.8_0.16", "psnr": 36.46769889020413, "ssim": 0.9924275279045105}
{"task": "dehaze", "name": "0285_0.85_0.2", "psnr": 36.24840686741931, "ssim": 0.9915102124214172}
{"task": "dehaze", "name": "0286_0.8_0.08", "psnr": 22.022730944339553, "ssim": 0.9629109501838684}
{"task": "dehaze", "name": "0287_0.8_0.2", "psnr": 24.711893497807786, "ssim": 0.9781997203826904}
{"task": "dehaze", "name": "0287_0.95_0.08", "psnr": 36.93488564625443, "ssim": 0.9914728999137878}
{"task": "dehaze", "name": "0288_0.95_0.2", "psnr": 34.72529186229857, "ssim": 0.9841352105140686}
{"task": "dehaze", "name": "0290_0.85_0.08", "psnr": 31.891650127891996, "ssim": 0.988701343536377}
{"task": "dehaze", "name": "0291_0.95_0.12", "psnr": 19.03897564181419, "ssim": 0.9096148610115051}
{"task": "dehaze", "name": "0292_1_0.16", "psnr": 21.38464396349582, "ssim": 0.9420892596244812}
{"task": "dehaze", "name": "0294_1_0.2", "psnr": 28.078855735997884, "ssim": 0.9749253392219543}
{"task": "dehaze", "name": "0295_0.85_0.08", "psnr": 36.122355060624585, "ssim": 0.9898145198822021}
{"task": "dehaze", "name": "0296_0.95_0.12", "psnr": 34.70156867390041, "ssim": 0.9888128638267517}
{"task": "dehaze", "name": "0297_0.95_0.08", "psnr": 36.47257942303106, "ssim": 0.9910836219787598}
{"task": "dehaze", "name": "0298_1_0.12", "psnr": 38.89813744973778, "ssim": 0.994983434677124}
{"task": "dehaze", "name": "0299_0.9_0.08", "psnr": 31.508571197345226, "ssim": 0.9874849319458008}
{"task": "dehaze", "name": "0300_1_0.2", "psnr": 18.293156568776563, "ssim": 0.8985762000083923}
{"task": "dehaze", "name": "0302_0.9_0.16", "psnr": 21.38071178656196, "ssim": 0.9612687230110168}
{"task": "dehaze", "name": "0303_0.9_0.12", "psnr": 24.024485592244265, "ssim": 0.972930908203125}
{"task": "dehaze", "name": "0304_0.9_0.08", "psnr": 31.653303744004425, "ssim": 0.9872265458106995}
{"task": "dehaze", "name": "0305_0.9_0.2", "psnr": 27.190386666529534, "ssim": 0.97291499376297}
{"task": "dehaze", "name": "0306_0.8_0.16", "psnr": 24.57424478335696, "ssim": 0.9721911549568176}
{"task": "dehaze", "name": "0307_0.8_0.12", "psnr": 25.507332596204655, "ssim": 0.9737817645072937}
{"task": "dehaze", "name": "0308_1_0.16", "psnr": 30.135368112439018, "ssim": 0.9884755611419678}
{"task": "dehaze", "name": "0309_1_0.08", "psnr": 24.258265272607858, "ssim": 0.9716609120368958}
{"task": "dehaze", "name": "0311_0.8_0.16", "psnr": 26.279076390544596, "ssim": 0.9785658717155457}
{"task": "dehaze", "name": "0312_0.8_0.12", "psnr": 30.51009122540892, "ssim": 0.9912093281745911}
{"task": "dehaze", "name": "0313_0.8_0.2", "psnr": 31.006529659813648, "ssim": 0.9902456402778625}
{"task": "dehaze", "name": "0314_0.9_0.12", "psnr": 29.04526574084381, "ssim": 0.9795241355895996}
{"task": "dehaze", "name": "0315_0.85_0.16", "psnr": 30.335637883871563, "ssim": 0.9848726391792297}
{"task": "dehaze", "name": "0316_0.85_0.12", "psnr": 36.0435394364193, "ssim": 0.9911195635795593}
{"task": "dehaze", "name": "0317_0.85_0.08", "psnr": 32.530343526104765, "ssim": 0.9876127243041992}
{"task": "dehaze", "name": "0318_0.85_0.2", "psnr": 28.762072468883133, "ssim": 0.956028163433075}
{"task": "dehaze", "name": "0319_0.9_0.16", "psnr": 33.53533168561049, "ssim": 0.9861660599708557}
{"task": "dehaze", "name": "0320_0.9_0.08", "psnr": 37.81563752925938, "ssim": 0.991008996963501}
{"task": "dehaze", "name": "0320_1_0.16", "psnr": 32.28307081353456, "ssim": 0.982025682926178}
{"task": "dehaze", "name": "0321_1_0.12", "psnr": 34.50645055231641, "ssim": 0.9709928631782532}
{"task": "dehaze", "name": "0323_0.8_0.16", "psnr": 26.667473794839026, "ssim": 0.9745445251464844}
{"task": "dehaze", "name": "0324_0.8_0.12", "psnr": 32.3546423281459, "ssim": 0.9904153943061829}
{"task": "dehaze", "name": "0325_0.9_0.16", "psnr": 20.71749678983672, "ssim": 0.9515530467033386}
{"task": "dehaze", "name": "0326_0.9_0.12", "psnr": 23.171275468586057, "ssim": 0.969189465045929}
{"task": "dehaze", "name": "0327_1_0.08", "psnr": 32.78699733773457, "ssim": 0.989494800567627}
{"task": "dehaze", "name": "0329_0.8_0.12", "psnr": 33.74681846004367, "ssim": 0.9870423674583435}
{"task": "dehaze", "name": "0330_0.8_0.08", "psnr": 37.58903486466138, "ssim": 0.99287348985672}
{"task": "dehaze", "name": "0330_0.95_0.12", "psnr": 34.05816461624728, "ssim": 0.9903745055198669}
{"task": "dehaze", "name": "0331_0.95_0.12", "psnr": 30.837990733619478, "ssim": 0.9885990619659424}
{"task": "dehaze", "name": "0332_0.95_0.08", "psnr": 30.685366023376623, "ssim": 0.9843087196350098}
{"task": "dehaze", "name": "0333_0.95_0.2", "psnr": 21.648553604622, "ssim": 0.9576944708824158}
{"task": "dehaze", "name": "0334_1_0.08", "psnr": 34.65751002876564, "ssim": 0.9887686371803284}
{"task": "dehaze", "name": "0335_1_0.2", "psnr": 15.440553862962354, "ssim": 0.8428606986999512}
{"task": "dehaze", "name": "0337_0.8_0.08", "psnr": 16.929985920713474, "ssim": 0.90519779920578}
{"task": "dehaze", "name": "0338_0.9_0.12", "psnr": 21.976949515826178, "ssim": 0.9697344899177551}
{"task": "dehaze", "name": "0340_0.85_0.08", "psnr": 30.290682464216992, "ssim": 0.9814052581787109}
{"task": "dehaze", "name": "0341_0.85_0.2", "psnr": 23.836618355350083, "ssim": 0.9588696956634521}
{"task": "dehaze", "name": "0342_0.95_0.08", "psnr": 34.31374856438065, "ssim": 0.9852959513664246}
{"task": "dehaze", "name": "0343_0.95_0.2", "psnr": 32.12052886156217, "ssim": 0.9846041798591614}
{"task": "dehaze", "name": "0344_0.85_0.16", "psnr": 35.038776572181696, "ssim": 0.9900808334350586}
{"task": "dehaze", "name": "0345_0.85_0.12", "psnr": 32.48061411820916, "ssim": 0.9809436798095703}
{"task": "dehaze", "name": "0346_0.95_0.16", "psnr": 33.56542896272821, "ssim": 0.9865776896476746}
{"task": "dehaze", "name": "0348_0.8_0.2", "psnr": 37.00271032002019, "ssim": 0.9669874310493469}
{"task": "dehaze", "name": "0349_0.9_0.08", "psnr": 35.11767131320512, "ssim": 0.9895157217979431}
{"task": "dehaze", "name": "0350_0.85_0.12", "psnr": 32.29111391459555, "ssim": 0.9818889498710632}
{"task": "dehaze", "name": "0351_0.95_0.16", "psnr": 30.931428933991135, "ssim": 0.9896867871284485}
{"task": "dehaze", "name": "0353_0.9_0.12", "psnr": 37.89881559320447, "ssim": 0.9876255393028259}
{"task": "dehaze", "name": "0354_0.9_0.08", "psnr": 34.59585560717699, "ssim": 0.9867295622825623}
{"task": "dehaze", "name": "0355_0.85_0.12", "psnr": 33.611208964834965, "ssim": 0.9865205883979797}
{"task": "dehaze", "name": "0356_0.85_0.08", "psnr": 36.50001849606909, "ssim": 0.9890692234039307}
{"task": "dehaze", "name": "0357_0.95_0.12", "psnr": 33.58516089711871, "ssim": 0.9810615181922913}
{"task": "dehaze", "name": "0359_0.85_0.16", "psnr": 35.71867700071499, "ssim": 0.9854843020439148}
{"task": "dehaze", "name": "0361_0.85_0.2", "psnr": 31.93385451113453, "ssim": 0.988016664981842}
{"task": "dehaze", "name": "0362_0.95_0.08", "psnr": 36.04153429399102, "ssim": 0.9931666254997253}
{"task": "dehaze", "name": "0364_0.85_0.12", "psnr": 29.115594647971083, "ssim": 0.9737970232963562}
{"task": "dehaze", "name": "0366_0.9_0.16", "psnr": 28.612441317883555, "ssim": 0.9844098091125488}
{"task": "dehaze", "name": "0369_0.85_0.2", "psnr": 35.99974944721782, "ssim": 0.9745855331420898}
{"task": "dehaze", "name": "0371_0.9_0.08", "psnr": 34.06047073899894, "ssim": 0.9837620258331299}
{"task": "dehaze", "name": "0372_0.85_0.12", "psnr": 38.652358865628955, "ssim": 0.9887325763702393}
{"task": "dehaze", "name": "0375_0.85_0.16", "psnr": 34.51313536362956, "ssim": 0.9904863238334656}
{"task": "dehaze", "name": "0380_0.85_0.2", "psnr": 30.841229265961285, "ssim": 0.976902961730957}
{"task": "dehaze", "name": "0382_0.9_0.08", "psnr": 34.44793114582205, "ssim": 0.992112934589386}
{"task": "dehaze", "name": "0383_0.9_0.2", "psnr": 33.63055090532757, "ssim": 0.9815995097160339}
{"task": "dehaze", "name": "0385_0.8_0.08", "psnr": 41.77819334030909, "ssim": 0.9889004826545715}
{"task": "dehaze", "name": "0386_1_0.12", "psnr": 34.029758517865005, "ssim": 0.9849250912666321}
{"task": "dehaze", "name": "0388_0.95_0.16", "psnr": 36.18700019409525, "ssim": 0.9824851155281067}
{"task": "dehaze", "name": "0390_0.9_0.12", "psnr": 33.12874152012306, "ssim": 0.9834138751029968}
{"task": "dehaze", "name": "0391_1_0.08", "psnr": 34.109512881013345, "ssim": 0.9869691729545593}
{"task": "dehaze", "name": "0392_1_0.2", "psnr": 31.859342323501497, "ssim": 0.9871487617492676}
{"task": "dehaze", "name": "0393_1_0.2", "psnr": 26.554014106908646, "ssim": 0.9838821291923523}
{"task": "dehaze", "name": "0395_0.95_0.08", "psnr": 33.53499278907638, "ssim": 0.9913679957389832}
{"task": "dehaze", "name": "0397_0.85_0.12", "psnr": 18.147703495704377, "ssim": 0.9195271134376526}
{"task": "dehaze", "name": "0399_0.8_0.08", "psnr": 28.557246347074884, "ssim": 0.9784347414970398}
{"task": "dehaze", "name": "0400_0.9_0.12", "psnr": 29.612876818479425, "ssim": 0.9836395382881165}
{"task": "dehaze", "name": "0402_0.8_0.16", "psnr": 32.296777113260795, "ssim": 0.9844385981559753}
{"task": "dehaze", "name": "0404_0.8_0.2", "psnr": 25.665519309362118, "ssim": 0.9754387736320496}
{"task": "dehaze", "name": "0405_1_0.08", "psnr": 27.259628903460346, "ssim": 0.9818925857543945}
{"task": "dehaze", "name": "0406_1_0.2", "psnr": 25.79032414572574, "ssim": 0.9786424040794373}
{"task": "dehaze", "name": "0407_0.95_0.16", "psnr": 24.281807400082084, "ssim": 0.9689507484436035}
{"task": "dehaze", "name": "0409_1_0.12", "psnr": 32.774589661585374, "ssim": 0.9884306788444519}
{"task": "dehaze", "name": "0411_0.95_0.16", "psnr": 33.608833753734345, "ssim": 0.9899852871894836}
{"task": "dehaze", "name": "0413_0.95_0.2", "psnr": 22.730627476010614, "ssim": 0.9478921890258789}
{"task": "dehaze", "name": "1001_0.8_0.16", "psnr": 34.994907729238825, "ssim": 0.985664427280426}
{"task": "dehaze", "name": "1002_1_0.16", "psnr": 35.17742347524467, "ssim": 0.9895753264427185}
{"task": "dehaze", "name": "1005_0.8_0.12", "psnr": 20.218388667639672, "ssim": 0.9447937607765198}
{"task": "dehaze", "name": "1006_1_0.16", "psnr": 18.974507995447397, "ssim": 0.9383360743522644}
{"task": "dehaze", "name": "1007_0.95_0.08", "psnr": 36.086154237889616, "ssim": 0.9895946383476257}
{"task": "dehaze", "name": "1008_0.9_0.12", "psnr": 36.65583261582276, "ssim": 0.9885072708129883}
{"task": "dehaze", "name": "1009_0.85_0.12", "psnr": 30.129622922633637, "ssim": 0.986961305141449}
{"task": "dehaze", "name": "1010_0.85_0.08", "psnr": 33.16021902773998, "ssim": 0.9912376403808594}
{"task": "dehaze", "name": "1011_0.95_0.12", "psnr": 30.731729229651734, "ssim": 0.9823392033576965}
{"task": "dehaze", "name": "1012_0.95_0.08", "psnr": 32.45095196003165, "ssim": 0.9889888167381287}
{"task": "dehaze", "name": "1015_0.8_0.12", "psnr": 24.03258518342478, "ssim": 0.9725866317749023}
{"task": "dehaze", "name": "1016_0.9_0.16", "psnr": 33.39474715766578, "ssim": 0.9837794303894043}
{"task": "dehaze", "name": "1018_0.85_0.12", "psnr": 23.240568087093795, "ssim": 0.9719088077545166}
{"task": "dehaze", "name": "1020_0.95_0.08", "psnr": 16.91123296576223, "ssim": 0.927280604839325}
{"task": "dehaze", "name": "1022_0.85_0.12", "psnr": 18.634237660437634, "ssim": 0.9039341807365417}
{"task": "dehaze", "name": "1027_0.8_0.08", "psnr": 31.724705450660707, "ssim": 0.9720208048820496}
{"task": "dehaze", "name": "1030_0.95_0.12", "psnr": 24.545190087769665, "ssim": 0.9637789726257324}
{"task": "dehaze", "name": "1034_0.9_0.16", "psnr": 29.325225555920902, "ssim": 0.9753706455230713}
{"task": "dehaze", "name": "1037_0.8_0.12", "psnr": 19.934639690074192, "ssim": 0.9418694376945496}
{"task": "dehaze", "name": "1038_1_0.16", "psnr": 18.94045769815619, "ssim": 0.9158312678337097}
{"task": "dehaze", "name": "1040_1_0.2", "psnr": 28.117052180577915, "ssim": 0.9760916233062744}
{"task": "dehaze", "name": "1042_0.95_0.08", "psnr": 37.300546244183515, "ssim": 0.9911053776741028}
{"task": "dehaze", "name": "1044_0.85_0.12", "psnr": 28.098052103909005, "ssim": 0.9379041790962219}
{"task": "dehaze", "name": "1046_0.9_0.16", "psnr": 35.70933179386547, "ssim": 0.9851746559143066}
{"task": "dehaze", "name": "1048_0.9_0.2", "psnr": 35.82816169316515, "ssim": 0.985532820224762}
{"task": "dehaze", "name": "1050_0.8_0.08", "psnr": 38.17894487424042, "ssim": 0.9878177642822266}
{"task": "dehaze", "name": "1051_1_0.12", "psnr": 37.70398315475849, "ssim": 0.9900367856025696}
{"task": "dehaze", "name": "1053_0.95_0.16", "psnr": 30.834755533547376, "ssim": 0.9876515865325928}
{"task": "dehaze", "name": "1055_0.95_0.2", "psnr": 34.13142239349889, "ssim": 0.9912514686584473}
{"task": "dehaze", "name": "1057_0.95_0.16", "psnr": 29.263303972790236, "ssim": 0.9853033423423767}
{"task": "dehaze", "name": "1059_0.95_0.2", "psnr": 29.09623944569011, "ssim": 0.9804254174232483}
{"task": "dehaze", "name": "1060_0.85_0.16", "psnr": 28.021330053491717, "ssim": 0.986311137676239}
{"task": "dehaze", "name": "1063_0.9_0.12", "psnr": 28.2938855345559, "ssim": 0.9845388531684875}
{"task": "dehaze", "name": "1709_0.95_0.08", "psnr": 32.799574939166284, "ssim": 0.9872673153877258}
{"task": "dehaze", "name": "1712_0.8_0.08", "psnr": 38.748889513558716, "ssim": 0.9914350509643555}
{"task": "dehaze", "name": "1713_1_0.08", "psnr": 41.21186465859549, "ssim": 0.9942951798439026}
{"task": "dehaze", "name": "1714_1_0.2", "psnr": 28.05136270813159, "ssim": 0.9348208904266357}
{"task": "dehaze", "name": "1716_0.95_0.12", "psnr": 35.00594933712745, "ssim": 0.9666164517402649}
{"task": "dehaze", "name": "1718_0.9_0.2", "psnr": 25.85101328329229, "ssim": 0.9713001847267151}
{"task": "dehaze", "name": "1722_0.95_0.16", "psnr": 38.82373610854111, "ssim": 0.9875801205635071}
{"task": "dehaze", "name": "1724_0.95_0.2", "psnr": 30.848369371907914, "ssim": 0.9823060035705566}
{"task": "dehaze", "name": "1726_0.85_0.12", "psnr": 31.593962212528226, "ssim": 0.9860065579414368}
{"task": "dehaze", "name": "1728_0.9_0.12", "psnr": 34.53651315812576, "ssim": 0.9884539246559143}
{"task": "dehaze", "name": "1730_0.85_0.08", "psnr": 34.29823787129817, "ssim": 0.9878425598144531}
{"task": "dehaze", "name": "1731_0.85_0.2", "psnr": 28.551611839116898, "ssim": 0.9815371036529541}
{"task": "dehaze", "name": "1732_0.95_0.2", "psnr": 25.468529561511204, "ssim": 0.9442903399467468}
{"task": "dehaze", "name": "1734_1_0.08", "psnr": 37.25809128475452, "ssim": 0.9912331700325012}
{"task": "dehaze", "name": "1736_0.8_0.08", "psnr": 37.470274504016906, "ssim": 0.9861745238304138}
{"task": "dehaze", "name": "1738_1_0.2", "psnr": 30.610198844548712, "ssim": 0.9776695370674133}
{"task": "dehaze", "name": "1741_0.85_0.16", "psnr": 27.805985828601184, "ssim": 0.9736354351043701}
{"task": "dehaze", "name": "1742_0.85_0.12", "psnr": 29.67303977304249, "ssim": 0.9858414530754089}
{"task": "dehaze", "name": "1743_0.85_0.08", "psnr": 33.836131962075775, "ssim": 0.9919247627258301}
{"task": "dehaze", "name": "1744_0.85_0.08", "psnr": 37.091261817529926, "ssim": 0.9904988408088684}
{"task": "dehaze", "name": "1747_0.8_0.16", "psnr": 25.60397170989518, "ssim": 0.9779987931251526}
{"task": "dehaze", "name": "1749_0.8_0.2", "psnr": 28.919583209024573, "ssim": 0.970938503742218}
{"task": "dehaze", "name": "1753_0.9_0.08", "psnr": 29.72693515832004, "ssim": 0.9864776730537415}
{"task": "dehaze", "name": "1756_0.9_0.12", "psnr": 25.42289371540141, "ssim": 0.9660852551460266}
{"task": "dehaze", "name": "1757_0.85_0.16", "psnr": 26.14838641654909, "ssim": 0.9792051315307617}
{"task": "dehaze", "name": "1759_0.8_0.12", "psnr": 29.239816626240312, "ssim": 0.959520161151886}
{"task": "dehaze", "name": "1760_1_0.16", "psnr": 28.75435461224239, "ssim": 0.9775285720825195}
{"task": "dehaze", "name": "1765_0.85_0.12", "psnr": 35.99535402043108, "ssim": 0.9912099838256836}
{"task": "dehaze", "name": "1771_1_0.08", "psnr": 29.953672241412246, "ssim": 0.9832951426506042}
{"task": "dehaze", "name": "1774_0.95_0.2", "psnr": 28.72439371031746, "ssim": 0.9698945879936218}
{"task": "dehaze", "name": "1778_0.9_0.08", "psnr": 23.84939978205899, "ssim": 0.9727162718772888}
{"task": "dehaze", "name": "1781_0.8_0.2", "psnr": 26.938829156172307, "ssim": 0.976900577545166}
{"task": "dehaze", "name": "1784_0.8_0.08", "psnr": 34.226140818020525, "ssim": 0.9930710792541504}
{"task": "dehaze", "name": "1790_1_0.16", "psnr": 36.60220823229935, "ssim": 0.9725256562232971}
{"task": "dehaze", "name": "1800_1_0.16", "psnr": 24.856483429929455, "ssim": 0.9777319431304932}
{"task": "dehaze", "name": "1805_0.85_0.12", "psnr": 30.723949059176224, "ssim": 0.9832800030708313}
{"task": "dehaze", "name": "1812_1_0.16", "psnr": 29.736834574073036, "ssim": 0.9580168128013611}
{"task": "dehaze", "name": "1815_1_0.2", "psnr": 33.47998005582349, "ssim": 0.9763194918632507}
{"task": "dehaze", "name": "1818_0.85_0.12", "psnr": 33.45426906197103, "ssim": 0.9883561730384827}
{"task": "dehaze", "name": "1821_0.8_0.08", "psnr": 39.48628088319311, "ssim": 0.9912858009338379}
{"task": "dehaze", "name": "1822_1_0.08", "psnr": 37.2685212916422, "ssim": 0.9896041750907898}
{"task": "dehaze", "name": "1824_0.95_0.08", "psnr": 37.1261389866305, "ssim": 0.9711169600486755}
{"task": "dehaze", "name": "1826_0.9_0.08", "psnr": 36.346856432601314, "ssim": 0.9900171756744385}
{"task": "dehaze", "name": "1828_0.85_0.08", "psnr": 43.17882921053056, "ssim": 0.9941512942314148}
{"task": "dehaze", "name": "1831_0.8_0.16", "psnr": 40.69114161635571, "ssim": 0.9924116134643555}
{"task": "dehaze", "name": "1832_0.95_0.08", "psnr": 41.51605524972689, "ssim": 0.9921687245368958}
{"task": "dehaze", "name": "1834_1_0.08", "psnr": 34.77036139784141, "ssim": 0.988032341003418}
{"task": "dehaze", "name": "1837_0.9_0.08", "psnr": 31.86264794085456, "ssim": 0.9847421050071716}
{"task": "dehaze", "name": "1839_0.8_0.12", "psnr": 36.158803023211725, "ssim": 0.9888208508491516}
{"task": "dehaze", "name": "1840_0.85_0.08", "psnr": 31.2111040996918, "ssim": 0.9912123680114746}
{"task": "dehaze", "name": "1843_0.8_0.12", "psnr": 30.41710718277201, "ssim": 0.9756844639778137}
{"task": "dehaze", "name": "1845_0.9_0.08", "psnr": 35.40756433085103, "ssim": 0.9890190958976746}
{"task": "dehaze", "name": "1846_0.9_0.08", "psnr": 28.02828597253339, "ssim": 0.9697626233100891}
{"task": "dehaze", "name": "1848_0.8_0.12", "psnr": 29.012178308534487, "ssim": 0.9820504784584045}
{"task": "dehaze", "name": "1849_1_0.12", "psnr": 27.538623753770473, "ssim": 0.9797723293304443}
{"task": "dehaze", "name": "1851_0.85_0.08", "psnr": 35.477564093736284, "ssim": 0.9822253584861755}
{"task": "dehaze", "name": "1852_0.85_0.08", "psnr": 40.072740916798, "ssim": 0.9831645488739014}
{"task": "dehaze", "name": "1853_0.85_0.08", "psnr": 37.95001514979741, "ssim": 0.993427574634552}
{"task": "dehaze", "name": "1855_0.9_0.08", "psnr": 40.687602557301815, "ssim": 0.9933720231056213}
{"task": "dehaze", "name": "1857_0.8_0.12", "psnr": 29.083732954570255, "ssim": 0.9822242259979248}
{"task": "dehaze", "name": "1858_0.95_0.08", "psnr": 27.919567021982473, "ssim": 0.9799375534057617}
{"task": "dehaze", "name": "1859_0.85_0.16", "psnr": 26.204036696000443, "ssim": 0.9843822121620178}
{"task": "dehaze", "name": "1861_0.85_0.2", "psnr": 23.180395949429315, "ssim": 0.957589864730835}
{"task": "dehaze", "name": "1862_0.8_0.12", "psnr": 29.62904378519735, "ssim": 0.9783480763435364}
{"task": "dehaze", "name": "1863_1_0.08", "psnr": 24.814753380706737, "ssim": 0.9789578318595886}
{"task": "dehaze", "name": "1865_0.85_0.08", "psnr": 26.581595023877483, "ssim": 0.9825699925422668}
{"task": "dehaze", "name": "1867_0.8_0.2", "psnr": 23.944701508573626, "ssim": 0.9718418717384338}
{"task": "dehaze", "name": "1868_1_0.08", "psnr": 39.49613138221182, "ssim": 0.9933918118476868}
{"task": "dehaze", "name": "1869_1_0.2", "psnr": 25.55050751723064, "ssim": 0.9861464500427246}
{"task": "dehaze", "name": "1871_0.95_0.08", "psnr": 37.03031321832592, "ssim": 0.9924643039703369}
{"task": "dehaze", "name": "1872_0.95_0.08", "psnr": 34.272526202226395, "ssim": 0.9916391968727112}
{"task": "dehaze", "name": "1873_0.85_0.16", "psnr": 32.454562699959496, "ssim": 0.9903790354728699}
{"task": "dehaze", "name": "1874_0.85_0.12", "psnr": 33.70791629662444, "ssim": 0.9875683784484863}
{"task": "dehaze", "name": "1875_0.85_0.08", "psnr": 37.960759078005886, "ssim": 0.9877707362174988}
{"task": "dehaze", "name": "1876_1_0.16", "psnr": 31.600144910592796, "ssim": 0.969362735748291}
{"task": "dehaze", "name": "1877_0.9_0.12", "psnr": 36.31348419112833, "ssim": 0.974071204662323}
{"task": "dehaze", "name": "1878_0.9_0.12", "psnr": 31.063294391947146, "ssim": 0.9841769337654114}
{"task": "dehaze", "name": "1879_0.9_0.08", "psnr": 37.02976304772471, "ssim": 0.9914174675941467}
{"task": "dehaze", "name": "1880_0.9_0.08", "psnr": 42.046329283424214, "ssim": 0.9955864548683167}
{"task": "dehaze", "name": "1881_0.8_0.16", "psnr": 28.042444571769455, "ssim": 0.9767177104949951}
{"task": "dehaze", "name": "1882_0.85_0.2", "psnr": 29.457806166458266, "ssim": 0.9858348369598389}
{"task": "dehaze", "name": "1883_0.8_0.12", "psnr": 29.817698298755474, "ssim": 0.9886989593505859}
{"task": "dehaze", "name": "1887_0.95_0.08", "psnr": 34.776238237823364, "ssim": 0.9916395545005798}
{"task": "dehaze", "name": "1889_0.85_0.08", "psnr": 41.99265715529627, "ssim": 0.989720344543457}
{"task": "dehaze", "name": "1891_0.9_0.16", "psnr": 34.672246339225445, "ssim": 0.9827816486358643}
{"task": "dehaze", "name": "1893_0.9_0.2", "psnr": 32.92058738315568, "ssim": 0.9746782183647156}
{"task": "dehaze", "name": "1896_0.9_0.08", "psnr": 32.76795797957857, "ssim": 0.9814512133598328}
{"task": "dehaze", "name": "1898_0.85_0.08", "psnr": 26.807885110468913, "ssim": 0.9818302989006042}
{"task": "dehaze", "name": "1899_0.8_0.08", "psnr": 35.98671494484902, "ssim": 0.9876532554626465}
{"task": "dehaze", "name": "1900_0.8_0.08", "psnr": 31.282958520275685, "ssim": 0.9878019690513611}
{"task": "dehaze", "name": "1903_0.95_0.08", "psnr": 34.35911505927195, "ssim": 0.9914031624794006}
{"task": "dehaze", "name": "1909_0.85_0.2", "psnr": 24.740227917674936, "ssim": 0.9714606404304504}
{"task": "dehaze", "name": "1913_0.95_0.08", "psnr": 35.98177243410119, "ssim": 0.9926014542579651}
{"task": "dehaze", "name": "1915_1_0.08", "psnr": 38.45685666741805, "ssim": 0.9911968111991882}
{"task": "dehaze", "name": "1917_0.95_0.2", "psnr": 31.51848813414511, "ssim": 0.9556387066841125}
{"task": "dehaze", "name": "1919_1_0.08", "psnr": 31.1188676306296, "ssim": 0.990828812122345}
{"task": "dehaze", "name": "1920_0.95_0.16", "psnr": 25.670488572998714, "ssim": 0.9813635349273682}
{"task": "dehaze", "name": "1921_0.95_0.08", "psnr": 36.106176460525305, "ssim": 0.9852972030639648}
{"task": "dehaze", "name": "1923_0.9_0.08", "psnr": 34.5713400100549, "ssim": 0.9877336621284485}
{"task": "dehaze", "name": "1924_0.85_0.12", "psnr": 28.73524747452947, "ssim": 0.9810234904289246}
{"task": "dehaze", "name": "1926_0.9_0.16", "psnr": 21.312708766922785, "ssim": 0.9422658085823059}
{"task": "dehaze", "name": "1927_0.9_0.08", "psnr": 23.067849649298676, "ssim": 0.9520313143730164}
{"task": "dehaze", "name": "1928_0.9_0.08", "psnr": 29.977159473876856, "ssim": 0.9894146919250488}
{"task": "dehaze", "name": "1930_0.8_0.08", "psnr": 30.146477362071813, "ssim": 0.9873929023742676}
{"task": "dehaze", "name": "1931_0.8_0.08", "psnr": 30.779921507894446, "ssim": 0.9880043864250183}
{"task": "dehaze", "name": "1932_0.8_0.2", "psnr": 23.814261760173885, "ssim": 0.9688589572906494}
{"task": "dehaze", "name": "1933_0.8_0.2", "psnr": 26.62591596308278, "ssim": 0.9811530113220215}
{"task": "dehaze", "name": "1934_1_0.08", "psnr": 33.92575095704434, "ssim": 0.9869528412818909}
{"task": "dehaze", "name": "1936_0.95_0.08", "psnr": 25.565063172659137, "ssim": 0.9797475934028625}
{"task": "dehaze", "name": "1938_0.85_0.12", "psnr": 30.44126512648495, "ssim": 0.9916747212409973}
{"task": "dehaze", "name": "1940_0.9_0.16", "psnr": 26.42433074883784, "ssim": 0.9881075024604797}
{"task": "dehaze", "name": "1942_0.85_0.08", "psnr": 33.352439305222646, "ssim": 0.9914857745170593}
{"task": "dehaze", "name": "1944_0.9_0.16", "psnr": 30.691366664104677, "ssim": 0.984633207321167}
{"task": "dehaze", "name": "1945_0.9_0.12", "psnr": 19.15602029682323, "ssim": 0.9336236119270325}
{"task": "dehaze", "name": "1947_0.8_0.16", "psnr": 22.770336162293063, "ssim": 0.9799676537513733}
{"task": "dehaze", "name": "1949_0.8_0.2", "psnr": 21.214268298740233, "ssim": 0.9738077521324158}
{"task": "dehaze", "name": "1950_1_0.08", "psnr": 36.67636575963703, "ssim": 0.9940729141235352}
{"task": "dehaze", "name": "1953_0.8_0.2", "psnr": 23.3524039674526, "ssim": 0.9727098345756531}
{"task": "dehaze", "name": "1954_1_0.08", "psnr": 33.33032036620551, "ssim": 0.989345371723175}
{"task": "dehaze", "name": "1956_0.8_0.12", "psnr": 29.099190194575236, "ssim": 0.9666184782981873}
{"task": "dehaze", "name": "1958_0.9_0.08", "psnr": 36.69378549896483, "ssim": 0.9973907470703125}
{"task": "dehaze", "name": "1960_0.85_0.2", "psnr": 33.72709393542961, "ssim": 0.9769182205200195}
{"task": "dehaze", "name": "1962_0.9_0.08", "psnr": 35.062768817224054, "ssim": 0.9907295107841492}
{"task": "dehaze", "name": "1964_0.85_0.2", "psnr": 31.95264698282031, "ssim": 0.9878581166267395}
{"task": "dehaze", "name": "1966_0.9_0.08", "psnr": 34.08992403518604, "ssim": 0.9880267977714539}
{"task": "dehaze", "name": "1968_0.8_0.12", "psnr": 27.08605924312245, "ssim": 0.9796730875968933}
{"task": "dehaze", "name": "1970_0.9_0.08", "psnr": 35.8325503280155, "ssim": 0.9902885556221008}
{"task": "dehaze", "name": "1971_1_0.08", "psnr": 36.20799799211574, "ssim": 0.9916963577270508}
{"task": "dehaze", "name": "1973_0.95_0.08", "psnr": 39.04855261201216, "ssim": 0.9920697212219238}
{"task": "dehaze", "name": "1975_0.85_0.12", "psnr": 34.57581792327324, "ssim": 0.9829163551330566}
{"task": "dehaze", "name": "1977_0.8_0.08", "psnr": 39.96329469724853, "ssim": 0.9937600493431091}
{"task": "dehaze", "name": "1981_0.8_0.2", "psnr": 34.208824097573356, "ssim": 0.986264169216156}
{"task": "dehaze", "name": "1982_1_0.08", "psnr": 38.00984524343838, "ssim": 0.9924795627593994}
{"task": "dehaze", "name": "1984_0.85_0.08", "psnr": 39.35346129821769, "ssim": 0.9931780695915222}
{"task": "dehaze", "name": "1986_0.9_0.08", "psnr": 33.51782785632628, "ssim": 0.9911460876464844}
{"task": "dehaze", "name": "1988_0.8_0.12", "psnr": 32.42288986183526, "ssim": 0.9853551983833313}
{
  "denoise15": {
    "psnr": 33.97706789208079,
    "ssim": 0.9332819791401133,
    "n": 68
  },
  "denoise25": {
    "psnr": 31.31218100113211,
    "ssim": 0.8885847680708941,
    "n": 68
  },
  "denoise50": {
    "psnr": 28.04590363038693,
    "ssim": 0.7969570633243112,
    "n": 68
  },
  "derain": {
    "psnr": 37.439573448353556,
    "ssim": 0.9786196058988571,
    "n": 100
  },
  "dehaze": {
    "psnr": 30.59468078801891,
    "ssim": 0.9778578605651855,
    "n": 500
  },
  "five_setting_mean": {
    "psnr": 32.27388135199446,
    "ssim": 0.9150602553998723
  }
}
